[2023-12-11T14:39:49.513+0000] {taskinstance.py:1165} INFO - Dependencies all met for <TaskInstance: producer.update_dataset manual__2023-12-11T14:39:48.888095+00:00 [queued]>
[2023-12-11T14:39:49.522+0000] {taskinstance.py:1165} INFO - Dependencies all met for <TaskInstance: producer.update_dataset manual__2023-12-11T14:39:48.888095+00:00 [queued]>
[2023-12-11T14:39:49.522+0000] {taskinstance.py:1362} INFO - 
--------------------------------------------------------------------------------
[2023-12-11T14:39:49.523+0000] {taskinstance.py:1363} INFO - Starting attempt 1 of 1
[2023-12-11T14:39:49.523+0000] {taskinstance.py:1364} INFO - 
--------------------------------------------------------------------------------
[2023-12-11T14:39:49.537+0000] {taskinstance.py:1383} INFO - Executing <Task(_PythonDecoratedOperator): update_dataset> on 2023-12-11 14:39:48.888095+00:00
[2023-12-11T14:39:49.543+0000] {standard_task_runner.py:55} INFO - Started process 496 to run task
[2023-12-11T14:39:49.545+0000] {standard_task_runner.py:82} INFO - Running: ['***', 'tasks', 'run', 'producer', 'update_dataset', 'manual__2023-12-11T14:39:48.888095+00:00', '--job-id', '9', '--raw', '--subdir', 'DAGS_FOLDER/producer.py', '--cfg-path', '/tmp/tmpwphqexyv']
[2023-12-11T14:39:49.546+0000] {standard_task_runner.py:83} INFO - Job 9: Subtask update_dataset
[2023-12-11T14:39:49.599+0000] {task_command.py:376} INFO - Running <TaskInstance: producer.update_dataset manual__2023-12-11T14:39:48.888095+00:00 [running]> on host a0ae9d56433e
[2023-12-11T14:39:49.658+0000] {taskinstance.py:1592} INFO - Exporting the following env vars:
AIRFLOW_CTX_DAG_OWNER=***
AIRFLOW_CTX_DAG_ID=producer
AIRFLOW_CTX_TASK_ID=update_dataset
AIRFLOW_CTX_EXECUTION_DATE=2023-12-11T14:39:48.888095+00:00
AIRFLOW_CTX_TRY_NUMBER=1
AIRFLOW_CTX_DAG_RUN_ID=manual__2023-12-11T14:39:48.888095+00:00
[2023-12-11T14:39:49.660+0000] {python.py:177} INFO - Done. Returned value was: None
[2023-12-11T14:39:49.663+0000] {warnings.py:110} WARNING - /home/***/.local/lib/python3.7/site-packages/***/models/baseoperator.py:1390: RemovedInAirflow3Warning: Passing 'execution_date' to 'TaskInstance.xcom_push()' is deprecated.
  context['ti'].xcom_push(key=key, value=value, execution_date=execution_date)

[2023-12-11T14:39:49.695+0000] {taskinstance.py:1406} INFO - Marking task as SUCCESS. dag_id=producer, task_id=update_dataset, execution_date=20231211T143948, start_date=20231211T143949, end_date=20231211T143949
[2023-12-11T14:39:49.758+0000] {local_task_job.py:164} INFO - Task exited with return code 0
[2023-12-11T14:39:49.776+0000] {local_task_job.py:273} INFO - 0 downstream tasks scheduled from follow-on schedule check
