[2023-12-11T15:18:53.814+0000] {taskinstance.py:1165} INFO - Dependencies all met for <TaskInstance: xcom_dag.t3 scheduled__2023-12-10T00:00:00+00:00 [queued]>
[2023-12-11T15:18:53.832+0000] {taskinstance.py:1165} INFO - Dependencies all met for <TaskInstance: xcom_dag.t3 scheduled__2023-12-10T00:00:00+00:00 [queued]>
[2023-12-11T15:18:53.833+0000] {taskinstance.py:1362} INFO - 
--------------------------------------------------------------------------------
[2023-12-11T15:18:53.835+0000] {taskinstance.py:1363} INFO - Starting attempt 1 of 1
[2023-12-11T15:18:53.836+0000] {taskinstance.py:1364} INFO - 
--------------------------------------------------------------------------------
[2023-12-11T15:18:53.864+0000] {taskinstance.py:1383} INFO - Executing <Task(BashOperator): t3> on 2023-12-10 00:00:00+00:00
[2023-12-11T15:18:53.875+0000] {standard_task_runner.py:55} INFO - Started process 2372 to run task
[2023-12-11T15:18:53.885+0000] {standard_task_runner.py:82} INFO - Running: ['***', 'tasks', 'run', 'xcom_dag', 't3', 'scheduled__2023-12-10T00:00:00+00:00', '--job-id', '23', '--raw', '--subdir', 'DAGS_FOLDER/xcom_dag.py', '--cfg-path', '/tmp/tmpow66bpi6']
[2023-12-11T15:18:53.887+0000] {standard_task_runner.py:83} INFO - Job 23: Subtask t3
[2023-12-11T15:18:53.990+0000] {task_command.py:376} INFO - Running <TaskInstance: xcom_dag.t3 scheduled__2023-12-10T00:00:00+00:00 [running]> on host a0ae9d56433e
[2023-12-11T15:18:54.111+0000] {taskinstance.py:1592} INFO - Exporting the following env vars:
AIRFLOW_CTX_DAG_OWNER=***
AIRFLOW_CTX_DAG_ID=xcom_dag
AIRFLOW_CTX_TASK_ID=t3
AIRFLOW_CTX_EXECUTION_DATE=2023-12-10T00:00:00+00:00
AIRFLOW_CTX_TRY_NUMBER=1
AIRFLOW_CTX_DAG_RUN_ID=scheduled__2023-12-10T00:00:00+00:00
[2023-12-11T15:18:54.112+0000] {subprocess.py:63} INFO - Tmp dir root location: 
 /tmp
[2023-12-11T15:18:54.113+0000] {subprocess.py:75} INFO - Running command: ['/bin/bash', '-c', "echo ''"]
[2023-12-11T15:18:54.127+0000] {subprocess.py:86} INFO - Output:
[2023-12-11T15:18:54.130+0000] {subprocess.py:93} INFO - 
[2023-12-11T15:18:54.131+0000] {subprocess.py:97} INFO - Command exited with return code 0
[2023-12-11T15:18:54.157+0000] {taskinstance.py:1406} INFO - Marking task as SUCCESS. dag_id=xcom_dag, task_id=t3, execution_date=20231210T000000, start_date=20231211T151853, end_date=20231211T151854
[2023-12-11T15:18:54.214+0000] {local_task_job.py:164} INFO - Task exited with return code 0
[2023-12-11T15:18:54.232+0000] {local_task_job.py:273} INFO - 0 downstream tasks scheduled from follow-on schedule check
