[2023-12-11T15:02:32.855+0000] {taskinstance.py:1165} INFO - Dependencies all met for <TaskInstance: group_dag.downloads scheduled__2023-12-10T00:00:00+00:00 [queued]>
[2023-12-11T15:02:32.865+0000] {taskinstance.py:1165} INFO - Dependencies all met for <TaskInstance: group_dag.downloads scheduled__2023-12-10T00:00:00+00:00 [queued]>
[2023-12-11T15:02:32.866+0000] {taskinstance.py:1362} INFO - 
--------------------------------------------------------------------------------
[2023-12-11T15:02:32.867+0000] {taskinstance.py:1363} INFO - Starting attempt 1 of 1
[2023-12-11T15:02:32.867+0000] {taskinstance.py:1364} INFO - 
--------------------------------------------------------------------------------
[2023-12-11T15:02:32.880+0000] {taskinstance.py:1383} INFO - Executing <Task(SubDagOperator): downloads> on 2023-12-10 00:00:00+00:00
[2023-12-11T15:02:32.887+0000] {standard_task_runner.py:55} INFO - Started process 1578 to run task
[2023-12-11T15:02:32.890+0000] {standard_task_runner.py:82} INFO - Running: ['***', 'tasks', 'run', 'group_dag', 'downloads', 'scheduled__2023-12-10T00:00:00+00:00', '--job-id', '13', '--raw', '--subdir', 'DAGS_FOLDER/group_dag.py', '--cfg-path', '/tmp/tmpfex3s9u2']
[2023-12-11T15:02:32.891+0000] {standard_task_runner.py:83} INFO - Job 13: Subtask downloads
[2023-12-11T15:02:32.947+0000] {task_command.py:376} INFO - Running <TaskInstance: group_dag.downloads scheduled__2023-12-10T00:00:00+00:00 [running]> on host a0ae9d56433e
[2023-12-11T15:02:33.018+0000] {taskinstance.py:1592} INFO - Exporting the following env vars:
AIRFLOW_CTX_DAG_OWNER=***
AIRFLOW_CTX_DAG_ID=group_dag
AIRFLOW_CTX_TASK_ID=downloads
AIRFLOW_CTX_EXECUTION_DATE=2023-12-10T00:00:00+00:00
AIRFLOW_CTX_TRY_NUMBER=1
AIRFLOW_CTX_DAG_RUN_ID=scheduled__2023-12-10T00:00:00+00:00
[2023-12-11T15:02:33.021+0000] {warnings.py:110} WARNING - /home/***/.local/lib/python3.7/site-packages/***/utils/context.py:204: AirflowContextDeprecationWarning: Accessing 'execution_date' from the template is deprecated and will be removed in a future version. Please use 'data_interval_start' or 'logical_date' instead.
  warnings.warn(_create_deprecation_warning(key, self._deprecation_replacements[key]))

[2023-12-11T15:02:33.053+0000] {subdag.py:171} INFO - Created DagRun: scheduled__2023-12-10T00:00:00+00:00
[2023-12-11T15:03:33.127+0000] {base.py:213} INFO - Success criteria met. Exiting.
[2023-12-11T15:03:33.134+0000] {subdag.py:186} INFO - Execution finished. State is success
[2023-12-11T15:03:33.144+0000] {taskinstance.py:1406} INFO - Marking task as SUCCESS. dag_id=group_dag, task_id=downloads, execution_date=20231210T000000, start_date=20231211T150232, end_date=20231211T150333
[2023-12-11T15:03:33.206+0000] {local_task_job.py:164} INFO - Task exited with return code 0
[2023-12-11T15:03:33.257+0000] {local_task_job.py:273} INFO - 1 downstream tasks scheduled from follow-on schedule check
