[2023-12-11T14:39:08.016+0000] {taskinstance.py:1165} INFO - Dependencies all met for <TaskInstance: consumer.read_dataset dataset_triggered__2023-12-11T14:39:06.593891+00:00 [queued]>
[2023-12-11T14:39:08.027+0000] {taskinstance.py:1165} INFO - Dependencies all met for <TaskInstance: consumer.read_dataset dataset_triggered__2023-12-11T14:39:06.593891+00:00 [queued]>
[2023-12-11T14:39:08.027+0000] {taskinstance.py:1362} INFO - 
--------------------------------------------------------------------------------
[2023-12-11T14:39:08.028+0000] {taskinstance.py:1363} INFO - Starting attempt 1 of 1
[2023-12-11T14:39:08.028+0000] {taskinstance.py:1364} INFO - 
--------------------------------------------------------------------------------
[2023-12-11T14:39:08.047+0000] {taskinstance.py:1383} INFO - Executing <Task(_PythonDecoratedOperator): read_dataset> on 2023-12-11 14:39:06.593891+00:00
[2023-12-11T14:39:08.053+0000] {standard_task_runner.py:55} INFO - Started process 458 to run task
[2023-12-11T14:39:08.055+0000] {standard_task_runner.py:82} INFO - Running: ['***', 'tasks', 'run', 'consumer', 'read_dataset', 'dataset_triggered__2023-12-11T14:39:06.593891+00:00', '--job-id', '8', '--raw', '--subdir', 'DAGS_FOLDER/consumer.py', '--cfg-path', '/tmp/tmppnnn79id']
[2023-12-11T14:39:08.056+0000] {standard_task_runner.py:83} INFO - Job 8: Subtask read_dataset
[2023-12-11T14:39:08.123+0000] {task_command.py:376} INFO - Running <TaskInstance: consumer.read_dataset dataset_triggered__2023-12-11T14:39:06.593891+00:00 [running]> on host a0ae9d56433e
[2023-12-11T14:39:08.206+0000] {taskinstance.py:1592} INFO - Exporting the following env vars:
AIRFLOW_CTX_DAG_OWNER=***
AIRFLOW_CTX_DAG_ID=consumer
AIRFLOW_CTX_TASK_ID=read_dataset
AIRFLOW_CTX_EXECUTION_DATE=2023-12-11T14:39:06.593891+00:00
AIRFLOW_CTX_TRY_NUMBER=1
AIRFLOW_CTX_DAG_RUN_ID=dataset_triggered__2023-12-11T14:39:06.593891+00:00
[2023-12-11T14:39:08.208+0000] {taskinstance.py:1851} ERROR - Task failed with exception
Traceback (most recent call last):
  File "/home/airflow/.local/lib/python3.7/site-packages/airflow/decorators/base.py", line 188, in execute
    return_value = super().execute(context)
  File "/home/airflow/.local/lib/python3.7/site-packages/airflow/operators/python.py", line 175, in execute
    return_value = self.execute_callable()
  File "/home/airflow/.local/lib/python3.7/site-packages/airflow/operators/python.py", line 193, in execute_callable
    return self.python_callable(*self.op_args, **self.op_kwargs)
  File "/opt/airflow/dags/consumer.py", line 16, in read_dataset
    with open(my_file.uro, "r") as f:
AttributeError: 'Dataset' object has no attribute 'uro'
[2023-12-11T14:39:08.223+0000] {taskinstance.py:1406} INFO - Marking task as FAILED. dag_id=consumer, task_id=read_dataset, execution_date=20231211T143906, start_date=20231211T143908, end_date=20231211T143908
[2023-12-11T14:39:08.238+0000] {standard_task_runner.py:105} ERROR - Failed to execute job 8 for task read_dataset ('Dataset' object has no attribute 'uro'; 458)
[2023-12-11T14:39:08.268+0000] {local_task_job.py:164} INFO - Task exited with return code 1
[2023-12-11T14:39:08.292+0000] {local_task_job.py:273} INFO - 0 downstream tasks scheduled from follow-on schedule check
