[2023-12-11T15:10:53.997+0000] {processor.py:154} INFO - Started process (PID=5171) to work on /opt/airflow/dags/groups/group_downloads.py
[2023-12-11T15:10:53.998+0000] {processor.py:756} INFO - Processing file /opt/airflow/dags/groups/group_downloads.py for tasks to queue
[2023-12-11T15:10:54.000+0000] {logging_mixin.py:120} INFO - [2023-12-11T15:10:54.000+0000] {dagbag.py:537} INFO - Filling up the DagBag from /opt/airflow/dags/groups/group_downloads.py
[2023-12-11T15:10:54.025+0000] {processor.py:768} WARNING - No viable dags retrieved from /opt/airflow/dags/groups/group_downloads.py
[2023-12-11T15:10:54.043+0000] {processor.py:176} INFO - Processing /opt/airflow/dags/groups/group_downloads.py took 0.051 seconds
[2023-12-11T15:11:24.844+0000] {processor.py:154} INFO - Started process (PID=5242) to work on /opt/airflow/dags/groups/group_downloads.py
[2023-12-11T15:11:24.846+0000] {processor.py:756} INFO - Processing file /opt/airflow/dags/groups/group_downloads.py for tasks to queue
[2023-12-11T15:11:24.847+0000] {logging_mixin.py:120} INFO - [2023-12-11T15:11:24.847+0000] {dagbag.py:537} INFO - Filling up the DagBag from /opt/airflow/dags/groups/group_downloads.py
[2023-12-11T15:11:24.873+0000] {processor.py:768} WARNING - No viable dags retrieved from /opt/airflow/dags/groups/group_downloads.py
[2023-12-11T15:11:24.886+0000] {processor.py:176} INFO - Processing /opt/airflow/dags/groups/group_downloads.py took 0.045 seconds
[2023-12-11T15:11:55.617+0000] {processor.py:154} INFO - Started process (PID=5304) to work on /opt/airflow/dags/groups/group_downloads.py
[2023-12-11T15:11:55.618+0000] {processor.py:756} INFO - Processing file /opt/airflow/dags/groups/group_downloads.py for tasks to queue
[2023-12-11T15:11:55.619+0000] {logging_mixin.py:120} INFO - [2023-12-11T15:11:55.619+0000] {dagbag.py:537} INFO - Filling up the DagBag from /opt/airflow/dags/groups/group_downloads.py
[2023-12-11T15:11:55.639+0000] {processor.py:768} WARNING - No viable dags retrieved from /opt/airflow/dags/groups/group_downloads.py
[2023-12-11T15:11:55.651+0000] {processor.py:176} INFO - Processing /opt/airflow/dags/groups/group_downloads.py took 0.036 seconds
[2023-12-11T15:12:26.198+0000] {processor.py:154} INFO - Started process (PID=5375) to work on /opt/airflow/dags/groups/group_downloads.py
[2023-12-11T15:12:26.199+0000] {processor.py:756} INFO - Processing file /opt/airflow/dags/groups/group_downloads.py for tasks to queue
[2023-12-11T15:12:26.200+0000] {logging_mixin.py:120} INFO - [2023-12-11T15:12:26.199+0000] {dagbag.py:537} INFO - Filling up the DagBag from /opt/airflow/dags/groups/group_downloads.py
[2023-12-11T15:12:26.229+0000] {processor.py:768} WARNING - No viable dags retrieved from /opt/airflow/dags/groups/group_downloads.py
[2023-12-11T15:12:26.244+0000] {processor.py:176} INFO - Processing /opt/airflow/dags/groups/group_downloads.py took 0.050 seconds
[2023-12-11T15:12:56.641+0000] {processor.py:154} INFO - Started process (PID=5446) to work on /opt/airflow/dags/groups/group_downloads.py
[2023-12-11T15:12:56.642+0000] {processor.py:756} INFO - Processing file /opt/airflow/dags/groups/group_downloads.py for tasks to queue
[2023-12-11T15:12:56.643+0000] {logging_mixin.py:120} INFO - [2023-12-11T15:12:56.643+0000] {dagbag.py:537} INFO - Filling up the DagBag from /opt/airflow/dags/groups/group_downloads.py
[2023-12-11T15:12:56.674+0000] {processor.py:768} WARNING - No viable dags retrieved from /opt/airflow/dags/groups/group_downloads.py
[2023-12-11T15:12:56.688+0000] {processor.py:176} INFO - Processing /opt/airflow/dags/groups/group_downloads.py took 0.051 seconds
[2023-12-11T15:13:27.400+0000] {processor.py:154} INFO - Started process (PID=5508) to work on /opt/airflow/dags/groups/group_downloads.py
[2023-12-11T15:13:27.401+0000] {processor.py:756} INFO - Processing file /opt/airflow/dags/groups/group_downloads.py for tasks to queue
[2023-12-11T15:13:27.402+0000] {logging_mixin.py:120} INFO - [2023-12-11T15:13:27.402+0000] {dagbag.py:537} INFO - Filling up the DagBag from /opt/airflow/dags/groups/group_downloads.py
[2023-12-11T15:13:27.427+0000] {processor.py:768} WARNING - No viable dags retrieved from /opt/airflow/dags/groups/group_downloads.py
[2023-12-11T15:13:27.441+0000] {processor.py:176} INFO - Processing /opt/airflow/dags/groups/group_downloads.py took 0.044 seconds
[2023-12-11T15:13:58.013+0000] {processor.py:154} INFO - Started process (PID=5579) to work on /opt/airflow/dags/groups/group_downloads.py
[2023-12-11T15:13:58.013+0000] {processor.py:756} INFO - Processing file /opt/airflow/dags/groups/group_downloads.py for tasks to queue
[2023-12-11T15:13:58.014+0000] {logging_mixin.py:120} INFO - [2023-12-11T15:13:58.014+0000] {dagbag.py:537} INFO - Filling up the DagBag from /opt/airflow/dags/groups/group_downloads.py
[2023-12-11T15:13:58.037+0000] {processor.py:768} WARNING - No viable dags retrieved from /opt/airflow/dags/groups/group_downloads.py
[2023-12-11T15:13:58.050+0000] {processor.py:176} INFO - Processing /opt/airflow/dags/groups/group_downloads.py took 0.040 seconds
[2023-12-11T15:14:28.125+0000] {processor.py:154} INFO - Started process (PID=5650) to work on /opt/airflow/dags/groups/group_downloads.py
[2023-12-11T15:14:28.126+0000] {processor.py:756} INFO - Processing file /opt/airflow/dags/groups/group_downloads.py for tasks to queue
[2023-12-11T15:14:28.127+0000] {logging_mixin.py:120} INFO - [2023-12-11T15:14:28.127+0000] {dagbag.py:537} INFO - Filling up the DagBag from /opt/airflow/dags/groups/group_downloads.py
[2023-12-11T15:14:28.159+0000] {processor.py:768} WARNING - No viable dags retrieved from /opt/airflow/dags/groups/group_downloads.py
[2023-12-11T15:14:28.174+0000] {processor.py:176} INFO - Processing /opt/airflow/dags/groups/group_downloads.py took 0.052 seconds
[2023-12-11T15:14:58.352+0000] {processor.py:154} INFO - Started process (PID=5711) to work on /opt/airflow/dags/groups/group_downloads.py
[2023-12-11T15:14:58.353+0000] {processor.py:756} INFO - Processing file /opt/airflow/dags/groups/group_downloads.py for tasks to queue
[2023-12-11T15:14:58.354+0000] {logging_mixin.py:120} INFO - [2023-12-11T15:14:58.354+0000] {dagbag.py:537} INFO - Filling up the DagBag from /opt/airflow/dags/groups/group_downloads.py
[2023-12-11T15:14:58.378+0000] {processor.py:768} WARNING - No viable dags retrieved from /opt/airflow/dags/groups/group_downloads.py
[2023-12-11T15:14:58.391+0000] {processor.py:176} INFO - Processing /opt/airflow/dags/groups/group_downloads.py took 0.042 seconds
[2023-12-11T15:15:28.553+0000] {processor.py:154} INFO - Started process (PID=5780) to work on /opt/airflow/dags/groups/group_downloads.py
[2023-12-11T15:15:28.555+0000] {processor.py:756} INFO - Processing file /opt/airflow/dags/groups/group_downloads.py for tasks to queue
[2023-12-11T15:15:28.556+0000] {logging_mixin.py:120} INFO - [2023-12-11T15:15:28.555+0000] {dagbag.py:537} INFO - Filling up the DagBag from /opt/airflow/dags/groups/group_downloads.py
[2023-12-11T15:15:28.583+0000] {processor.py:768} WARNING - No viable dags retrieved from /opt/airflow/dags/groups/group_downloads.py
[2023-12-11T15:15:28.602+0000] {processor.py:176} INFO - Processing /opt/airflow/dags/groups/group_downloads.py took 0.052 seconds
[2023-12-11T15:15:59.211+0000] {processor.py:154} INFO - Started process (PID=5850) to work on /opt/airflow/dags/groups/group_downloads.py
[2023-12-11T15:15:59.213+0000] {processor.py:756} INFO - Processing file /opt/airflow/dags/groups/group_downloads.py for tasks to queue
[2023-12-11T15:15:59.214+0000] {logging_mixin.py:120} INFO - [2023-12-11T15:15:59.214+0000] {dagbag.py:537} INFO - Filling up the DagBag from /opt/airflow/dags/groups/group_downloads.py
[2023-12-11T15:15:59.251+0000] {processor.py:768} WARNING - No viable dags retrieved from /opt/airflow/dags/groups/group_downloads.py
[2023-12-11T15:15:59.268+0000] {processor.py:176} INFO - Processing /opt/airflow/dags/groups/group_downloads.py took 0.060 seconds
[2023-12-11T15:16:29.540+0000] {processor.py:154} INFO - Started process (PID=5908) to work on /opt/airflow/dags/groups/group_downloads.py
[2023-12-11T15:16:29.541+0000] {processor.py:756} INFO - Processing file /opt/airflow/dags/groups/group_downloads.py for tasks to queue
[2023-12-11T15:16:29.542+0000] {logging_mixin.py:120} INFO - [2023-12-11T15:16:29.542+0000] {dagbag.py:537} INFO - Filling up the DagBag from /opt/airflow/dags/groups/group_downloads.py
[2023-12-11T15:16:29.564+0000] {processor.py:768} WARNING - No viable dags retrieved from /opt/airflow/dags/groups/group_downloads.py
[2023-12-11T15:16:29.576+0000] {processor.py:176} INFO - Processing /opt/airflow/dags/groups/group_downloads.py took 0.041 seconds
[2023-12-11T15:16:59.965+0000] {processor.py:154} INFO - Started process (PID=5980) to work on /opt/airflow/dags/groups/group_downloads.py
[2023-12-11T15:16:59.966+0000] {processor.py:756} INFO - Processing file /opt/airflow/dags/groups/group_downloads.py for tasks to queue
[2023-12-11T15:16:59.967+0000] {logging_mixin.py:120} INFO - [2023-12-11T15:16:59.967+0000] {dagbag.py:537} INFO - Filling up the DagBag from /opt/airflow/dags/groups/group_downloads.py
[2023-12-11T15:16:59.992+0000] {processor.py:768} WARNING - No viable dags retrieved from /opt/airflow/dags/groups/group_downloads.py
[2023-12-11T15:17:00.006+0000] {processor.py:176} INFO - Processing /opt/airflow/dags/groups/group_downloads.py took 0.045 seconds
[2023-12-11T15:17:30.284+0000] {processor.py:154} INFO - Started process (PID=6052) to work on /opt/airflow/dags/groups/group_downloads.py
[2023-12-11T15:17:30.285+0000] {processor.py:756} INFO - Processing file /opt/airflow/dags/groups/group_downloads.py for tasks to queue
[2023-12-11T15:17:30.286+0000] {logging_mixin.py:120} INFO - [2023-12-11T15:17:30.286+0000] {dagbag.py:537} INFO - Filling up the DagBag from /opt/airflow/dags/groups/group_downloads.py
[2023-12-11T15:17:30.315+0000] {processor.py:768} WARNING - No viable dags retrieved from /opt/airflow/dags/groups/group_downloads.py
[2023-12-11T15:17:30.329+0000] {processor.py:176} INFO - Processing /opt/airflow/dags/groups/group_downloads.py took 0.050 seconds
[2023-12-11T15:18:00.600+0000] {processor.py:154} INFO - Started process (PID=6115) to work on /opt/airflow/dags/groups/group_downloads.py
[2023-12-11T15:18:00.601+0000] {processor.py:756} INFO - Processing file /opt/airflow/dags/groups/group_downloads.py for tasks to queue
[2023-12-11T15:18:00.602+0000] {logging_mixin.py:120} INFO - [2023-12-11T15:18:00.602+0000] {dagbag.py:537} INFO - Filling up the DagBag from /opt/airflow/dags/groups/group_downloads.py
[2023-12-11T15:18:00.628+0000] {processor.py:768} WARNING - No viable dags retrieved from /opt/airflow/dags/groups/group_downloads.py
[2023-12-11T15:18:00.642+0000] {processor.py:176} INFO - Processing /opt/airflow/dags/groups/group_downloads.py took 0.046 seconds
[2023-12-11T15:18:30.877+0000] {processor.py:154} INFO - Started process (PID=6189) to work on /opt/airflow/dags/groups/group_downloads.py
[2023-12-11T15:18:30.879+0000] {processor.py:756} INFO - Processing file /opt/airflow/dags/groups/group_downloads.py for tasks to queue
[2023-12-11T15:18:30.881+0000] {logging_mixin.py:120} INFO - [2023-12-11T15:18:30.880+0000] {dagbag.py:537} INFO - Filling up the DagBag from /opt/airflow/dags/groups/group_downloads.py
[2023-12-11T15:18:30.914+0000] {processor.py:768} WARNING - No viable dags retrieved from /opt/airflow/dags/groups/group_downloads.py
[2023-12-11T15:18:30.932+0000] {processor.py:176} INFO - Processing /opt/airflow/dags/groups/group_downloads.py took 0.059 seconds
[2023-12-11T15:19:01.063+0000] {processor.py:154} INFO - Started process (PID=6245) to work on /opt/airflow/dags/groups/group_downloads.py
[2023-12-11T15:19:01.065+0000] {processor.py:756} INFO - Processing file /opt/airflow/dags/groups/group_downloads.py for tasks to queue
[2023-12-11T15:19:01.065+0000] {logging_mixin.py:120} INFO - [2023-12-11T15:19:01.065+0000] {dagbag.py:537} INFO - Filling up the DagBag from /opt/airflow/dags/groups/group_downloads.py
[2023-12-11T15:19:01.090+0000] {processor.py:768} WARNING - No viable dags retrieved from /opt/airflow/dags/groups/group_downloads.py
[2023-12-11T15:19:01.105+0000] {processor.py:176} INFO - Processing /opt/airflow/dags/groups/group_downloads.py took 0.044 seconds
[2023-12-11T15:19:31.185+0000] {processor.py:154} INFO - Started process (PID=6314) to work on /opt/airflow/dags/groups/group_downloads.py
[2023-12-11T15:19:31.186+0000] {processor.py:756} INFO - Processing file /opt/airflow/dags/groups/group_downloads.py for tasks to queue
[2023-12-11T15:19:31.187+0000] {logging_mixin.py:120} INFO - [2023-12-11T15:19:31.187+0000] {dagbag.py:537} INFO - Filling up the DagBag from /opt/airflow/dags/groups/group_downloads.py
[2023-12-11T15:19:31.211+0000] {processor.py:768} WARNING - No viable dags retrieved from /opt/airflow/dags/groups/group_downloads.py
[2023-12-11T15:19:31.225+0000] {processor.py:176} INFO - Processing /opt/airflow/dags/groups/group_downloads.py took 0.043 seconds
[2023-12-11T15:20:01.354+0000] {processor.py:154} INFO - Started process (PID=6382) to work on /opt/airflow/dags/groups/group_downloads.py
[2023-12-11T15:20:01.356+0000] {processor.py:756} INFO - Processing file /opt/airflow/dags/groups/group_downloads.py for tasks to queue
[2023-12-11T15:20:01.357+0000] {logging_mixin.py:120} INFO - [2023-12-11T15:20:01.357+0000] {dagbag.py:537} INFO - Filling up the DagBag from /opt/airflow/dags/groups/group_downloads.py
[2023-12-11T15:20:01.381+0000] {processor.py:768} WARNING - No viable dags retrieved from /opt/airflow/dags/groups/group_downloads.py
[2023-12-11T15:20:01.397+0000] {processor.py:176} INFO - Processing /opt/airflow/dags/groups/group_downloads.py took 0.047 seconds
[2023-12-11T15:20:31.821+0000] {processor.py:154} INFO - Started process (PID=6443) to work on /opt/airflow/dags/groups/group_downloads.py
[2023-12-11T15:20:31.823+0000] {processor.py:756} INFO - Processing file /opt/airflow/dags/groups/group_downloads.py for tasks to queue
[2023-12-11T15:20:31.824+0000] {logging_mixin.py:120} INFO - [2023-12-11T15:20:31.824+0000] {dagbag.py:537} INFO - Filling up the DagBag from /opt/airflow/dags/groups/group_downloads.py
[2023-12-11T15:20:31.857+0000] {processor.py:768} WARNING - No viable dags retrieved from /opt/airflow/dags/groups/group_downloads.py
[2023-12-11T15:20:31.873+0000] {processor.py:176} INFO - Processing /opt/airflow/dags/groups/group_downloads.py took 0.055 seconds
[2023-12-11T15:21:02.536+0000] {processor.py:154} INFO - Started process (PID=6516) to work on /opt/airflow/dags/groups/group_downloads.py
[2023-12-11T15:21:02.539+0000] {processor.py:756} INFO - Processing file /opt/airflow/dags/groups/group_downloads.py for tasks to queue
[2023-12-11T15:21:02.541+0000] {logging_mixin.py:120} INFO - [2023-12-11T15:21:02.541+0000] {dagbag.py:537} INFO - Filling up the DagBag from /opt/airflow/dags/groups/group_downloads.py
[2023-12-11T15:21:02.606+0000] {processor.py:768} WARNING - No viable dags retrieved from /opt/airflow/dags/groups/group_downloads.py
[2023-12-11T15:21:02.637+0000] {processor.py:176} INFO - Processing /opt/airflow/dags/groups/group_downloads.py took 0.110 seconds
[2023-12-11T15:21:32.998+0000] {processor.py:154} INFO - Started process (PID=6584) to work on /opt/airflow/dags/groups/group_downloads.py
[2023-12-11T15:21:33.000+0000] {processor.py:756} INFO - Processing file /opt/airflow/dags/groups/group_downloads.py for tasks to queue
[2023-12-11T15:21:33.001+0000] {logging_mixin.py:120} INFO - [2023-12-11T15:21:33.001+0000] {dagbag.py:537} INFO - Filling up the DagBag from /opt/airflow/dags/groups/group_downloads.py
[2023-12-11T15:21:33.034+0000] {processor.py:768} WARNING - No viable dags retrieved from /opt/airflow/dags/groups/group_downloads.py
[2023-12-11T15:21:33.048+0000] {processor.py:176} INFO - Processing /opt/airflow/dags/groups/group_downloads.py took 0.054 seconds
[2023-12-11T15:22:03.184+0000] {processor.py:154} INFO - Started process (PID=6650) to work on /opt/airflow/dags/groups/group_downloads.py
[2023-12-11T15:22:03.185+0000] {processor.py:756} INFO - Processing file /opt/airflow/dags/groups/group_downloads.py for tasks to queue
[2023-12-11T15:22:03.186+0000] {logging_mixin.py:120} INFO - [2023-12-11T15:22:03.186+0000] {dagbag.py:537} INFO - Filling up the DagBag from /opt/airflow/dags/groups/group_downloads.py
[2023-12-11T15:22:03.211+0000] {processor.py:768} WARNING - No viable dags retrieved from /opt/airflow/dags/groups/group_downloads.py
[2023-12-11T15:22:03.223+0000] {processor.py:176} INFO - Processing /opt/airflow/dags/groups/group_downloads.py took 0.042 seconds
[2023-12-11T15:22:33.613+0000] {processor.py:154} INFO - Started process (PID=6722) to work on /opt/airflow/dags/groups/group_downloads.py
[2023-12-11T15:22:33.614+0000] {processor.py:756} INFO - Processing file /opt/airflow/dags/groups/group_downloads.py for tasks to queue
[2023-12-11T15:22:33.615+0000] {logging_mixin.py:120} INFO - [2023-12-11T15:22:33.615+0000] {dagbag.py:537} INFO - Filling up the DagBag from /opt/airflow/dags/groups/group_downloads.py
[2023-12-11T15:22:33.640+0000] {processor.py:768} WARNING - No viable dags retrieved from /opt/airflow/dags/groups/group_downloads.py
[2023-12-11T15:22:33.654+0000] {processor.py:176} INFO - Processing /opt/airflow/dags/groups/group_downloads.py took 0.043 seconds
[2023-12-11T15:23:04.127+0000] {processor.py:154} INFO - Started process (PID=6785) to work on /opt/airflow/dags/groups/group_downloads.py
[2023-12-11T15:23:04.128+0000] {processor.py:756} INFO - Processing file /opt/airflow/dags/groups/group_downloads.py for tasks to queue
[2023-12-11T15:23:04.130+0000] {logging_mixin.py:120} INFO - [2023-12-11T15:23:04.129+0000] {dagbag.py:537} INFO - Filling up the DagBag from /opt/airflow/dags/groups/group_downloads.py
[2023-12-11T15:23:04.159+0000] {processor.py:768} WARNING - No viable dags retrieved from /opt/airflow/dags/groups/group_downloads.py
[2023-12-11T15:23:04.175+0000] {processor.py:176} INFO - Processing /opt/airflow/dags/groups/group_downloads.py took 0.052 seconds
[2023-12-11T15:23:34.590+0000] {processor.py:154} INFO - Started process (PID=6857) to work on /opt/airflow/dags/groups/group_downloads.py
[2023-12-11T15:23:34.592+0000] {processor.py:756} INFO - Processing file /opt/airflow/dags/groups/group_downloads.py for tasks to queue
[2023-12-11T15:23:34.592+0000] {logging_mixin.py:120} INFO - [2023-12-11T15:23:34.592+0000] {dagbag.py:537} INFO - Filling up the DagBag from /opt/airflow/dags/groups/group_downloads.py
[2023-12-11T15:23:34.620+0000] {processor.py:768} WARNING - No viable dags retrieved from /opt/airflow/dags/groups/group_downloads.py
[2023-12-11T15:23:34.634+0000] {processor.py:176} INFO - Processing /opt/airflow/dags/groups/group_downloads.py took 0.048 seconds
[2023-12-11T15:24:05.451+0000] {processor.py:154} INFO - Started process (PID=6929) to work on /opt/airflow/dags/groups/group_downloads.py
[2023-12-11T15:24:05.453+0000] {processor.py:756} INFO - Processing file /opt/airflow/dags/groups/group_downloads.py for tasks to queue
[2023-12-11T15:24:05.455+0000] {logging_mixin.py:120} INFO - [2023-12-11T15:24:05.455+0000] {dagbag.py:537} INFO - Filling up the DagBag from /opt/airflow/dags/groups/group_downloads.py
[2023-12-11T15:24:05.494+0000] {processor.py:768} WARNING - No viable dags retrieved from /opt/airflow/dags/groups/group_downloads.py
[2023-12-11T15:24:05.515+0000] {processor.py:176} INFO - Processing /opt/airflow/dags/groups/group_downloads.py took 0.069 seconds
[2023-12-11T15:24:35.634+0000] {processor.py:154} INFO - Started process (PID=6992) to work on /opt/airflow/dags/groups/group_downloads.py
[2023-12-11T15:24:35.636+0000] {processor.py:756} INFO - Processing file /opt/airflow/dags/groups/group_downloads.py for tasks to queue
[2023-12-11T15:24:35.636+0000] {logging_mixin.py:120} INFO - [2023-12-11T15:24:35.636+0000] {dagbag.py:537} INFO - Filling up the DagBag from /opt/airflow/dags/groups/group_downloads.py
[2023-12-11T15:24:35.660+0000] {processor.py:768} WARNING - No viable dags retrieved from /opt/airflow/dags/groups/group_downloads.py
[2023-12-11T15:24:35.674+0000] {processor.py:176} INFO - Processing /opt/airflow/dags/groups/group_downloads.py took 0.042 seconds
[2023-12-11T15:25:06.335+0000] {processor.py:154} INFO - Started process (PID=7064) to work on /opt/airflow/dags/groups/group_downloads.py
[2023-12-11T15:25:06.336+0000] {processor.py:756} INFO - Processing file /opt/airflow/dags/groups/group_downloads.py for tasks to queue
[2023-12-11T15:25:06.336+0000] {logging_mixin.py:120} INFO - [2023-12-11T15:25:06.336+0000] {dagbag.py:537} INFO - Filling up the DagBag from /opt/airflow/dags/groups/group_downloads.py
[2023-12-11T15:25:06.356+0000] {processor.py:768} WARNING - No viable dags retrieved from /opt/airflow/dags/groups/group_downloads.py
[2023-12-11T15:25:06.367+0000] {processor.py:176} INFO - Processing /opt/airflow/dags/groups/group_downloads.py took 0.035 seconds
[2023-12-11T15:25:37.010+0000] {processor.py:154} INFO - Started process (PID=7127) to work on /opt/airflow/dags/groups/group_downloads.py
[2023-12-11T15:25:37.011+0000] {processor.py:756} INFO - Processing file /opt/airflow/dags/groups/group_downloads.py for tasks to queue
[2023-12-11T15:25:37.012+0000] {logging_mixin.py:120} INFO - [2023-12-11T15:25:37.011+0000] {dagbag.py:537} INFO - Filling up the DagBag from /opt/airflow/dags/groups/group_downloads.py
[2023-12-11T15:25:37.036+0000] {processor.py:768} WARNING - No viable dags retrieved from /opt/airflow/dags/groups/group_downloads.py
[2023-12-11T15:25:37.049+0000] {processor.py:176} INFO - Processing /opt/airflow/dags/groups/group_downloads.py took 0.042 seconds
