[2023-12-11T15:03:34.455+0000] {taskinstance.py:1165} INFO - Dependencies all met for <TaskInstance: group_dag.check_files scheduled__2023-12-10T00:00:00+00:00 [queued]>
[2023-12-11T15:03:34.465+0000] {taskinstance.py:1165} INFO - Dependencies all met for <TaskInstance: group_dag.check_files scheduled__2023-12-10T00:00:00+00:00 [queued]>
[2023-12-11T15:03:34.465+0000] {taskinstance.py:1362} INFO - 
--------------------------------------------------------------------------------
[2023-12-11T15:03:34.466+0000] {taskinstance.py:1363} INFO - Starting attempt 1 of 1
[2023-12-11T15:03:34.466+0000] {taskinstance.py:1364} INFO - 
--------------------------------------------------------------------------------
[2023-12-11T15:03:34.482+0000] {taskinstance.py:1383} INFO - Executing <Task(BashOperator): check_files> on 2023-12-10 00:00:00+00:00
[2023-12-11T15:03:34.489+0000] {standard_task_runner.py:55} INFO - Started process 1634 to run task
[2023-12-11T15:03:34.492+0000] {standard_task_runner.py:82} INFO - Running: ['***', 'tasks', 'run', 'group_dag', 'check_files', 'scheduled__2023-12-10T00:00:00+00:00', '--job-id', '17', '--raw', '--subdir', 'DAGS_FOLDER/group_dag.py', '--cfg-path', '/tmp/tmp5duradvp']
[2023-12-11T15:03:34.492+0000] {standard_task_runner.py:83} INFO - Job 17: Subtask check_files
[2023-12-11T15:03:34.552+0000] {task_command.py:376} INFO - Running <TaskInstance: group_dag.check_files scheduled__2023-12-10T00:00:00+00:00 [running]> on host a0ae9d56433e
[2023-12-11T15:03:34.632+0000] {taskinstance.py:1592} INFO - Exporting the following env vars:
AIRFLOW_CTX_DAG_OWNER=***
AIRFLOW_CTX_DAG_ID=group_dag
AIRFLOW_CTX_TASK_ID=check_files
AIRFLOW_CTX_EXECUTION_DATE=2023-12-10T00:00:00+00:00
AIRFLOW_CTX_TRY_NUMBER=1
AIRFLOW_CTX_DAG_RUN_ID=scheduled__2023-12-10T00:00:00+00:00
[2023-12-11T15:03:34.635+0000] {subprocess.py:63} INFO - Tmp dir root location: 
 /tmp
[2023-12-11T15:03:34.636+0000] {subprocess.py:75} INFO - Running command: ['/bin/bash', '-c', 'sleep 10']
[2023-12-11T15:03:34.651+0000] {subprocess.py:86} INFO - Output:
[2023-12-11T15:03:44.655+0000] {subprocess.py:97} INFO - Command exited with return code 0
[2023-12-11T15:03:44.687+0000] {taskinstance.py:1406} INFO - Marking task as SUCCESS. dag_id=group_dag, task_id=check_files, execution_date=20231210T000000, start_date=20231211T150334, end_date=20231211T150344
[2023-12-11T15:03:44.714+0000] {local_task_job.py:164} INFO - Task exited with return code 0
[2023-12-11T15:03:44.735+0000] {local_task_job.py:273} INFO - 0 downstream tasks scheduled from follow-on schedule check
