[2023-12-11T14:35:52.071+0000] {processor.py:154} INFO - Started process (PID=679) to work on /opt/airflow/dags/consumer.py
[2023-12-11T14:35:52.072+0000] {processor.py:756} INFO - Processing file /opt/airflow/dags/consumer.py for tasks to queue
[2023-12-11T14:35:52.072+0000] {logging_mixin.py:120} INFO - [2023-12-11T14:35:52.072+0000] {dagbag.py:537} INFO - Filling up the DagBag from /opt/airflow/dags/consumer.py
[2023-12-11T14:35:52.107+0000] {processor.py:766} INFO - DAG(s) dict_keys(['consumer']) retrieved from /opt/airflow/dags/consumer.py
[2023-12-11T14:35:52.210+0000] {logging_mixin.py:120} INFO - [2023-12-11T14:35:52.210+0000] {manager.py:507} INFO - Created Permission View: can delete on DAG:consumer
[2023-12-11T14:35:52.218+0000] {logging_mixin.py:120} INFO - [2023-12-11T14:35:52.218+0000] {manager.py:507} INFO - Created Permission View: can edit on DAG:consumer
[2023-12-11T14:35:52.225+0000] {logging_mixin.py:120} INFO - [2023-12-11T14:35:52.225+0000] {manager.py:507} INFO - Created Permission View: can read on DAG:consumer
[2023-12-11T14:35:52.226+0000] {logging_mixin.py:120} INFO - [2023-12-11T14:35:52.226+0000] {dag.py:2585} INFO - Sync 1 DAGs
[2023-12-11T14:35:52.237+0000] {logging_mixin.py:120} INFO - [2023-12-11T14:35:52.237+0000] {dag.py:2606} INFO - Creating ORM DAG for consumer
[2023-12-11T14:35:52.246+0000] {logging_mixin.py:120} INFO - [2023-12-11T14:35:52.246+0000] {dag.py:3340} INFO - Setting next_dagrun for consumer to None, run_after=None
[2023-12-11T14:35:52.267+0000] {processor.py:176} INFO - Processing /opt/airflow/dags/consumer.py took 0.198 seconds
[2023-12-11T14:36:22.600+0000] {processor.py:154} INFO - Started process (PID=737) to work on /opt/airflow/dags/consumer.py
[2023-12-11T14:36:22.601+0000] {processor.py:756} INFO - Processing file /opt/airflow/dags/consumer.py for tasks to queue
[2023-12-11T14:36:22.602+0000] {logging_mixin.py:120} INFO - [2023-12-11T14:36:22.602+0000] {dagbag.py:537} INFO - Filling up the DagBag from /opt/airflow/dags/consumer.py
[2023-12-11T14:36:22.637+0000] {processor.py:766} INFO - DAG(s) dict_keys(['consumer']) retrieved from /opt/airflow/dags/consumer.py
[2023-12-11T14:36:22.673+0000] {logging_mixin.py:120} INFO - [2023-12-11T14:36:22.672+0000] {dag.py:2585} INFO - Sync 1 DAGs
[2023-12-11T14:36:22.695+0000] {logging_mixin.py:120} INFO - [2023-12-11T14:36:22.695+0000] {dag.py:3340} INFO - Setting next_dagrun for consumer to None, run_after=None
[2023-12-11T14:36:22.715+0000] {processor.py:176} INFO - Processing /opt/airflow/dags/consumer.py took 0.118 seconds
[2023-12-11T14:36:53.151+0000] {processor.py:154} INFO - Started process (PID=804) to work on /opt/airflow/dags/consumer.py
[2023-12-11T14:36:53.152+0000] {processor.py:756} INFO - Processing file /opt/airflow/dags/consumer.py for tasks to queue
[2023-12-11T14:36:53.152+0000] {logging_mixin.py:120} INFO - [2023-12-11T14:36:53.152+0000] {dagbag.py:537} INFO - Filling up the DagBag from /opt/airflow/dags/consumer.py
[2023-12-11T14:36:53.198+0000] {processor.py:766} INFO - DAG(s) dict_keys(['consumer']) retrieved from /opt/airflow/dags/consumer.py
[2023-12-11T14:36:53.271+0000] {logging_mixin.py:120} INFO - [2023-12-11T14:36:53.271+0000] {dag.py:2585} INFO - Sync 1 DAGs
[2023-12-11T14:36:53.322+0000] {logging_mixin.py:120} INFO - [2023-12-11T14:36:53.322+0000] {dag.py:3340} INFO - Setting next_dagrun for consumer to None, run_after=None
[2023-12-11T14:36:53.371+0000] {processor.py:176} INFO - Processing /opt/airflow/dags/consumer.py took 0.223 seconds
[2023-12-11T14:37:23.492+0000] {processor.py:154} INFO - Started process (PID=871) to work on /opt/airflow/dags/consumer.py
[2023-12-11T14:37:23.493+0000] {processor.py:756} INFO - Processing file /opt/airflow/dags/consumer.py for tasks to queue
[2023-12-11T14:37:23.494+0000] {logging_mixin.py:120} INFO - [2023-12-11T14:37:23.494+0000] {dagbag.py:537} INFO - Filling up the DagBag from /opt/airflow/dags/consumer.py
[2023-12-11T14:37:23.525+0000] {processor.py:766} INFO - DAG(s) dict_keys(['consumer']) retrieved from /opt/airflow/dags/consumer.py
[2023-12-11T14:37:23.563+0000] {logging_mixin.py:120} INFO - [2023-12-11T14:37:23.562+0000] {dag.py:2585} INFO - Sync 1 DAGs
[2023-12-11T14:37:23.586+0000] {logging_mixin.py:120} INFO - [2023-12-11T14:37:23.586+0000] {dag.py:3340} INFO - Setting next_dagrun for consumer to None, run_after=None
[2023-12-11T14:37:23.615+0000] {processor.py:176} INFO - Processing /opt/airflow/dags/consumer.py took 0.126 seconds
[2023-12-11T14:37:53.767+0000] {processor.py:154} INFO - Started process (PID=929) to work on /opt/airflow/dags/consumer.py
[2023-12-11T14:37:53.768+0000] {processor.py:756} INFO - Processing file /opt/airflow/dags/consumer.py for tasks to queue
[2023-12-11T14:37:53.769+0000] {logging_mixin.py:120} INFO - [2023-12-11T14:37:53.769+0000] {dagbag.py:537} INFO - Filling up the DagBag from /opt/airflow/dags/consumer.py
[2023-12-11T14:37:53.798+0000] {processor.py:766} INFO - DAG(s) dict_keys(['consumer']) retrieved from /opt/airflow/dags/consumer.py
[2023-12-11T14:37:53.835+0000] {logging_mixin.py:120} INFO - [2023-12-11T14:37:53.834+0000] {dag.py:2585} INFO - Sync 1 DAGs
[2023-12-11T14:37:53.860+0000] {logging_mixin.py:120} INFO - [2023-12-11T14:37:53.859+0000] {dag.py:3340} INFO - Setting next_dagrun for consumer to None, run_after=None
[2023-12-11T14:37:53.886+0000] {processor.py:176} INFO - Processing /opt/airflow/dags/consumer.py took 0.121 seconds
[2023-12-11T14:38:24.845+0000] {processor.py:154} INFO - Started process (PID=996) to work on /opt/airflow/dags/consumer.py
[2023-12-11T14:38:24.846+0000] {processor.py:756} INFO - Processing file /opt/airflow/dags/consumer.py for tasks to queue
[2023-12-11T14:38:24.847+0000] {logging_mixin.py:120} INFO - [2023-12-11T14:38:24.846+0000] {dagbag.py:537} INFO - Filling up the DagBag from /opt/airflow/dags/consumer.py
[2023-12-11T14:38:24.878+0000] {processor.py:766} INFO - DAG(s) dict_keys(['consumer']) retrieved from /opt/airflow/dags/consumer.py
[2023-12-11T14:38:24.914+0000] {logging_mixin.py:120} INFO - [2023-12-11T14:38:24.914+0000] {dag.py:2585} INFO - Sync 1 DAGs
[2023-12-11T14:38:24.936+0000] {logging_mixin.py:120} INFO - [2023-12-11T14:38:24.936+0000] {dag.py:3340} INFO - Setting next_dagrun for consumer to None, run_after=None
[2023-12-11T14:38:24.962+0000] {processor.py:176} INFO - Processing /opt/airflow/dags/consumer.py took 0.120 seconds
[2023-12-11T14:38:55.327+0000] {processor.py:154} INFO - Started process (PID=1063) to work on /opt/airflow/dags/consumer.py
[2023-12-11T14:38:55.328+0000] {processor.py:756} INFO - Processing file /opt/airflow/dags/consumer.py for tasks to queue
[2023-12-11T14:38:55.329+0000] {logging_mixin.py:120} INFO - [2023-12-11T14:38:55.329+0000] {dagbag.py:537} INFO - Filling up the DagBag from /opt/airflow/dags/consumer.py
[2023-12-11T14:38:55.354+0000] {processor.py:766} INFO - DAG(s) dict_keys(['consumer']) retrieved from /opt/airflow/dags/consumer.py
[2023-12-11T14:38:55.388+0000] {logging_mixin.py:120} INFO - [2023-12-11T14:38:55.388+0000] {dag.py:2585} INFO - Sync 1 DAGs
[2023-12-11T14:38:55.409+0000] {logging_mixin.py:120} INFO - [2023-12-11T14:38:55.409+0000] {dag.py:3340} INFO - Setting next_dagrun for consumer to None, run_after=None
[2023-12-11T14:38:55.432+0000] {processor.py:176} INFO - Processing /opt/airflow/dags/consumer.py took 0.107 seconds
[2023-12-11T14:39:26.362+0000] {processor.py:154} INFO - Started process (PID=1121) to work on /opt/airflow/dags/consumer.py
[2023-12-11T14:39:26.363+0000] {processor.py:756} INFO - Processing file /opt/airflow/dags/consumer.py for tasks to queue
[2023-12-11T14:39:26.363+0000] {logging_mixin.py:120} INFO - [2023-12-11T14:39:26.363+0000] {dagbag.py:537} INFO - Filling up the DagBag from /opt/airflow/dags/consumer.py
[2023-12-11T14:39:26.394+0000] {processor.py:766} INFO - DAG(s) dict_keys(['consumer']) retrieved from /opt/airflow/dags/consumer.py
[2023-12-11T14:39:26.432+0000] {logging_mixin.py:120} INFO - [2023-12-11T14:39:26.432+0000] {dag.py:2585} INFO - Sync 1 DAGs
[2023-12-11T14:39:26.463+0000] {logging_mixin.py:120} INFO - [2023-12-11T14:39:26.463+0000] {dag.py:3340} INFO - Setting next_dagrun for consumer to None, run_after=None
[2023-12-11T14:39:26.491+0000] {processor.py:176} INFO - Processing /opt/airflow/dags/consumer.py took 0.132 seconds
[2023-12-11T14:39:40.393+0000] {processor.py:154} INFO - Started process (PID=1174) to work on /opt/airflow/dags/consumer.py
[2023-12-11T14:39:40.395+0000] {processor.py:756} INFO - Processing file /opt/airflow/dags/consumer.py for tasks to queue
[2023-12-11T14:39:40.396+0000] {logging_mixin.py:120} INFO - [2023-12-11T14:39:40.396+0000] {dagbag.py:537} INFO - Filling up the DagBag from /opt/airflow/dags/consumer.py
[2023-12-11T14:39:40.455+0000] {processor.py:766} INFO - DAG(s) dict_keys(['consumer']) retrieved from /opt/airflow/dags/consumer.py
[2023-12-11T14:39:40.499+0000] {logging_mixin.py:120} INFO - [2023-12-11T14:39:40.498+0000] {dag.py:2585} INFO - Sync 1 DAGs
[2023-12-11T14:39:40.528+0000] {logging_mixin.py:120} INFO - [2023-12-11T14:39:40.528+0000] {dag.py:3340} INFO - Setting next_dagrun for consumer to None, run_after=None
[2023-12-11T14:39:40.577+0000] {processor.py:176} INFO - Processing /opt/airflow/dags/consumer.py took 0.188 seconds
[2023-12-11T14:40:10.824+0000] {processor.py:154} INFO - Started process (PID=1231) to work on /opt/airflow/dags/consumer.py
[2023-12-11T14:40:10.825+0000] {processor.py:756} INFO - Processing file /opt/airflow/dags/consumer.py for tasks to queue
[2023-12-11T14:40:10.826+0000] {logging_mixin.py:120} INFO - [2023-12-11T14:40:10.826+0000] {dagbag.py:537} INFO - Filling up the DagBag from /opt/airflow/dags/consumer.py
[2023-12-11T14:40:10.894+0000] {processor.py:766} INFO - DAG(s) dict_keys(['consumer']) retrieved from /opt/airflow/dags/consumer.py
[2023-12-11T14:40:10.952+0000] {logging_mixin.py:120} INFO - [2023-12-11T14:40:10.952+0000] {dag.py:2585} INFO - Sync 1 DAGs
[2023-12-11T14:40:10.979+0000] {logging_mixin.py:120} INFO - [2023-12-11T14:40:10.979+0000] {dag.py:3340} INFO - Setting next_dagrun for consumer to None, run_after=None
[2023-12-11T14:40:11.006+0000] {processor.py:176} INFO - Processing /opt/airflow/dags/consumer.py took 0.186 seconds
[2023-12-11T14:40:41.206+0000] {processor.py:154} INFO - Started process (PID=1293) to work on /opt/airflow/dags/consumer.py
[2023-12-11T14:40:41.207+0000] {processor.py:756} INFO - Processing file /opt/airflow/dags/consumer.py for tasks to queue
[2023-12-11T14:40:41.207+0000] {logging_mixin.py:120} INFO - [2023-12-11T14:40:41.207+0000] {dagbag.py:537} INFO - Filling up the DagBag from /opt/airflow/dags/consumer.py
[2023-12-11T14:40:41.235+0000] {processor.py:766} INFO - DAG(s) dict_keys(['consumer']) retrieved from /opt/airflow/dags/consumer.py
[2023-12-11T14:40:41.269+0000] {logging_mixin.py:120} INFO - [2023-12-11T14:40:41.269+0000] {dag.py:2585} INFO - Sync 1 DAGs
[2023-12-11T14:40:41.290+0000] {logging_mixin.py:120} INFO - [2023-12-11T14:40:41.290+0000] {dag.py:3340} INFO - Setting next_dagrun for consumer to None, run_after=None
[2023-12-11T14:40:41.311+0000] {processor.py:176} INFO - Processing /opt/airflow/dags/consumer.py took 0.108 seconds
[2023-12-11T14:41:11.836+0000] {processor.py:154} INFO - Started process (PID=1358) to work on /opt/airflow/dags/consumer.py
[2023-12-11T14:41:11.837+0000] {processor.py:756} INFO - Processing file /opt/airflow/dags/consumer.py for tasks to queue
[2023-12-11T14:41:11.838+0000] {logging_mixin.py:120} INFO - [2023-12-11T14:41:11.838+0000] {dagbag.py:537} INFO - Filling up the DagBag from /opt/airflow/dags/consumer.py
[2023-12-11T14:41:11.874+0000] {processor.py:766} INFO - DAG(s) dict_keys(['consumer']) retrieved from /opt/airflow/dags/consumer.py
[2023-12-11T14:41:11.913+0000] {logging_mixin.py:120} INFO - [2023-12-11T14:41:11.913+0000] {dag.py:2585} INFO - Sync 1 DAGs
[2023-12-11T14:41:11.943+0000] {logging_mixin.py:120} INFO - [2023-12-11T14:41:11.942+0000] {dag.py:3340} INFO - Setting next_dagrun for consumer to None, run_after=None
[2023-12-11T14:41:11.967+0000] {processor.py:176} INFO - Processing /opt/airflow/dags/consumer.py took 0.135 seconds
[2023-12-11T14:41:42.485+0000] {processor.py:154} INFO - Started process (PID=1418) to work on /opt/airflow/dags/consumer.py
[2023-12-11T14:41:42.487+0000] {processor.py:756} INFO - Processing file /opt/airflow/dags/consumer.py for tasks to queue
[2023-12-11T14:41:42.488+0000] {logging_mixin.py:120} INFO - [2023-12-11T14:41:42.487+0000] {dagbag.py:537} INFO - Filling up the DagBag from /opt/airflow/dags/consumer.py
[2023-12-11T14:41:42.521+0000] {processor.py:766} INFO - DAG(s) dict_keys(['consumer']) retrieved from /opt/airflow/dags/consumer.py
[2023-12-11T14:41:42.561+0000] {logging_mixin.py:120} INFO - [2023-12-11T14:41:42.561+0000] {dag.py:2585} INFO - Sync 1 DAGs
[2023-12-11T14:41:42.586+0000] {logging_mixin.py:120} INFO - [2023-12-11T14:41:42.585+0000] {dag.py:3340} INFO - Setting next_dagrun for consumer to None, run_after=None
[2023-12-11T14:41:42.609+0000] {processor.py:176} INFO - Processing /opt/airflow/dags/consumer.py took 0.127 seconds
[2023-12-11T14:42:13.321+0000] {processor.py:154} INFO - Started process (PID=1485) to work on /opt/airflow/dags/consumer.py
[2023-12-11T14:42:13.322+0000] {processor.py:756} INFO - Processing file /opt/airflow/dags/consumer.py for tasks to queue
[2023-12-11T14:42:13.323+0000] {logging_mixin.py:120} INFO - [2023-12-11T14:42:13.323+0000] {dagbag.py:537} INFO - Filling up the DagBag from /opt/airflow/dags/consumer.py
[2023-12-11T14:42:13.360+0000] {processor.py:766} INFO - DAG(s) dict_keys(['consumer']) retrieved from /opt/airflow/dags/consumer.py
[2023-12-11T14:42:13.397+0000] {logging_mixin.py:120} INFO - [2023-12-11T14:42:13.396+0000] {dag.py:2585} INFO - Sync 1 DAGs
[2023-12-11T14:42:13.419+0000] {logging_mixin.py:120} INFO - [2023-12-11T14:42:13.419+0000] {dag.py:3340} INFO - Setting next_dagrun for consumer to None, run_after=None
[2023-12-11T14:42:13.445+0000] {processor.py:176} INFO - Processing /opt/airflow/dags/consumer.py took 0.128 seconds
[2023-12-11T14:42:43.859+0000] {processor.py:154} INFO - Started process (PID=1552) to work on /opt/airflow/dags/consumer.py
[2023-12-11T14:42:43.861+0000] {processor.py:756} INFO - Processing file /opt/airflow/dags/consumer.py for tasks to queue
[2023-12-11T14:42:43.862+0000] {logging_mixin.py:120} INFO - [2023-12-11T14:42:43.862+0000] {dagbag.py:537} INFO - Filling up the DagBag from /opt/airflow/dags/consumer.py
[2023-12-11T14:42:43.895+0000] {processor.py:766} INFO - DAG(s) dict_keys(['consumer']) retrieved from /opt/airflow/dags/consumer.py
[2023-12-11T14:42:43.933+0000] {logging_mixin.py:120} INFO - [2023-12-11T14:42:43.933+0000] {dag.py:2585} INFO - Sync 1 DAGs
[2023-12-11T14:42:43.957+0000] {logging_mixin.py:120} INFO - [2023-12-11T14:42:43.956+0000] {dag.py:3340} INFO - Setting next_dagrun for consumer to None, run_after=None
[2023-12-11T14:42:43.986+0000] {processor.py:176} INFO - Processing /opt/airflow/dags/consumer.py took 0.130 seconds
[2023-12-11T14:43:14.109+0000] {processor.py:154} INFO - Started process (PID=1607) to work on /opt/airflow/dags/consumer.py
[2023-12-11T14:43:14.110+0000] {processor.py:756} INFO - Processing file /opt/airflow/dags/consumer.py for tasks to queue
[2023-12-11T14:43:14.111+0000] {logging_mixin.py:120} INFO - [2023-12-11T14:43:14.111+0000] {dagbag.py:537} INFO - Filling up the DagBag from /opt/airflow/dags/consumer.py
[2023-12-11T14:43:14.156+0000] {processor.py:766} INFO - DAG(s) dict_keys(['consumer']) retrieved from /opt/airflow/dags/consumer.py
[2023-12-11T14:43:14.203+0000] {logging_mixin.py:120} INFO - [2023-12-11T14:43:14.202+0000] {dag.py:2585} INFO - Sync 1 DAGs
[2023-12-11T14:43:14.247+0000] {logging_mixin.py:120} INFO - [2023-12-11T14:43:14.247+0000] {dag.py:3340} INFO - Setting next_dagrun for consumer to None, run_after=None
[2023-12-11T14:43:14.279+0000] {processor.py:176} INFO - Processing /opt/airflow/dags/consumer.py took 0.173 seconds
[2023-12-11T14:43:44.541+0000] {processor.py:154} INFO - Started process (PID=1671) to work on /opt/airflow/dags/consumer.py
[2023-12-11T14:43:44.542+0000] {processor.py:756} INFO - Processing file /opt/airflow/dags/consumer.py for tasks to queue
[2023-12-11T14:43:44.543+0000] {logging_mixin.py:120} INFO - [2023-12-11T14:43:44.542+0000] {dagbag.py:537} INFO - Filling up the DagBag from /opt/airflow/dags/consumer.py
[2023-12-11T14:43:44.584+0000] {processor.py:766} INFO - DAG(s) dict_keys(['consumer']) retrieved from /opt/airflow/dags/consumer.py
[2023-12-11T14:43:44.619+0000] {logging_mixin.py:120} INFO - [2023-12-11T14:43:44.619+0000] {dag.py:2585} INFO - Sync 1 DAGs
[2023-12-11T14:43:44.659+0000] {logging_mixin.py:120} INFO - [2023-12-11T14:43:44.659+0000] {dag.py:3340} INFO - Setting next_dagrun for consumer to None, run_after=None
[2023-12-11T14:43:44.690+0000] {processor.py:176} INFO - Processing /opt/airflow/dags/consumer.py took 0.152 seconds
[2023-12-11T14:44:14.942+0000] {processor.py:154} INFO - Started process (PID=1735) to work on /opt/airflow/dags/consumer.py
[2023-12-11T14:44:14.943+0000] {processor.py:756} INFO - Processing file /opt/airflow/dags/consumer.py for tasks to queue
[2023-12-11T14:44:14.944+0000] {logging_mixin.py:120} INFO - [2023-12-11T14:44:14.944+0000] {dagbag.py:537} INFO - Filling up the DagBag from /opt/airflow/dags/consumer.py
[2023-12-11T14:44:14.983+0000] {processor.py:766} INFO - DAG(s) dict_keys(['consumer']) retrieved from /opt/airflow/dags/consumer.py
[2023-12-11T14:44:15.026+0000] {logging_mixin.py:120} INFO - [2023-12-11T14:44:15.026+0000] {dag.py:2585} INFO - Sync 1 DAGs
[2023-12-11T14:44:15.053+0000] {logging_mixin.py:120} INFO - [2023-12-11T14:44:15.053+0000] {dag.py:3340} INFO - Setting next_dagrun for consumer to None, run_after=None
[2023-12-11T14:44:15.076+0000] {processor.py:176} INFO - Processing /opt/airflow/dags/consumer.py took 0.138 seconds
[2023-12-11T14:44:45.178+0000] {processor.py:154} INFO - Started process (PID=1793) to work on /opt/airflow/dags/consumer.py
[2023-12-11T14:44:45.179+0000] {processor.py:756} INFO - Processing file /opt/airflow/dags/consumer.py for tasks to queue
[2023-12-11T14:44:45.179+0000] {logging_mixin.py:120} INFO - [2023-12-11T14:44:45.179+0000] {dagbag.py:537} INFO - Filling up the DagBag from /opt/airflow/dags/consumer.py
[2023-12-11T14:44:45.217+0000] {processor.py:766} INFO - DAG(s) dict_keys(['consumer']) retrieved from /opt/airflow/dags/consumer.py
[2023-12-11T14:44:45.257+0000] {logging_mixin.py:120} INFO - [2023-12-11T14:44:45.256+0000] {dag.py:2585} INFO - Sync 1 DAGs
[2023-12-11T14:44:45.280+0000] {logging_mixin.py:120} INFO - [2023-12-11T14:44:45.280+0000] {dag.py:3340} INFO - Setting next_dagrun for consumer to None, run_after=None
[2023-12-11T14:44:45.305+0000] {processor.py:176} INFO - Processing /opt/airflow/dags/consumer.py took 0.130 seconds
[2023-12-11T14:45:15.377+0000] {processor.py:154} INFO - Started process (PID=1858) to work on /opt/airflow/dags/consumer.py
[2023-12-11T14:45:15.378+0000] {processor.py:756} INFO - Processing file /opt/airflow/dags/consumer.py for tasks to queue
[2023-12-11T14:45:15.379+0000] {logging_mixin.py:120} INFO - [2023-12-11T14:45:15.379+0000] {dagbag.py:537} INFO - Filling up the DagBag from /opt/airflow/dags/consumer.py
[2023-12-11T14:45:15.414+0000] {processor.py:766} INFO - DAG(s) dict_keys(['consumer']) retrieved from /opt/airflow/dags/consumer.py
[2023-12-11T14:45:15.449+0000] {logging_mixin.py:120} INFO - [2023-12-11T14:45:15.449+0000] {dag.py:2585} INFO - Sync 1 DAGs
[2023-12-11T14:45:15.474+0000] {logging_mixin.py:120} INFO - [2023-12-11T14:45:15.474+0000] {dag.py:3340} INFO - Setting next_dagrun for consumer to None, run_after=None
[2023-12-11T14:45:15.499+0000] {processor.py:176} INFO - Processing /opt/airflow/dags/consumer.py took 0.125 seconds
[2023-12-11T14:45:46.346+0000] {processor.py:154} INFO - Started process (PID=1923) to work on /opt/airflow/dags/consumer.py
[2023-12-11T14:45:46.348+0000] {processor.py:756} INFO - Processing file /opt/airflow/dags/consumer.py for tasks to queue
[2023-12-11T14:45:46.349+0000] {logging_mixin.py:120} INFO - [2023-12-11T14:45:46.349+0000] {dagbag.py:537} INFO - Filling up the DagBag from /opt/airflow/dags/consumer.py
[2023-12-11T14:45:46.388+0000] {processor.py:766} INFO - DAG(s) dict_keys(['consumer']) retrieved from /opt/airflow/dags/consumer.py
[2023-12-11T14:45:46.436+0000] {logging_mixin.py:120} INFO - [2023-12-11T14:45:46.436+0000] {dag.py:2585} INFO - Sync 1 DAGs
[2023-12-11T14:45:46.471+0000] {logging_mixin.py:120} INFO - [2023-12-11T14:45:46.471+0000] {dag.py:3340} INFO - Setting next_dagrun for consumer to None, run_after=None
[2023-12-11T14:45:46.503+0000] {processor.py:176} INFO - Processing /opt/airflow/dags/consumer.py took 0.160 seconds
[2023-12-11T14:46:16.900+0000] {processor.py:154} INFO - Started process (PID=1981) to work on /opt/airflow/dags/consumer.py
[2023-12-11T14:46:16.901+0000] {processor.py:756} INFO - Processing file /opt/airflow/dags/consumer.py for tasks to queue
[2023-12-11T14:46:16.903+0000] {logging_mixin.py:120} INFO - [2023-12-11T14:46:16.903+0000] {dagbag.py:537} INFO - Filling up the DagBag from /opt/airflow/dags/consumer.py
[2023-12-11T14:46:16.934+0000] {processor.py:766} INFO - DAG(s) dict_keys(['consumer']) retrieved from /opt/airflow/dags/consumer.py
[2023-12-11T14:46:16.968+0000] {logging_mixin.py:120} INFO - [2023-12-11T14:46:16.967+0000] {dag.py:2585} INFO - Sync 1 DAGs
[2023-12-11T14:46:16.991+0000] {logging_mixin.py:120} INFO - [2023-12-11T14:46:16.991+0000] {dag.py:3340} INFO - Setting next_dagrun for consumer to None, run_after=None
[2023-12-11T14:46:17.014+0000] {processor.py:176} INFO - Processing /opt/airflow/dags/consumer.py took 0.117 seconds
[2023-12-11T14:46:47.284+0000] {processor.py:154} INFO - Started process (PID=2045) to work on /opt/airflow/dags/consumer.py
[2023-12-11T14:46:47.286+0000] {processor.py:756} INFO - Processing file /opt/airflow/dags/consumer.py for tasks to queue
[2023-12-11T14:46:47.287+0000] {logging_mixin.py:120} INFO - [2023-12-11T14:46:47.287+0000] {dagbag.py:537} INFO - Filling up the DagBag from /opt/airflow/dags/consumer.py
[2023-12-11T14:46:47.319+0000] {processor.py:766} INFO - DAG(s) dict_keys(['consumer']) retrieved from /opt/airflow/dags/consumer.py
[2023-12-11T14:46:47.354+0000] {logging_mixin.py:120} INFO - [2023-12-11T14:46:47.354+0000] {dag.py:2585} INFO - Sync 1 DAGs
[2023-12-11T14:46:47.378+0000] {logging_mixin.py:120} INFO - [2023-12-11T14:46:47.377+0000] {dag.py:3340} INFO - Setting next_dagrun for consumer to None, run_after=None
[2023-12-11T14:46:47.400+0000] {processor.py:176} INFO - Processing /opt/airflow/dags/consumer.py took 0.119 seconds
[2023-12-11T14:47:17.660+0000] {processor.py:154} INFO - Started process (PID=2110) to work on /opt/airflow/dags/consumer.py
[2023-12-11T14:47:17.661+0000] {processor.py:756} INFO - Processing file /opt/airflow/dags/consumer.py for tasks to queue
[2023-12-11T14:47:17.662+0000] {logging_mixin.py:120} INFO - [2023-12-11T14:47:17.661+0000] {dagbag.py:537} INFO - Filling up the DagBag from /opt/airflow/dags/consumer.py
[2023-12-11T14:47:17.691+0000] {processor.py:766} INFO - DAG(s) dict_keys(['consumer']) retrieved from /opt/airflow/dags/consumer.py
[2023-12-11T14:47:17.724+0000] {logging_mixin.py:120} INFO - [2023-12-11T14:47:17.724+0000] {dag.py:2585} INFO - Sync 1 DAGs
[2023-12-11T14:47:17.746+0000] {logging_mixin.py:120} INFO - [2023-12-11T14:47:17.746+0000] {dag.py:3340} INFO - Setting next_dagrun for consumer to None, run_after=None
[2023-12-11T14:47:17.767+0000] {processor.py:176} INFO - Processing /opt/airflow/dags/consumer.py took 0.110 seconds
[2023-12-11T14:47:47.974+0000] {processor.py:154} INFO - Started process (PID=2168) to work on /opt/airflow/dags/consumer.py
[2023-12-11T14:47:47.975+0000] {processor.py:756} INFO - Processing file /opt/airflow/dags/consumer.py for tasks to queue
[2023-12-11T14:47:47.976+0000] {logging_mixin.py:120} INFO - [2023-12-11T14:47:47.976+0000] {dagbag.py:537} INFO - Filling up the DagBag from /opt/airflow/dags/consumer.py
[2023-12-11T14:47:48.005+0000] {processor.py:766} INFO - DAG(s) dict_keys(['consumer']) retrieved from /opt/airflow/dags/consumer.py
[2023-12-11T14:47:48.041+0000] {logging_mixin.py:120} INFO - [2023-12-11T14:47:48.041+0000] {dag.py:2585} INFO - Sync 1 DAGs
[2023-12-11T14:47:48.066+0000] {logging_mixin.py:120} INFO - [2023-12-11T14:47:48.066+0000] {dag.py:3340} INFO - Setting next_dagrun for consumer to None, run_after=None
[2023-12-11T14:47:48.087+0000] {processor.py:176} INFO - Processing /opt/airflow/dags/consumer.py took 0.117 seconds
[2023-12-11T14:48:18.491+0000] {processor.py:154} INFO - Started process (PID=2235) to work on /opt/airflow/dags/consumer.py
[2023-12-11T14:48:18.492+0000] {processor.py:756} INFO - Processing file /opt/airflow/dags/consumer.py for tasks to queue
[2023-12-11T14:48:18.492+0000] {logging_mixin.py:120} INFO - [2023-12-11T14:48:18.492+0000] {dagbag.py:537} INFO - Filling up the DagBag from /opt/airflow/dags/consumer.py
[2023-12-11T14:48:18.522+0000] {processor.py:766} INFO - DAG(s) dict_keys(['consumer']) retrieved from /opt/airflow/dags/consumer.py
[2023-12-11T14:48:18.559+0000] {logging_mixin.py:120} INFO - [2023-12-11T14:48:18.559+0000] {dag.py:2585} INFO - Sync 1 DAGs
[2023-12-11T14:48:18.583+0000] {logging_mixin.py:120} INFO - [2023-12-11T14:48:18.583+0000] {dag.py:3340} INFO - Setting next_dagrun for consumer to None, run_after=None
[2023-12-11T14:48:18.606+0000] {processor.py:176} INFO - Processing /opt/airflow/dags/consumer.py took 0.118 seconds
[2023-12-11T14:48:48.754+0000] {processor.py:154} INFO - Started process (PID=2301) to work on /opt/airflow/dags/consumer.py
[2023-12-11T14:48:48.755+0000] {processor.py:756} INFO - Processing file /opt/airflow/dags/consumer.py for tasks to queue
[2023-12-11T14:48:48.755+0000] {logging_mixin.py:120} INFO - [2023-12-11T14:48:48.755+0000] {dagbag.py:537} INFO - Filling up the DagBag from /opt/airflow/dags/consumer.py
[2023-12-11T14:48:48.789+0000] {processor.py:766} INFO - DAG(s) dict_keys(['consumer']) retrieved from /opt/airflow/dags/consumer.py
[2023-12-11T14:48:48.830+0000] {logging_mixin.py:120} INFO - [2023-12-11T14:48:48.830+0000] {dag.py:2585} INFO - Sync 1 DAGs
[2023-12-11T14:48:48.869+0000] {logging_mixin.py:120} INFO - [2023-12-11T14:48:48.869+0000] {dag.py:3340} INFO - Setting next_dagrun for consumer to None, run_after=None
[2023-12-11T14:48:48.905+0000] {processor.py:176} INFO - Processing /opt/airflow/dags/consumer.py took 0.154 seconds
[2023-12-11T14:49:19.577+0000] {processor.py:154} INFO - Started process (PID=2357) to work on /opt/airflow/dags/consumer.py
[2023-12-11T14:49:19.578+0000] {processor.py:756} INFO - Processing file /opt/airflow/dags/consumer.py for tasks to queue
[2023-12-11T14:49:19.579+0000] {logging_mixin.py:120} INFO - [2023-12-11T14:49:19.579+0000] {dagbag.py:537} INFO - Filling up the DagBag from /opt/airflow/dags/consumer.py
[2023-12-11T14:49:19.615+0000] {processor.py:766} INFO - DAG(s) dict_keys(['consumer']) retrieved from /opt/airflow/dags/consumer.py
[2023-12-11T14:49:19.658+0000] {logging_mixin.py:120} INFO - [2023-12-11T14:49:19.658+0000] {dag.py:2585} INFO - Sync 1 DAGs
[2023-12-11T14:49:19.684+0000] {logging_mixin.py:120} INFO - [2023-12-11T14:49:19.684+0000] {dag.py:3340} INFO - Setting next_dagrun for consumer to None, run_after=None
[2023-12-11T14:49:19.707+0000] {processor.py:176} INFO - Processing /opt/airflow/dags/consumer.py took 0.135 seconds
[2023-12-11T14:49:49.861+0000] {processor.py:154} INFO - Started process (PID=2424) to work on /opt/airflow/dags/consumer.py
[2023-12-11T14:49:49.861+0000] {processor.py:756} INFO - Processing file /opt/airflow/dags/consumer.py for tasks to queue
[2023-12-11T14:49:49.862+0000] {logging_mixin.py:120} INFO - [2023-12-11T14:49:49.862+0000] {dagbag.py:537} INFO - Filling up the DagBag from /opt/airflow/dags/consumer.py
[2023-12-11T14:49:49.892+0000] {processor.py:766} INFO - DAG(s) dict_keys(['consumer']) retrieved from /opt/airflow/dags/consumer.py
[2023-12-11T14:49:49.922+0000] {logging_mixin.py:120} INFO - [2023-12-11T14:49:49.922+0000] {dag.py:2585} INFO - Sync 1 DAGs
[2023-12-11T14:49:49.944+0000] {logging_mixin.py:120} INFO - [2023-12-11T14:49:49.944+0000] {dag.py:3340} INFO - Setting next_dagrun for consumer to None, run_after=None
[2023-12-11T14:49:49.964+0000] {processor.py:176} INFO - Processing /opt/airflow/dags/consumer.py took 0.105 seconds
[2023-12-11T14:50:20.413+0000] {processor.py:154} INFO - Started process (PID=2491) to work on /opt/airflow/dags/consumer.py
[2023-12-11T14:50:20.415+0000] {processor.py:756} INFO - Processing file /opt/airflow/dags/consumer.py for tasks to queue
[2023-12-11T14:50:20.416+0000] {logging_mixin.py:120} INFO - [2023-12-11T14:50:20.416+0000] {dagbag.py:537} INFO - Filling up the DagBag from /opt/airflow/dags/consumer.py
[2023-12-11T14:50:20.472+0000] {processor.py:766} INFO - DAG(s) dict_keys(['consumer']) retrieved from /opt/airflow/dags/consumer.py
[2023-12-11T14:50:20.517+0000] {logging_mixin.py:120} INFO - [2023-12-11T14:50:20.517+0000] {dag.py:2585} INFO - Sync 1 DAGs
[2023-12-11T14:50:20.543+0000] {logging_mixin.py:120} INFO - [2023-12-11T14:50:20.543+0000] {dag.py:3340} INFO - Setting next_dagrun for consumer to None, run_after=None
[2023-12-11T14:50:20.567+0000] {processor.py:176} INFO - Processing /opt/airflow/dags/consumer.py took 0.157 seconds
[2023-12-11T14:50:51.019+0000] {processor.py:154} INFO - Started process (PID=2556) to work on /opt/airflow/dags/consumer.py
[2023-12-11T14:50:51.020+0000] {processor.py:756} INFO - Processing file /opt/airflow/dags/consumer.py for tasks to queue
[2023-12-11T14:50:51.022+0000] {logging_mixin.py:120} INFO - [2023-12-11T14:50:51.021+0000] {dagbag.py:537} INFO - Filling up the DagBag from /opt/airflow/dags/consumer.py
[2023-12-11T14:50:51.058+0000] {processor.py:766} INFO - DAG(s) dict_keys(['consumer']) retrieved from /opt/airflow/dags/consumer.py
[2023-12-11T14:50:51.101+0000] {logging_mixin.py:120} INFO - [2023-12-11T14:50:51.101+0000] {dag.py:2585} INFO - Sync 1 DAGs
[2023-12-11T14:50:51.128+0000] {logging_mixin.py:120} INFO - [2023-12-11T14:50:51.128+0000] {dag.py:3340} INFO - Setting next_dagrun for consumer to None, run_after=None
[2023-12-11T14:50:51.157+0000] {processor.py:176} INFO - Processing /opt/airflow/dags/consumer.py took 0.142 seconds
[2023-12-11T14:51:21.656+0000] {processor.py:154} INFO - Started process (PID=2616) to work on /opt/airflow/dags/consumer.py
[2023-12-11T14:51:21.658+0000] {processor.py:756} INFO - Processing file /opt/airflow/dags/consumer.py for tasks to queue
[2023-12-11T14:51:21.659+0000] {logging_mixin.py:120} INFO - [2023-12-11T14:51:21.659+0000] {dagbag.py:537} INFO - Filling up the DagBag from /opt/airflow/dags/consumer.py
[2023-12-11T14:51:21.695+0000] {processor.py:766} INFO - DAG(s) dict_keys(['consumer']) retrieved from /opt/airflow/dags/consumer.py
[2023-12-11T14:51:21.737+0000] {logging_mixin.py:120} INFO - [2023-12-11T14:51:21.737+0000] {dag.py:2585} INFO - Sync 1 DAGs
[2023-12-11T14:51:21.777+0000] {logging_mixin.py:120} INFO - [2023-12-11T14:51:21.777+0000] {dag.py:3340} INFO - Setting next_dagrun for consumer to None, run_after=None
[2023-12-11T14:51:21.805+0000] {processor.py:176} INFO - Processing /opt/airflow/dags/consumer.py took 0.153 seconds
[2023-12-11T14:51:52.350+0000] {processor.py:154} INFO - Started process (PID=2683) to work on /opt/airflow/dags/consumer.py
[2023-12-11T14:51:52.352+0000] {processor.py:756} INFO - Processing file /opt/airflow/dags/consumer.py for tasks to queue
[2023-12-11T14:51:52.353+0000] {logging_mixin.py:120} INFO - [2023-12-11T14:51:52.352+0000] {dagbag.py:537} INFO - Filling up the DagBag from /opt/airflow/dags/consumer.py
[2023-12-11T14:51:52.404+0000] {processor.py:766} INFO - DAG(s) dict_keys(['consumer']) retrieved from /opt/airflow/dags/consumer.py
[2023-12-11T14:51:52.462+0000] {logging_mixin.py:120} INFO - [2023-12-11T14:51:52.461+0000] {dag.py:2585} INFO - Sync 1 DAGs
[2023-12-11T14:51:52.500+0000] {logging_mixin.py:120} INFO - [2023-12-11T14:51:52.499+0000] {dag.py:3340} INFO - Setting next_dagrun for consumer to None, run_after=None
[2023-12-11T14:51:52.532+0000] {processor.py:176} INFO - Processing /opt/airflow/dags/consumer.py took 0.186 seconds
[2023-12-11T14:52:22.719+0000] {processor.py:154} INFO - Started process (PID=2751) to work on /opt/airflow/dags/consumer.py
[2023-12-11T14:52:22.720+0000] {processor.py:756} INFO - Processing file /opt/airflow/dags/consumer.py for tasks to queue
[2023-12-11T14:52:22.722+0000] {logging_mixin.py:120} INFO - [2023-12-11T14:52:22.722+0000] {dagbag.py:537} INFO - Filling up the DagBag from /opt/airflow/dags/consumer.py
[2023-12-11T14:52:22.787+0000] {processor.py:766} INFO - DAG(s) dict_keys(['consumer']) retrieved from /opt/airflow/dags/consumer.py
[2023-12-11T14:52:22.876+0000] {logging_mixin.py:120} INFO - [2023-12-11T14:52:22.875+0000] {dag.py:2585} INFO - Sync 1 DAGs
[2023-12-11T14:52:22.975+0000] {logging_mixin.py:120} INFO - [2023-12-11T14:52:22.975+0000] {dag.py:3340} INFO - Setting next_dagrun for consumer to None, run_after=None
[2023-12-11T14:52:23.055+0000] {processor.py:176} INFO - Processing /opt/airflow/dags/consumer.py took 0.341 seconds
[2023-12-11T14:52:53.207+0000] {processor.py:154} INFO - Started process (PID=2809) to work on /opt/airflow/dags/consumer.py
[2023-12-11T14:52:53.209+0000] {processor.py:756} INFO - Processing file /opt/airflow/dags/consumer.py for tasks to queue
[2023-12-11T14:52:53.210+0000] {logging_mixin.py:120} INFO - [2023-12-11T14:52:53.209+0000] {dagbag.py:537} INFO - Filling up the DagBag from /opt/airflow/dags/consumer.py
[2023-12-11T14:52:53.246+0000] {processor.py:766} INFO - DAG(s) dict_keys(['consumer']) retrieved from /opt/airflow/dags/consumer.py
[2023-12-11T14:52:53.288+0000] {logging_mixin.py:120} INFO - [2023-12-11T14:52:53.288+0000] {dag.py:2585} INFO - Sync 1 DAGs
[2023-12-11T14:52:53.314+0000] {logging_mixin.py:120} INFO - [2023-12-11T14:52:53.314+0000] {dag.py:3340} INFO - Setting next_dagrun for consumer to None, run_after=None
[2023-12-11T14:52:53.344+0000] {processor.py:176} INFO - Processing /opt/airflow/dags/consumer.py took 0.139 seconds
[2023-12-11T14:53:23.488+0000] {processor.py:154} INFO - Started process (PID=2876) to work on /opt/airflow/dags/consumer.py
[2023-12-11T14:53:23.490+0000] {processor.py:756} INFO - Processing file /opt/airflow/dags/consumer.py for tasks to queue
[2023-12-11T14:53:23.491+0000] {logging_mixin.py:120} INFO - [2023-12-11T14:53:23.491+0000] {dagbag.py:537} INFO - Filling up the DagBag from /opt/airflow/dags/consumer.py
[2023-12-11T14:53:23.523+0000] {processor.py:766} INFO - DAG(s) dict_keys(['consumer']) retrieved from /opt/airflow/dags/consumer.py
[2023-12-11T14:53:23.567+0000] {logging_mixin.py:120} INFO - [2023-12-11T14:53:23.567+0000] {dag.py:2585} INFO - Sync 1 DAGs
[2023-12-11T14:53:23.598+0000] {logging_mixin.py:120} INFO - [2023-12-11T14:53:23.597+0000] {dag.py:3340} INFO - Setting next_dagrun for consumer to None, run_after=None
[2023-12-11T14:53:23.622+0000] {processor.py:176} INFO - Processing /opt/airflow/dags/consumer.py took 0.137 seconds
[2023-12-11T14:53:53.688+0000] {processor.py:154} INFO - Started process (PID=2934) to work on /opt/airflow/dags/consumer.py
[2023-12-11T14:53:53.690+0000] {processor.py:756} INFO - Processing file /opt/airflow/dags/consumer.py for tasks to queue
[2023-12-11T14:53:53.691+0000] {logging_mixin.py:120} INFO - [2023-12-11T14:53:53.691+0000] {dagbag.py:537} INFO - Filling up the DagBag from /opt/airflow/dags/consumer.py
[2023-12-11T14:53:53.733+0000] {processor.py:766} INFO - DAG(s) dict_keys(['consumer']) retrieved from /opt/airflow/dags/consumer.py
[2023-12-11T14:53:53.779+0000] {logging_mixin.py:120} INFO - [2023-12-11T14:53:53.779+0000] {dag.py:2585} INFO - Sync 1 DAGs
[2023-12-11T14:53:53.808+0000] {logging_mixin.py:120} INFO - [2023-12-11T14:53:53.808+0000] {dag.py:3340} INFO - Setting next_dagrun for consumer to None, run_after=None
[2023-12-11T14:53:53.835+0000] {processor.py:176} INFO - Processing /opt/airflow/dags/consumer.py took 0.151 seconds
[2023-12-11T14:54:23.982+0000] {processor.py:154} INFO - Started process (PID=3001) to work on /opt/airflow/dags/consumer.py
[2023-12-11T14:54:23.983+0000] {processor.py:756} INFO - Processing file /opt/airflow/dags/consumer.py for tasks to queue
[2023-12-11T14:54:23.984+0000] {logging_mixin.py:120} INFO - [2023-12-11T14:54:23.984+0000] {dagbag.py:537} INFO - Filling up the DagBag from /opt/airflow/dags/consumer.py
[2023-12-11T14:54:24.026+0000] {processor.py:766} INFO - DAG(s) dict_keys(['consumer']) retrieved from /opt/airflow/dags/consumer.py
[2023-12-11T14:54:24.072+0000] {logging_mixin.py:120} INFO - [2023-12-11T14:54:24.071+0000] {dag.py:2585} INFO - Sync 1 DAGs
[2023-12-11T14:54:24.101+0000] {logging_mixin.py:120} INFO - [2023-12-11T14:54:24.101+0000] {dag.py:3340} INFO - Setting next_dagrun for consumer to None, run_after=None
[2023-12-11T14:54:24.130+0000] {processor.py:176} INFO - Processing /opt/airflow/dags/consumer.py took 0.151 seconds
[2023-12-11T14:54:54.475+0000] {processor.py:154} INFO - Started process (PID=3059) to work on /opt/airflow/dags/consumer.py
[2023-12-11T14:54:54.476+0000] {processor.py:756} INFO - Processing file /opt/airflow/dags/consumer.py for tasks to queue
[2023-12-11T14:54:54.477+0000] {logging_mixin.py:120} INFO - [2023-12-11T14:54:54.477+0000] {dagbag.py:537} INFO - Filling up the DagBag from /opt/airflow/dags/consumer.py
[2023-12-11T14:54:54.519+0000] {processor.py:766} INFO - DAG(s) dict_keys(['consumer']) retrieved from /opt/airflow/dags/consumer.py
[2023-12-11T14:54:54.567+0000] {logging_mixin.py:120} INFO - [2023-12-11T14:54:54.567+0000] {dag.py:2585} INFO - Sync 1 DAGs
[2023-12-11T14:54:54.603+0000] {logging_mixin.py:120} INFO - [2023-12-11T14:54:54.603+0000] {dag.py:3340} INFO - Setting next_dagrun for consumer to None, run_after=None
[2023-12-11T14:54:54.636+0000] {processor.py:176} INFO - Processing /opt/airflow/dags/consumer.py took 0.163 seconds
[2023-12-11T14:55:24.725+0000] {processor.py:154} INFO - Started process (PID=3126) to work on /opt/airflow/dags/consumer.py
[2023-12-11T14:55:24.727+0000] {processor.py:756} INFO - Processing file /opt/airflow/dags/consumer.py for tasks to queue
[2023-12-11T14:55:24.729+0000] {logging_mixin.py:120} INFO - [2023-12-11T14:55:24.729+0000] {dagbag.py:537} INFO - Filling up the DagBag from /opt/airflow/dags/consumer.py
[2023-12-11T14:55:24.775+0000] {processor.py:766} INFO - DAG(s) dict_keys(['consumer']) retrieved from /opt/airflow/dags/consumer.py
[2023-12-11T14:55:24.815+0000] {logging_mixin.py:120} INFO - [2023-12-11T14:55:24.815+0000] {dag.py:2585} INFO - Sync 1 DAGs
[2023-12-11T14:55:24.842+0000] {logging_mixin.py:120} INFO - [2023-12-11T14:55:24.842+0000] {dag.py:3340} INFO - Setting next_dagrun for consumer to None, run_after=None
[2023-12-11T14:55:24.870+0000] {processor.py:176} INFO - Processing /opt/airflow/dags/consumer.py took 0.148 seconds
[2023-12-11T14:55:55.234+0000] {processor.py:154} INFO - Started process (PID=3195) to work on /opt/airflow/dags/consumer.py
[2023-12-11T14:55:55.236+0000] {processor.py:756} INFO - Processing file /opt/airflow/dags/consumer.py for tasks to queue
[2023-12-11T14:55:55.237+0000] {logging_mixin.py:120} INFO - [2023-12-11T14:55:55.237+0000] {dagbag.py:537} INFO - Filling up the DagBag from /opt/airflow/dags/consumer.py
[2023-12-11T14:55:55.284+0000] {processor.py:766} INFO - DAG(s) dict_keys(['consumer']) retrieved from /opt/airflow/dags/consumer.py
[2023-12-11T14:55:55.331+0000] {logging_mixin.py:120} INFO - [2023-12-11T14:55:55.331+0000] {dag.py:2585} INFO - Sync 1 DAGs
[2023-12-11T14:55:55.364+0000] {logging_mixin.py:120} INFO - [2023-12-11T14:55:55.364+0000] {dag.py:3340} INFO - Setting next_dagrun for consumer to None, run_after=None
[2023-12-11T14:55:55.389+0000] {processor.py:176} INFO - Processing /opt/airflow/dags/consumer.py took 0.159 seconds
[2023-12-11T14:56:25.892+0000] {processor.py:154} INFO - Started process (PID=3255) to work on /opt/airflow/dags/consumer.py
[2023-12-11T14:56:25.893+0000] {processor.py:756} INFO - Processing file /opt/airflow/dags/consumer.py for tasks to queue
[2023-12-11T14:56:25.894+0000] {logging_mixin.py:120} INFO - [2023-12-11T14:56:25.894+0000] {dagbag.py:537} INFO - Filling up the DagBag from /opt/airflow/dags/consumer.py
[2023-12-11T14:56:25.922+0000] {processor.py:766} INFO - DAG(s) dict_keys(['consumer']) retrieved from /opt/airflow/dags/consumer.py
[2023-12-11T14:56:25.955+0000] {logging_mixin.py:120} INFO - [2023-12-11T14:56:25.955+0000] {dag.py:2585} INFO - Sync 1 DAGs
[2023-12-11T14:56:25.978+0000] {logging_mixin.py:120} INFO - [2023-12-11T14:56:25.978+0000] {dag.py:3340} INFO - Setting next_dagrun for consumer to None, run_after=None
[2023-12-11T14:56:26.000+0000] {processor.py:176} INFO - Processing /opt/airflow/dags/consumer.py took 0.111 seconds
[2023-12-11T14:56:56.593+0000] {processor.py:154} INFO - Started process (PID=3325) to work on /opt/airflow/dags/consumer.py
[2023-12-11T14:56:56.595+0000] {processor.py:756} INFO - Processing file /opt/airflow/dags/consumer.py for tasks to queue
[2023-12-11T14:56:56.597+0000] {logging_mixin.py:120} INFO - [2023-12-11T14:56:56.597+0000] {dagbag.py:537} INFO - Filling up the DagBag from /opt/airflow/dags/consumer.py
[2023-12-11T14:56:56.657+0000] {processor.py:766} INFO - DAG(s) dict_keys(['consumer']) retrieved from /opt/airflow/dags/consumer.py
[2023-12-11T14:56:56.714+0000] {logging_mixin.py:120} INFO - [2023-12-11T14:56:56.713+0000] {dag.py:2585} INFO - Sync 1 DAGs
[2023-12-11T14:56:56.743+0000] {logging_mixin.py:120} INFO - [2023-12-11T14:56:56.743+0000] {dag.py:3340} INFO - Setting next_dagrun for consumer to None, run_after=None
[2023-12-11T14:56:56.769+0000] {processor.py:176} INFO - Processing /opt/airflow/dags/consumer.py took 0.181 seconds
[2023-12-11T14:57:26.857+0000] {processor.py:154} INFO - Started process (PID=3395) to work on /opt/airflow/dags/consumer.py
[2023-12-11T14:57:26.859+0000] {processor.py:756} INFO - Processing file /opt/airflow/dags/consumer.py for tasks to queue
[2023-12-11T14:57:26.859+0000] {logging_mixin.py:120} INFO - [2023-12-11T14:57:26.859+0000] {dagbag.py:537} INFO - Filling up the DagBag from /opt/airflow/dags/consumer.py
[2023-12-11T14:57:26.908+0000] {processor.py:766} INFO - DAG(s) dict_keys(['consumer']) retrieved from /opt/airflow/dags/consumer.py
[2023-12-11T14:57:26.950+0000] {logging_mixin.py:120} INFO - [2023-12-11T14:57:26.949+0000] {dag.py:2585} INFO - Sync 1 DAGs
[2023-12-11T14:57:26.982+0000] {logging_mixin.py:120} INFO - [2023-12-11T14:57:26.982+0000] {dag.py:3340} INFO - Setting next_dagrun for consumer to None, run_after=None
[2023-12-11T14:57:27.012+0000] {processor.py:176} INFO - Processing /opt/airflow/dags/consumer.py took 0.159 seconds
[2023-12-11T14:57:57.728+0000] {processor.py:154} INFO - Started process (PID=3455) to work on /opt/airflow/dags/consumer.py
[2023-12-11T14:57:57.729+0000] {processor.py:756} INFO - Processing file /opt/airflow/dags/consumer.py for tasks to queue
[2023-12-11T14:57:57.730+0000] {logging_mixin.py:120} INFO - [2023-12-11T14:57:57.730+0000] {dagbag.py:537} INFO - Filling up the DagBag from /opt/airflow/dags/consumer.py
[2023-12-11T14:57:57.765+0000] {processor.py:766} INFO - DAG(s) dict_keys(['consumer']) retrieved from /opt/airflow/dags/consumer.py
[2023-12-11T14:57:57.804+0000] {logging_mixin.py:120} INFO - [2023-12-11T14:57:57.803+0000] {dag.py:2585} INFO - Sync 1 DAGs
[2023-12-11T14:57:57.829+0000] {logging_mixin.py:120} INFO - [2023-12-11T14:57:57.829+0000] {dag.py:3340} INFO - Setting next_dagrun for consumer to None, run_after=None
[2023-12-11T14:57:57.860+0000] {processor.py:176} INFO - Processing /opt/airflow/dags/consumer.py took 0.135 seconds
[2023-12-11T14:58:27.914+0000] {processor.py:154} INFO - Started process (PID=3525) to work on /opt/airflow/dags/consumer.py
[2023-12-11T14:58:27.914+0000] {processor.py:756} INFO - Processing file /opt/airflow/dags/consumer.py for tasks to queue
[2023-12-11T14:58:27.915+0000] {logging_mixin.py:120} INFO - [2023-12-11T14:58:27.915+0000] {dagbag.py:537} INFO - Filling up the DagBag from /opt/airflow/dags/consumer.py
[2023-12-11T14:58:27.958+0000] {processor.py:766} INFO - DAG(s) dict_keys(['consumer']) retrieved from /opt/airflow/dags/consumer.py
[2023-12-11T14:58:27.997+0000] {logging_mixin.py:120} INFO - [2023-12-11T14:58:27.997+0000] {dag.py:2585} INFO - Sync 1 DAGs
[2023-12-11T14:58:28.034+0000] {logging_mixin.py:120} INFO - [2023-12-11T14:58:28.034+0000] {dag.py:3340} INFO - Setting next_dagrun for consumer to None, run_after=None
[2023-12-11T14:58:28.066+0000] {processor.py:176} INFO - Processing /opt/airflow/dags/consumer.py took 0.156 seconds
[2023-12-11T14:58:58.426+0000] {processor.py:154} INFO - Started process (PID=3594) to work on /opt/airflow/dags/consumer.py
[2023-12-11T14:58:58.428+0000] {processor.py:756} INFO - Processing file /opt/airflow/dags/consumer.py for tasks to queue
[2023-12-11T14:58:58.429+0000] {logging_mixin.py:120} INFO - [2023-12-11T14:58:58.429+0000] {dagbag.py:537} INFO - Filling up the DagBag from /opt/airflow/dags/consumer.py
[2023-12-11T14:58:58.480+0000] {processor.py:766} INFO - DAG(s) dict_keys(['consumer']) retrieved from /opt/airflow/dags/consumer.py
[2023-12-11T14:58:58.531+0000] {logging_mixin.py:120} INFO - [2023-12-11T14:58:58.530+0000] {dag.py:2585} INFO - Sync 1 DAGs
[2023-12-11T14:58:58.563+0000] {logging_mixin.py:120} INFO - [2023-12-11T14:58:58.563+0000] {dag.py:3340} INFO - Setting next_dagrun for consumer to None, run_after=None
[2023-12-11T14:58:58.592+0000] {processor.py:176} INFO - Processing /opt/airflow/dags/consumer.py took 0.171 seconds
[2023-12-11T14:59:29.531+0000] {processor.py:154} INFO - Started process (PID=3654) to work on /opt/airflow/dags/consumer.py
[2023-12-11T14:59:29.532+0000] {processor.py:756} INFO - Processing file /opt/airflow/dags/consumer.py for tasks to queue
[2023-12-11T14:59:29.533+0000] {logging_mixin.py:120} INFO - [2023-12-11T14:59:29.533+0000] {dagbag.py:537} INFO - Filling up the DagBag from /opt/airflow/dags/consumer.py
[2023-12-11T14:59:29.563+0000] {processor.py:766} INFO - DAG(s) dict_keys(['consumer']) retrieved from /opt/airflow/dags/consumer.py
[2023-12-11T14:59:29.600+0000] {logging_mixin.py:120} INFO - [2023-12-11T14:59:29.600+0000] {dag.py:2585} INFO - Sync 1 DAGs
[2023-12-11T14:59:29.633+0000] {logging_mixin.py:120} INFO - [2023-12-11T14:59:29.633+0000] {dag.py:3340} INFO - Setting next_dagrun for consumer to None, run_after=None
[2023-12-11T14:59:29.656+0000] {processor.py:176} INFO - Processing /opt/airflow/dags/consumer.py took 0.129 seconds
[2023-12-11T15:00:00.332+0000] {processor.py:154} INFO - Started process (PID=3725) to work on /opt/airflow/dags/consumer.py
[2023-12-11T15:00:00.333+0000] {processor.py:756} INFO - Processing file /opt/airflow/dags/consumer.py for tasks to queue
[2023-12-11T15:00:00.335+0000] {logging_mixin.py:120} INFO - [2023-12-11T15:00:00.335+0000] {dagbag.py:537} INFO - Filling up the DagBag from /opt/airflow/dags/consumer.py
[2023-12-11T15:00:00.364+0000] {processor.py:766} INFO - DAG(s) dict_keys(['consumer']) retrieved from /opt/airflow/dags/consumer.py
[2023-12-11T15:00:00.403+0000] {logging_mixin.py:120} INFO - [2023-12-11T15:00:00.403+0000] {dag.py:2585} INFO - Sync 1 DAGs
[2023-12-11T15:00:00.429+0000] {logging_mixin.py:120} INFO - [2023-12-11T15:00:00.429+0000] {dag.py:3340} INFO - Setting next_dagrun for consumer to None, run_after=None
[2023-12-11T15:00:00.455+0000] {processor.py:176} INFO - Processing /opt/airflow/dags/consumer.py took 0.125 seconds
[2023-12-11T15:00:30.551+0000] {processor.py:154} INFO - Started process (PID=3794) to work on /opt/airflow/dags/consumer.py
[2023-12-11T15:00:30.553+0000] {processor.py:756} INFO - Processing file /opt/airflow/dags/consumer.py for tasks to queue
[2023-12-11T15:00:30.553+0000] {logging_mixin.py:120} INFO - [2023-12-11T15:00:30.553+0000] {dagbag.py:537} INFO - Filling up the DagBag from /opt/airflow/dags/consumer.py
[2023-12-11T15:00:30.595+0000] {processor.py:766} INFO - DAG(s) dict_keys(['consumer']) retrieved from /opt/airflow/dags/consumer.py
[2023-12-11T15:00:30.646+0000] {logging_mixin.py:120} INFO - [2023-12-11T15:00:30.645+0000] {dag.py:2585} INFO - Sync 1 DAGs
[2023-12-11T15:00:30.676+0000] {logging_mixin.py:120} INFO - [2023-12-11T15:00:30.676+0000] {dag.py:3340} INFO - Setting next_dagrun for consumer to None, run_after=None
[2023-12-11T15:00:30.704+0000] {processor.py:176} INFO - Processing /opt/airflow/dags/consumer.py took 0.156 seconds
[2023-12-11T15:01:00.947+0000] {processor.py:154} INFO - Started process (PID=3854) to work on /opt/airflow/dags/consumer.py
[2023-12-11T15:01:00.948+0000] {processor.py:756} INFO - Processing file /opt/airflow/dags/consumer.py for tasks to queue
[2023-12-11T15:01:00.949+0000] {logging_mixin.py:120} INFO - [2023-12-11T15:01:00.949+0000] {dagbag.py:537} INFO - Filling up the DagBag from /opt/airflow/dags/consumer.py
[2023-12-11T15:01:00.984+0000] {processor.py:766} INFO - DAG(s) dict_keys(['consumer']) retrieved from /opt/airflow/dags/consumer.py
[2023-12-11T15:01:01.034+0000] {logging_mixin.py:120} INFO - [2023-12-11T15:01:01.034+0000] {dag.py:2585} INFO - Sync 1 DAGs
[2023-12-11T15:01:01.061+0000] {logging_mixin.py:120} INFO - [2023-12-11T15:01:01.061+0000] {dag.py:3340} INFO - Setting next_dagrun for consumer to None, run_after=None
[2023-12-11T15:01:01.082+0000] {processor.py:176} INFO - Processing /opt/airflow/dags/consumer.py took 0.138 seconds
[2023-12-11T15:01:31.320+0000] {processor.py:154} INFO - Started process (PID=3923) to work on /opt/airflow/dags/consumer.py
[2023-12-11T15:01:31.321+0000] {processor.py:756} INFO - Processing file /opt/airflow/dags/consumer.py for tasks to queue
[2023-12-11T15:01:31.322+0000] {logging_mixin.py:120} INFO - [2023-12-11T15:01:31.322+0000] {dagbag.py:537} INFO - Filling up the DagBag from /opt/airflow/dags/consumer.py
[2023-12-11T15:01:31.353+0000] {processor.py:766} INFO - DAG(s) dict_keys(['consumer']) retrieved from /opt/airflow/dags/consumer.py
[2023-12-11T15:01:31.388+0000] {logging_mixin.py:120} INFO - [2023-12-11T15:01:31.388+0000] {dag.py:2585} INFO - Sync 1 DAGs
[2023-12-11T15:01:31.412+0000] {logging_mixin.py:120} INFO - [2023-12-11T15:01:31.412+0000] {dag.py:3340} INFO - Setting next_dagrun for consumer to None, run_after=None
[2023-12-11T15:01:31.431+0000] {processor.py:176} INFO - Processing /opt/airflow/dags/consumer.py took 0.114 seconds
[2023-12-11T15:02:01.823+0000] {processor.py:154} INFO - Started process (PID=3984) to work on /opt/airflow/dags/consumer.py
[2023-12-11T15:02:01.824+0000] {processor.py:756} INFO - Processing file /opt/airflow/dags/consumer.py for tasks to queue
[2023-12-11T15:02:01.824+0000] {logging_mixin.py:120} INFO - [2023-12-11T15:02:01.824+0000] {dagbag.py:537} INFO - Filling up the DagBag from /opt/airflow/dags/consumer.py
[2023-12-11T15:02:01.852+0000] {processor.py:766} INFO - DAG(s) dict_keys(['consumer']) retrieved from /opt/airflow/dags/consumer.py
[2023-12-11T15:02:01.900+0000] {logging_mixin.py:120} INFO - [2023-12-11T15:02:01.900+0000] {dag.py:2585} INFO - Sync 1 DAGs
[2023-12-11T15:02:01.928+0000] {logging_mixin.py:120} INFO - [2023-12-11T15:02:01.928+0000] {dag.py:3340} INFO - Setting next_dagrun for consumer to None, run_after=None
[2023-12-11T15:02:01.953+0000] {processor.py:176} INFO - Processing /opt/airflow/dags/consumer.py took 0.133 seconds
[2023-12-11T15:02:32.191+0000] {processor.py:154} INFO - Started process (PID=4053) to work on /opt/airflow/dags/consumer.py
[2023-12-11T15:02:32.191+0000] {processor.py:756} INFO - Processing file /opt/airflow/dags/consumer.py for tasks to queue
[2023-12-11T15:02:32.192+0000] {logging_mixin.py:120} INFO - [2023-12-11T15:02:32.192+0000] {dagbag.py:537} INFO - Filling up the DagBag from /opt/airflow/dags/consumer.py
[2023-12-11T15:02:32.222+0000] {processor.py:766} INFO - DAG(s) dict_keys(['consumer']) retrieved from /opt/airflow/dags/consumer.py
[2023-12-11T15:02:32.264+0000] {logging_mixin.py:120} INFO - [2023-12-11T15:02:32.264+0000] {dag.py:2585} INFO - Sync 1 DAGs
[2023-12-11T15:02:32.287+0000] {logging_mixin.py:120} INFO - [2023-12-11T15:02:32.287+0000] {dag.py:3340} INFO - Setting next_dagrun for consumer to None, run_after=None
[2023-12-11T15:02:32.306+0000] {processor.py:176} INFO - Processing /opt/airflow/dags/consumer.py took 0.118 seconds
[2023-12-11T15:03:02.623+0000] {processor.py:154} INFO - Started process (PID=4128) to work on /opt/airflow/dags/consumer.py
[2023-12-11T15:03:02.624+0000] {processor.py:756} INFO - Processing file /opt/airflow/dags/consumer.py for tasks to queue
[2023-12-11T15:03:02.625+0000] {logging_mixin.py:120} INFO - [2023-12-11T15:03:02.625+0000] {dagbag.py:537} INFO - Filling up the DagBag from /opt/airflow/dags/consumer.py
[2023-12-11T15:03:02.665+0000] {processor.py:766} INFO - DAG(s) dict_keys(['consumer']) retrieved from /opt/airflow/dags/consumer.py
[2023-12-11T15:03:02.712+0000] {logging_mixin.py:120} INFO - [2023-12-11T15:03:02.711+0000] {dag.py:2585} INFO - Sync 1 DAGs
[2023-12-11T15:03:02.753+0000] {logging_mixin.py:120} INFO - [2023-12-11T15:03:02.752+0000] {dag.py:3340} INFO - Setting next_dagrun for consumer to None, run_after=None
[2023-12-11T15:03:02.796+0000] {processor.py:176} INFO - Processing /opt/airflow/dags/consumer.py took 0.176 seconds
[2023-12-11T15:03:33.233+0000] {processor.py:154} INFO - Started process (PID=4188) to work on /opt/airflow/dags/consumer.py
[2023-12-11T15:03:33.234+0000] {processor.py:756} INFO - Processing file /opt/airflow/dags/consumer.py for tasks to queue
[2023-12-11T15:03:33.235+0000] {logging_mixin.py:120} INFO - [2023-12-11T15:03:33.235+0000] {dagbag.py:537} INFO - Filling up the DagBag from /opt/airflow/dags/consumer.py
[2023-12-11T15:03:33.271+0000] {processor.py:766} INFO - DAG(s) dict_keys(['consumer']) retrieved from /opt/airflow/dags/consumer.py
[2023-12-11T15:03:33.313+0000] {logging_mixin.py:120} INFO - [2023-12-11T15:03:33.313+0000] {dag.py:2585} INFO - Sync 1 DAGs
[2023-12-11T15:03:33.338+0000] {logging_mixin.py:120} INFO - [2023-12-11T15:03:33.338+0000] {dag.py:3340} INFO - Setting next_dagrun for consumer to None, run_after=None
[2023-12-11T15:03:33.362+0000] {processor.py:176} INFO - Processing /opt/airflow/dags/consumer.py took 0.133 seconds
[2023-12-11T15:04:03.667+0000] {processor.py:154} INFO - Started process (PID=4262) to work on /opt/airflow/dags/consumer.py
[2023-12-11T15:04:03.668+0000] {processor.py:756} INFO - Processing file /opt/airflow/dags/consumer.py for tasks to queue
[2023-12-11T15:04:03.669+0000] {logging_mixin.py:120} INFO - [2023-12-11T15:04:03.669+0000] {dagbag.py:537} INFO - Filling up the DagBag from /opt/airflow/dags/consumer.py
[2023-12-11T15:04:03.696+0000] {processor.py:766} INFO - DAG(s) dict_keys(['consumer']) retrieved from /opt/airflow/dags/consumer.py
[2023-12-11T15:04:03.728+0000] {logging_mixin.py:120} INFO - [2023-12-11T15:04:03.728+0000] {dag.py:2585} INFO - Sync 1 DAGs
[2023-12-11T15:04:03.750+0000] {logging_mixin.py:120} INFO - [2023-12-11T15:04:03.750+0000] {dag.py:3340} INFO - Setting next_dagrun for consumer to None, run_after=None
[2023-12-11T15:04:03.771+0000] {processor.py:176} INFO - Processing /opt/airflow/dags/consumer.py took 0.106 seconds
[2023-12-11T15:04:34.147+0000] {processor.py:154} INFO - Started process (PID=4331) to work on /opt/airflow/dags/consumer.py
[2023-12-11T15:04:34.148+0000] {processor.py:756} INFO - Processing file /opt/airflow/dags/consumer.py for tasks to queue
[2023-12-11T15:04:34.149+0000] {logging_mixin.py:120} INFO - [2023-12-11T15:04:34.149+0000] {dagbag.py:537} INFO - Filling up the DagBag from /opt/airflow/dags/consumer.py
[2023-12-11T15:04:34.178+0000] {processor.py:766} INFO - DAG(s) dict_keys(['consumer']) retrieved from /opt/airflow/dags/consumer.py
[2023-12-11T15:04:34.211+0000] {logging_mixin.py:120} INFO - [2023-12-11T15:04:34.211+0000] {dag.py:2585} INFO - Sync 1 DAGs
[2023-12-11T15:04:34.233+0000] {logging_mixin.py:120} INFO - [2023-12-11T15:04:34.233+0000] {dag.py:3340} INFO - Setting next_dagrun for consumer to None, run_after=None
[2023-12-11T15:04:34.254+0000] {processor.py:176} INFO - Processing /opt/airflow/dags/consumer.py took 0.109 seconds
[2023-12-11T15:05:04.680+0000] {processor.py:154} INFO - Started process (PID=4391) to work on /opt/airflow/dags/consumer.py
[2023-12-11T15:05:04.681+0000] {processor.py:756} INFO - Processing file /opt/airflow/dags/consumer.py for tasks to queue
[2023-12-11T15:05:04.682+0000] {logging_mixin.py:120} INFO - [2023-12-11T15:05:04.682+0000] {dagbag.py:537} INFO - Filling up the DagBag from /opt/airflow/dags/consumer.py
[2023-12-11T15:05:04.714+0000] {processor.py:766} INFO - DAG(s) dict_keys(['consumer']) retrieved from /opt/airflow/dags/consumer.py
[2023-12-11T15:05:04.752+0000] {logging_mixin.py:120} INFO - [2023-12-11T15:05:04.752+0000] {dag.py:2585} INFO - Sync 1 DAGs
[2023-12-11T15:05:04.776+0000] {logging_mixin.py:120} INFO - [2023-12-11T15:05:04.776+0000] {dag.py:3340} INFO - Setting next_dagrun for consumer to None, run_after=None
[2023-12-11T15:05:04.806+0000] {processor.py:176} INFO - Processing /opt/airflow/dags/consumer.py took 0.128 seconds
[2023-12-11T15:05:35.427+0000] {processor.py:154} INFO - Started process (PID=4460) to work on /opt/airflow/dags/consumer.py
[2023-12-11T15:05:35.428+0000] {processor.py:756} INFO - Processing file /opt/airflow/dags/consumer.py for tasks to queue
[2023-12-11T15:05:35.429+0000] {logging_mixin.py:120} INFO - [2023-12-11T15:05:35.429+0000] {dagbag.py:537} INFO - Filling up the DagBag from /opt/airflow/dags/consumer.py
[2023-12-11T15:05:35.473+0000] {processor.py:766} INFO - DAG(s) dict_keys(['consumer']) retrieved from /opt/airflow/dags/consumer.py
[2023-12-11T15:05:35.551+0000] {logging_mixin.py:120} INFO - [2023-12-11T15:05:35.551+0000] {dag.py:2585} INFO - Sync 1 DAGs
[2023-12-11T15:05:35.592+0000] {logging_mixin.py:120} INFO - [2023-12-11T15:05:35.592+0000] {dag.py:3340} INFO - Setting next_dagrun for consumer to None, run_after=None
[2023-12-11T15:05:35.629+0000] {processor.py:176} INFO - Processing /opt/airflow/dags/consumer.py took 0.204 seconds
[2023-12-11T15:06:05.678+0000] {processor.py:154} INFO - Started process (PID=4530) to work on /opt/airflow/dags/consumer.py
[2023-12-11T15:06:05.679+0000] {processor.py:756} INFO - Processing file /opt/airflow/dags/consumer.py for tasks to queue
[2023-12-11T15:06:05.680+0000] {logging_mixin.py:120} INFO - [2023-12-11T15:06:05.679+0000] {dagbag.py:537} INFO - Filling up the DagBag from /opt/airflow/dags/consumer.py
[2023-12-11T15:06:05.706+0000] {processor.py:766} INFO - DAG(s) dict_keys(['consumer']) retrieved from /opt/airflow/dags/consumer.py
[2023-12-11T15:06:05.738+0000] {logging_mixin.py:120} INFO - [2023-12-11T15:06:05.738+0000] {dag.py:2585} INFO - Sync 1 DAGs
[2023-12-11T15:06:05.761+0000] {logging_mixin.py:120} INFO - [2023-12-11T15:06:05.760+0000] {dag.py:3340} INFO - Setting next_dagrun for consumer to None, run_after=None
[2023-12-11T15:06:05.783+0000] {processor.py:176} INFO - Processing /opt/airflow/dags/consumer.py took 0.108 seconds
[2023-12-11T15:06:35.864+0000] {processor.py:154} INFO - Started process (PID=4591) to work on /opt/airflow/dags/consumer.py
[2023-12-11T15:06:35.865+0000] {processor.py:756} INFO - Processing file /opt/airflow/dags/consumer.py for tasks to queue
[2023-12-11T15:06:35.866+0000] {logging_mixin.py:120} INFO - [2023-12-11T15:06:35.866+0000] {dagbag.py:537} INFO - Filling up the DagBag from /opt/airflow/dags/consumer.py
[2023-12-11T15:06:35.895+0000] {processor.py:766} INFO - DAG(s) dict_keys(['consumer']) retrieved from /opt/airflow/dags/consumer.py
[2023-12-11T15:06:35.930+0000] {logging_mixin.py:120} INFO - [2023-12-11T15:06:35.930+0000] {dag.py:2585} INFO - Sync 1 DAGs
[2023-12-11T15:06:35.955+0000] {logging_mixin.py:120} INFO - [2023-12-11T15:06:35.955+0000] {dag.py:3340} INFO - Setting next_dagrun for consumer to None, run_after=None
[2023-12-11T15:06:35.982+0000] {processor.py:176} INFO - Processing /opt/airflow/dags/consumer.py took 0.122 seconds
[2023-12-11T15:07:06.168+0000] {processor.py:154} INFO - Started process (PID=4661) to work on /opt/airflow/dags/consumer.py
[2023-12-11T15:07:06.169+0000] {processor.py:756} INFO - Processing file /opt/airflow/dags/consumer.py for tasks to queue
[2023-12-11T15:07:06.169+0000] {logging_mixin.py:120} INFO - [2023-12-11T15:07:06.169+0000] {dagbag.py:537} INFO - Filling up the DagBag from /opt/airflow/dags/consumer.py
[2023-12-11T15:07:06.200+0000] {processor.py:766} INFO - DAG(s) dict_keys(['consumer']) retrieved from /opt/airflow/dags/consumer.py
[2023-12-11T15:07:06.233+0000] {logging_mixin.py:120} INFO - [2023-12-11T15:07:06.233+0000] {dag.py:2585} INFO - Sync 1 DAGs
[2023-12-11T15:07:06.254+0000] {logging_mixin.py:120} INFO - [2023-12-11T15:07:06.254+0000] {dag.py:3340} INFO - Setting next_dagrun for consumer to None, run_after=None
[2023-12-11T15:07:06.275+0000] {processor.py:176} INFO - Processing /opt/airflow/dags/consumer.py took 0.110 seconds
[2023-12-11T15:07:36.627+0000] {processor.py:154} INFO - Started process (PID=4731) to work on /opt/airflow/dags/consumer.py
[2023-12-11T15:07:36.628+0000] {processor.py:756} INFO - Processing file /opt/airflow/dags/consumer.py for tasks to queue
[2023-12-11T15:07:36.629+0000] {logging_mixin.py:120} INFO - [2023-12-11T15:07:36.629+0000] {dagbag.py:537} INFO - Filling up the DagBag from /opt/airflow/dags/consumer.py
[2023-12-11T15:07:36.666+0000] {processor.py:766} INFO - DAG(s) dict_keys(['consumer']) retrieved from /opt/airflow/dags/consumer.py
[2023-12-11T15:07:36.716+0000] {logging_mixin.py:120} INFO - [2023-12-11T15:07:36.716+0000] {dag.py:2585} INFO - Sync 1 DAGs
[2023-12-11T15:07:36.744+0000] {logging_mixin.py:120} INFO - [2023-12-11T15:07:36.744+0000] {dag.py:3340} INFO - Setting next_dagrun for consumer to None, run_after=None
[2023-12-11T15:07:36.773+0000] {processor.py:176} INFO - Processing /opt/airflow/dags/consumer.py took 0.150 seconds
[2023-12-11T15:08:06.962+0000] {processor.py:154} INFO - Started process (PID=4790) to work on /opt/airflow/dags/consumer.py
[2023-12-11T15:08:06.963+0000] {processor.py:756} INFO - Processing file /opt/airflow/dags/consumer.py for tasks to queue
[2023-12-11T15:08:06.964+0000] {logging_mixin.py:120} INFO - [2023-12-11T15:08:06.963+0000] {dagbag.py:537} INFO - Filling up the DagBag from /opt/airflow/dags/consumer.py
[2023-12-11T15:08:06.999+0000] {processor.py:766} INFO - DAG(s) dict_keys(['consumer']) retrieved from /opt/airflow/dags/consumer.py
[2023-12-11T15:08:07.038+0000] {logging_mixin.py:120} INFO - [2023-12-11T15:08:07.037+0000] {dag.py:2585} INFO - Sync 1 DAGs
[2023-12-11T15:08:07.062+0000] {logging_mixin.py:120} INFO - [2023-12-11T15:08:07.061+0000] {dag.py:3340} INFO - Setting next_dagrun for consumer to None, run_after=None
[2023-12-11T15:08:07.088+0000] {processor.py:176} INFO - Processing /opt/airflow/dags/consumer.py took 0.129 seconds
[2023-12-11T15:08:37.759+0000] {processor.py:154} INFO - Started process (PID=4860) to work on /opt/airflow/dags/consumer.py
[2023-12-11T15:08:37.760+0000] {processor.py:756} INFO - Processing file /opt/airflow/dags/consumer.py for tasks to queue
[2023-12-11T15:08:37.761+0000] {logging_mixin.py:120} INFO - [2023-12-11T15:08:37.761+0000] {dagbag.py:537} INFO - Filling up the DagBag from /opt/airflow/dags/consumer.py
[2023-12-11T15:08:37.804+0000] {processor.py:766} INFO - DAG(s) dict_keys(['consumer']) retrieved from /opt/airflow/dags/consumer.py
[2023-12-11T15:08:37.849+0000] {logging_mixin.py:120} INFO - [2023-12-11T15:08:37.849+0000] {dag.py:2585} INFO - Sync 1 DAGs
[2023-12-11T15:08:37.880+0000] {logging_mixin.py:120} INFO - [2023-12-11T15:08:37.880+0000] {dag.py:3340} INFO - Setting next_dagrun for consumer to None, run_after=None
[2023-12-11T15:08:37.911+0000] {processor.py:176} INFO - Processing /opt/airflow/dags/consumer.py took 0.156 seconds
[2023-12-11T15:09:08.325+0000] {processor.py:154} INFO - Started process (PID=4931) to work on /opt/airflow/dags/consumer.py
[2023-12-11T15:09:08.326+0000] {processor.py:756} INFO - Processing file /opt/airflow/dags/consumer.py for tasks to queue
[2023-12-11T15:09:08.327+0000] {logging_mixin.py:120} INFO - [2023-12-11T15:09:08.327+0000] {dagbag.py:537} INFO - Filling up the DagBag from /opt/airflow/dags/consumer.py
[2023-12-11T15:09:08.365+0000] {processor.py:766} INFO - DAG(s) dict_keys(['consumer']) retrieved from /opt/airflow/dags/consumer.py
[2023-12-11T15:09:08.410+0000] {logging_mixin.py:120} INFO - [2023-12-11T15:09:08.409+0000] {dag.py:2585} INFO - Sync 1 DAGs
[2023-12-11T15:09:08.443+0000] {logging_mixin.py:120} INFO - [2023-12-11T15:09:08.443+0000] {dag.py:3340} INFO - Setting next_dagrun for consumer to None, run_after=None
[2023-12-11T15:09:08.486+0000] {processor.py:176} INFO - Processing /opt/airflow/dags/consumer.py took 0.164 seconds
[2023-12-11T15:09:39.034+0000] {processor.py:154} INFO - Started process (PID=4992) to work on /opt/airflow/dags/consumer.py
[2023-12-11T15:09:39.035+0000] {processor.py:756} INFO - Processing file /opt/airflow/dags/consumer.py for tasks to queue
[2023-12-11T15:09:39.036+0000] {logging_mixin.py:120} INFO - [2023-12-11T15:09:39.036+0000] {dagbag.py:537} INFO - Filling up the DagBag from /opt/airflow/dags/consumer.py
[2023-12-11T15:09:39.063+0000] {processor.py:766} INFO - DAG(s) dict_keys(['consumer']) retrieved from /opt/airflow/dags/consumer.py
[2023-12-11T15:09:39.093+0000] {logging_mixin.py:120} INFO - [2023-12-11T15:09:39.093+0000] {dag.py:2585} INFO - Sync 1 DAGs
[2023-12-11T15:09:39.115+0000] {logging_mixin.py:120} INFO - [2023-12-11T15:09:39.115+0000] {dag.py:3340} INFO - Setting next_dagrun for consumer to None, run_after=None
[2023-12-11T15:09:39.140+0000] {processor.py:176} INFO - Processing /opt/airflow/dags/consumer.py took 0.108 seconds
[2023-12-11T15:10:09.897+0000] {processor.py:154} INFO - Started process (PID=5062) to work on /opt/airflow/dags/consumer.py
[2023-12-11T15:10:09.899+0000] {processor.py:756} INFO - Processing file /opt/airflow/dags/consumer.py for tasks to queue
[2023-12-11T15:10:09.900+0000] {logging_mixin.py:120} INFO - [2023-12-11T15:10:09.900+0000] {dagbag.py:537} INFO - Filling up the DagBag from /opt/airflow/dags/consumer.py
[2023-12-11T15:10:09.937+0000] {processor.py:766} INFO - DAG(s) dict_keys(['consumer']) retrieved from /opt/airflow/dags/consumer.py
[2023-12-11T15:10:09.978+0000] {logging_mixin.py:120} INFO - [2023-12-11T15:10:09.978+0000] {dag.py:2585} INFO - Sync 1 DAGs
[2023-12-11T15:10:10.003+0000] {logging_mixin.py:120} INFO - [2023-12-11T15:10:10.003+0000] {dag.py:3340} INFO - Setting next_dagrun for consumer to None, run_after=None
[2023-12-11T15:10:10.026+0000] {processor.py:176} INFO - Processing /opt/airflow/dags/consumer.py took 0.132 seconds
[2023-12-11T15:10:40.570+0000] {processor.py:154} INFO - Started process (PID=5132) to work on /opt/airflow/dags/consumer.py
[2023-12-11T15:10:40.572+0000] {processor.py:756} INFO - Processing file /opt/airflow/dags/consumer.py for tasks to queue
[2023-12-11T15:10:40.572+0000] {logging_mixin.py:120} INFO - [2023-12-11T15:10:40.572+0000] {dagbag.py:537} INFO - Filling up the DagBag from /opt/airflow/dags/consumer.py
[2023-12-11T15:10:40.609+0000] {processor.py:766} INFO - DAG(s) dict_keys(['consumer']) retrieved from /opt/airflow/dags/consumer.py
[2023-12-11T15:10:40.644+0000] {logging_mixin.py:120} INFO - [2023-12-11T15:10:40.644+0000] {dag.py:2585} INFO - Sync 1 DAGs
[2023-12-11T15:10:40.668+0000] {logging_mixin.py:120} INFO - [2023-12-11T15:10:40.668+0000] {dag.py:3340} INFO - Setting next_dagrun for consumer to None, run_after=None
[2023-12-11T15:10:40.692+0000] {processor.py:176} INFO - Processing /opt/airflow/dags/consumer.py took 0.125 seconds
[2023-12-11T15:11:11.078+0000] {processor.py:154} INFO - Started process (PID=5194) to work on /opt/airflow/dags/consumer.py
[2023-12-11T15:11:11.079+0000] {processor.py:756} INFO - Processing file /opt/airflow/dags/consumer.py for tasks to queue
[2023-12-11T15:11:11.080+0000] {logging_mixin.py:120} INFO - [2023-12-11T15:11:11.080+0000] {dagbag.py:537} INFO - Filling up the DagBag from /opt/airflow/dags/consumer.py
[2023-12-11T15:11:11.119+0000] {processor.py:766} INFO - DAG(s) dict_keys(['consumer']) retrieved from /opt/airflow/dags/consumer.py
[2023-12-11T15:11:11.156+0000] {logging_mixin.py:120} INFO - [2023-12-11T15:11:11.156+0000] {dag.py:2585} INFO - Sync 1 DAGs
[2023-12-11T15:11:11.182+0000] {logging_mixin.py:120} INFO - [2023-12-11T15:11:11.182+0000] {dag.py:3340} INFO - Setting next_dagrun for consumer to None, run_after=None
[2023-12-11T15:11:11.204+0000] {processor.py:176} INFO - Processing /opt/airflow/dags/consumer.py took 0.128 seconds
[2023-12-11T15:11:41.950+0000] {processor.py:154} INFO - Started process (PID=5265) to work on /opt/airflow/dags/consumer.py
[2023-12-11T15:11:41.951+0000] {processor.py:756} INFO - Processing file /opt/airflow/dags/consumer.py for tasks to queue
[2023-12-11T15:11:41.952+0000] {logging_mixin.py:120} INFO - [2023-12-11T15:11:41.951+0000] {dagbag.py:537} INFO - Filling up the DagBag from /opt/airflow/dags/consumer.py
[2023-12-11T15:11:41.983+0000] {processor.py:766} INFO - DAG(s) dict_keys(['consumer']) retrieved from /opt/airflow/dags/consumer.py
[2023-12-11T15:11:42.017+0000] {logging_mixin.py:120} INFO - [2023-12-11T15:11:42.017+0000] {dag.py:2585} INFO - Sync 1 DAGs
[2023-12-11T15:11:42.041+0000] {logging_mixin.py:120} INFO - [2023-12-11T15:11:42.041+0000] {dag.py:3340} INFO - Setting next_dagrun for consumer to None, run_after=None
[2023-12-11T15:11:42.066+0000] {processor.py:176} INFO - Processing /opt/airflow/dags/consumer.py took 0.119 seconds
[2023-12-11T15:12:12.705+0000] {processor.py:154} INFO - Started process (PID=5337) to work on /opt/airflow/dags/consumer.py
[2023-12-11T15:12:12.707+0000] {processor.py:756} INFO - Processing file /opt/airflow/dags/consumer.py for tasks to queue
[2023-12-11T15:12:12.709+0000] {logging_mixin.py:120} INFO - [2023-12-11T15:12:12.709+0000] {dagbag.py:537} INFO - Filling up the DagBag from /opt/airflow/dags/consumer.py
[2023-12-11T15:12:12.766+0000] {processor.py:766} INFO - DAG(s) dict_keys(['consumer']) retrieved from /opt/airflow/dags/consumer.py
[2023-12-11T15:12:12.821+0000] {logging_mixin.py:120} INFO - [2023-12-11T15:12:12.821+0000] {dag.py:2585} INFO - Sync 1 DAGs
[2023-12-11T15:12:12.848+0000] {logging_mixin.py:120} INFO - [2023-12-11T15:12:12.848+0000] {dag.py:3340} INFO - Setting next_dagrun for consumer to None, run_after=None
[2023-12-11T15:12:12.873+0000] {processor.py:176} INFO - Processing /opt/airflow/dags/consumer.py took 0.171 seconds
[2023-12-11T15:12:43.520+0000] {processor.py:154} INFO - Started process (PID=5399) to work on /opt/airflow/dags/consumer.py
[2023-12-11T15:12:43.522+0000] {processor.py:756} INFO - Processing file /opt/airflow/dags/consumer.py for tasks to queue
[2023-12-11T15:12:43.523+0000] {logging_mixin.py:120} INFO - [2023-12-11T15:12:43.523+0000] {dagbag.py:537} INFO - Filling up the DagBag from /opt/airflow/dags/consumer.py
[2023-12-11T15:12:43.562+0000] {processor.py:766} INFO - DAG(s) dict_keys(['consumer']) retrieved from /opt/airflow/dags/consumer.py
[2023-12-11T15:12:43.609+0000] {logging_mixin.py:120} INFO - [2023-12-11T15:12:43.609+0000] {dag.py:2585} INFO - Sync 1 DAGs
[2023-12-11T15:12:43.634+0000] {logging_mixin.py:120} INFO - [2023-12-11T15:12:43.634+0000] {dag.py:3340} INFO - Setting next_dagrun for consumer to None, run_after=None
[2023-12-11T15:12:43.666+0000] {processor.py:176} INFO - Processing /opt/airflow/dags/consumer.py took 0.149 seconds
[2023-12-11T15:13:13.858+0000] {processor.py:154} INFO - Started process (PID=5470) to work on /opt/airflow/dags/consumer.py
[2023-12-11T15:13:13.859+0000] {processor.py:756} INFO - Processing file /opt/airflow/dags/consumer.py for tasks to queue
[2023-12-11T15:13:13.860+0000] {logging_mixin.py:120} INFO - [2023-12-11T15:13:13.860+0000] {dagbag.py:537} INFO - Filling up the DagBag from /opt/airflow/dags/consumer.py
[2023-12-11T15:13:13.894+0000] {processor.py:766} INFO - DAG(s) dict_keys(['consumer']) retrieved from /opt/airflow/dags/consumer.py
[2023-12-11T15:13:13.928+0000] {logging_mixin.py:120} INFO - [2023-12-11T15:13:13.928+0000] {dag.py:2585} INFO - Sync 1 DAGs
[2023-12-11T15:13:13.949+0000] {logging_mixin.py:120} INFO - [2023-12-11T15:13:13.949+0000] {dag.py:3340} INFO - Setting next_dagrun for consumer to None, run_after=None
[2023-12-11T15:13:13.971+0000] {processor.py:176} INFO - Processing /opt/airflow/dags/consumer.py took 0.116 seconds
[2023-12-11T15:13:44.462+0000] {processor.py:154} INFO - Started process (PID=5541) to work on /opt/airflow/dags/consumer.py
[2023-12-11T15:13:44.462+0000] {processor.py:756} INFO - Processing file /opt/airflow/dags/consumer.py for tasks to queue
[2023-12-11T15:13:44.463+0000] {logging_mixin.py:120} INFO - [2023-12-11T15:13:44.463+0000] {dagbag.py:537} INFO - Filling up the DagBag from /opt/airflow/dags/consumer.py
[2023-12-11T15:13:44.497+0000] {processor.py:766} INFO - DAG(s) dict_keys(['consumer']) retrieved from /opt/airflow/dags/consumer.py
[2023-12-11T15:13:44.531+0000] {logging_mixin.py:120} INFO - [2023-12-11T15:13:44.531+0000] {dag.py:2585} INFO - Sync 1 DAGs
[2023-12-11T15:13:44.554+0000] {logging_mixin.py:120} INFO - [2023-12-11T15:13:44.554+0000] {dag.py:3340} INFO - Setting next_dagrun for consumer to None, run_after=None
[2023-12-11T15:13:44.575+0000] {processor.py:176} INFO - Processing /opt/airflow/dags/consumer.py took 0.116 seconds
[2023-12-11T15:14:15.176+0000] {processor.py:154} INFO - Started process (PID=5610) to work on /opt/airflow/dags/consumer.py
[2023-12-11T15:14:15.177+0000] {processor.py:756} INFO - Processing file /opt/airflow/dags/consumer.py for tasks to queue
[2023-12-11T15:14:15.178+0000] {logging_mixin.py:120} INFO - [2023-12-11T15:14:15.177+0000] {dagbag.py:537} INFO - Filling up the DagBag from /opt/airflow/dags/consumer.py
[2023-12-11T15:14:15.218+0000] {processor.py:766} INFO - DAG(s) dict_keys(['consumer']) retrieved from /opt/airflow/dags/consumer.py
[2023-12-11T15:14:15.268+0000] {logging_mixin.py:120} INFO - [2023-12-11T15:14:15.268+0000] {dag.py:2585} INFO - Sync 1 DAGs
[2023-12-11T15:14:15.295+0000] {logging_mixin.py:120} INFO - [2023-12-11T15:14:15.294+0000] {dag.py:3340} INFO - Setting next_dagrun for consumer to None, run_after=None
[2023-12-11T15:14:15.326+0000] {processor.py:176} INFO - Processing /opt/airflow/dags/consumer.py took 0.153 seconds
[2023-12-11T15:14:45.381+0000] {processor.py:154} INFO - Started process (PID=5674) to work on /opt/airflow/dags/consumer.py
[2023-12-11T15:14:45.382+0000] {processor.py:756} INFO - Processing file /opt/airflow/dags/consumer.py for tasks to queue
[2023-12-11T15:14:45.384+0000] {logging_mixin.py:120} INFO - [2023-12-11T15:14:45.383+0000] {dagbag.py:537} INFO - Filling up the DagBag from /opt/airflow/dags/consumer.py
[2023-12-11T15:14:45.423+0000] {processor.py:766} INFO - DAG(s) dict_keys(['consumer']) retrieved from /opt/airflow/dags/consumer.py
[2023-12-11T15:14:45.471+0000] {logging_mixin.py:120} INFO - [2023-12-11T15:14:45.471+0000] {dag.py:2585} INFO - Sync 1 DAGs
[2023-12-11T15:14:45.499+0000] {logging_mixin.py:120} INFO - [2023-12-11T15:14:45.499+0000] {dag.py:3340} INFO - Setting next_dagrun for consumer to None, run_after=None
[2023-12-11T15:14:45.528+0000] {processor.py:176} INFO - Processing /opt/airflow/dags/consumer.py took 0.151 seconds
[2023-12-11T15:15:15.862+0000] {processor.py:154} INFO - Started process (PID=5745) to work on /opt/airflow/dags/consumer.py
[2023-12-11T15:15:15.863+0000] {processor.py:756} INFO - Processing file /opt/airflow/dags/consumer.py for tasks to queue
[2023-12-11T15:15:15.865+0000] {logging_mixin.py:120} INFO - [2023-12-11T15:15:15.865+0000] {dagbag.py:537} INFO - Filling up the DagBag from /opt/airflow/dags/consumer.py
[2023-12-11T15:15:15.903+0000] {processor.py:766} INFO - DAG(s) dict_keys(['consumer']) retrieved from /opt/airflow/dags/consumer.py
[2023-12-11T15:15:15.940+0000] {logging_mixin.py:120} INFO - [2023-12-11T15:15:15.940+0000] {dag.py:2585} INFO - Sync 1 DAGs
[2023-12-11T15:15:15.964+0000] {logging_mixin.py:120} INFO - [2023-12-11T15:15:15.964+0000] {dag.py:3340} INFO - Setting next_dagrun for consumer to None, run_after=None
[2023-12-11T15:15:15.987+0000] {processor.py:176} INFO - Processing /opt/airflow/dags/consumer.py took 0.129 seconds
[2023-12-11T15:15:46.746+0000] {processor.py:154} INFO - Started process (PID=5807) to work on /opt/airflow/dags/consumer.py
[2023-12-11T15:15:46.747+0000] {processor.py:756} INFO - Processing file /opt/airflow/dags/consumer.py for tasks to queue
[2023-12-11T15:15:46.748+0000] {logging_mixin.py:120} INFO - [2023-12-11T15:15:46.748+0000] {dagbag.py:537} INFO - Filling up the DagBag from /opt/airflow/dags/consumer.py
[2023-12-11T15:15:46.790+0000] {processor.py:766} INFO - DAG(s) dict_keys(['consumer']) retrieved from /opt/airflow/dags/consumer.py
[2023-12-11T15:15:46.839+0000] {logging_mixin.py:120} INFO - [2023-12-11T15:15:46.839+0000] {dag.py:2585} INFO - Sync 1 DAGs
[2023-12-11T15:15:46.866+0000] {logging_mixin.py:120} INFO - [2023-12-11T15:15:46.866+0000] {dag.py:3340} INFO - Setting next_dagrun for consumer to None, run_after=None
[2023-12-11T15:15:46.890+0000] {processor.py:176} INFO - Processing /opt/airflow/dags/consumer.py took 0.148 seconds
[2023-12-11T15:16:17.018+0000] {processor.py:154} INFO - Started process (PID=5879) to work on /opt/airflow/dags/consumer.py
[2023-12-11T15:16:17.020+0000] {processor.py:756} INFO - Processing file /opt/airflow/dags/consumer.py for tasks to queue
[2023-12-11T15:16:17.021+0000] {logging_mixin.py:120} INFO - [2023-12-11T15:16:17.021+0000] {dagbag.py:537} INFO - Filling up the DagBag from /opt/airflow/dags/consumer.py
[2023-12-11T15:16:17.079+0000] {processor.py:766} INFO - DAG(s) dict_keys(['consumer']) retrieved from /opt/airflow/dags/consumer.py
[2023-12-11T15:16:17.125+0000] {logging_mixin.py:120} INFO - [2023-12-11T15:16:17.124+0000] {dag.py:2585} INFO - Sync 1 DAGs
[2023-12-11T15:16:17.151+0000] {logging_mixin.py:120} INFO - [2023-12-11T15:16:17.150+0000] {dag.py:3340} INFO - Setting next_dagrun for consumer to None, run_after=None
[2023-12-11T15:16:17.175+0000] {processor.py:176} INFO - Processing /opt/airflow/dags/consumer.py took 0.161 seconds
[2023-12-11T15:16:47.653+0000] {processor.py:154} INFO - Started process (PID=5951) to work on /opt/airflow/dags/consumer.py
[2023-12-11T15:16:47.655+0000] {processor.py:756} INFO - Processing file /opt/airflow/dags/consumer.py for tasks to queue
[2023-12-11T15:16:47.656+0000] {logging_mixin.py:120} INFO - [2023-12-11T15:16:47.656+0000] {dagbag.py:537} INFO - Filling up the DagBag from /opt/airflow/dags/consumer.py
[2023-12-11T15:16:47.692+0000] {processor.py:766} INFO - DAG(s) dict_keys(['consumer']) retrieved from /opt/airflow/dags/consumer.py
[2023-12-11T15:16:47.735+0000] {logging_mixin.py:120} INFO - [2023-12-11T15:16:47.734+0000] {dag.py:2585} INFO - Sync 1 DAGs
[2023-12-11T15:16:47.758+0000] {logging_mixin.py:120} INFO - [2023-12-11T15:16:47.757+0000] {dag.py:3340} INFO - Setting next_dagrun for consumer to None, run_after=None
[2023-12-11T15:16:47.783+0000] {processor.py:176} INFO - Processing /opt/airflow/dags/consumer.py took 0.133 seconds
[2023-12-11T15:17:17.854+0000] {processor.py:154} INFO - Started process (PID=6014) to work on /opt/airflow/dags/consumer.py
[2023-12-11T15:17:17.855+0000] {processor.py:756} INFO - Processing file /opt/airflow/dags/consumer.py for tasks to queue
[2023-12-11T15:17:17.856+0000] {logging_mixin.py:120} INFO - [2023-12-11T15:17:17.856+0000] {dagbag.py:537} INFO - Filling up the DagBag from /opt/airflow/dags/consumer.py
[2023-12-11T15:17:17.888+0000] {processor.py:766} INFO - DAG(s) dict_keys(['consumer']) retrieved from /opt/airflow/dags/consumer.py
[2023-12-11T15:17:17.923+0000] {logging_mixin.py:120} INFO - [2023-12-11T15:17:17.923+0000] {dag.py:2585} INFO - Sync 1 DAGs
[2023-12-11T15:17:17.945+0000] {logging_mixin.py:120} INFO - [2023-12-11T15:17:17.945+0000] {dag.py:3340} INFO - Setting next_dagrun for consumer to None, run_after=None
[2023-12-11T15:17:17.964+0000] {processor.py:176} INFO - Processing /opt/airflow/dags/consumer.py took 0.113 seconds
[2023-12-11T15:17:48.426+0000] {processor.py:154} INFO - Started process (PID=6086) to work on /opt/airflow/dags/consumer.py
[2023-12-11T15:17:48.428+0000] {processor.py:756} INFO - Processing file /opt/airflow/dags/consumer.py for tasks to queue
[2023-12-11T15:17:48.428+0000] {logging_mixin.py:120} INFO - [2023-12-11T15:17:48.428+0000] {dagbag.py:537} INFO - Filling up the DagBag from /opt/airflow/dags/consumer.py
[2023-12-11T15:17:48.465+0000] {processor.py:766} INFO - DAG(s) dict_keys(['consumer']) retrieved from /opt/airflow/dags/consumer.py
[2023-12-11T15:17:48.505+0000] {logging_mixin.py:120} INFO - [2023-12-11T15:17:48.505+0000] {dag.py:2585} INFO - Sync 1 DAGs
[2023-12-11T15:17:48.526+0000] {logging_mixin.py:120} INFO - [2023-12-11T15:17:48.526+0000] {dag.py:3340} INFO - Setting next_dagrun for consumer to None, run_after=None
[2023-12-11T15:17:48.544+0000] {processor.py:176} INFO - Processing /opt/airflow/dags/consumer.py took 0.122 seconds
[2023-12-11T15:18:18.610+0000] {processor.py:154} INFO - Started process (PID=6159) to work on /opt/airflow/dags/consumer.py
[2023-12-11T15:18:18.612+0000] {processor.py:756} INFO - Processing file /opt/airflow/dags/consumer.py for tasks to queue
[2023-12-11T15:18:18.613+0000] {logging_mixin.py:120} INFO - [2023-12-11T15:18:18.613+0000] {dagbag.py:537} INFO - Filling up the DagBag from /opt/airflow/dags/consumer.py
[2023-12-11T15:18:18.676+0000] {processor.py:766} INFO - DAG(s) dict_keys(['consumer']) retrieved from /opt/airflow/dags/consumer.py
[2023-12-11T15:18:18.732+0000] {logging_mixin.py:120} INFO - [2023-12-11T15:18:18.732+0000] {dag.py:2585} INFO - Sync 1 DAGs
[2023-12-11T15:18:18.761+0000] {logging_mixin.py:120} INFO - [2023-12-11T15:18:18.760+0000] {dag.py:3340} INFO - Setting next_dagrun for consumer to None, run_after=None
[2023-12-11T15:18:18.787+0000] {processor.py:176} INFO - Processing /opt/airflow/dags/consumer.py took 0.182 seconds
[2023-12-11T15:18:48.833+0000] {processor.py:154} INFO - Started process (PID=6223) to work on /opt/airflow/dags/consumer.py
[2023-12-11T15:18:48.834+0000] {processor.py:756} INFO - Processing file /opt/airflow/dags/consumer.py for tasks to queue
[2023-12-11T15:18:48.835+0000] {logging_mixin.py:120} INFO - [2023-12-11T15:18:48.835+0000] {dagbag.py:537} INFO - Filling up the DagBag from /opt/airflow/dags/consumer.py
[2023-12-11T15:18:48.861+0000] {processor.py:766} INFO - DAG(s) dict_keys(['consumer']) retrieved from /opt/airflow/dags/consumer.py
[2023-12-11T15:18:48.899+0000] {logging_mixin.py:120} INFO - [2023-12-11T15:18:48.898+0000] {dag.py:2585} INFO - Sync 1 DAGs
[2023-12-11T15:18:48.922+0000] {logging_mixin.py:120} INFO - [2023-12-11T15:18:48.922+0000] {dag.py:3340} INFO - Setting next_dagrun for consumer to None, run_after=None
[2023-12-11T15:18:48.945+0000] {processor.py:176} INFO - Processing /opt/airflow/dags/consumer.py took 0.115 seconds
[2023-12-11T15:19:19.235+0000] {processor.py:154} INFO - Started process (PID=6295) to work on /opt/airflow/dags/consumer.py
[2023-12-11T15:19:19.236+0000] {processor.py:756} INFO - Processing file /opt/airflow/dags/consumer.py for tasks to queue
[2023-12-11T15:19:19.237+0000] {logging_mixin.py:120} INFO - [2023-12-11T15:19:19.236+0000] {dagbag.py:537} INFO - Filling up the DagBag from /opt/airflow/dags/consumer.py
[2023-12-11T15:19:19.276+0000] {processor.py:766} INFO - DAG(s) dict_keys(['consumer']) retrieved from /opt/airflow/dags/consumer.py
[2023-12-11T15:19:19.321+0000] {logging_mixin.py:120} INFO - [2023-12-11T15:19:19.321+0000] {dag.py:2585} INFO - Sync 1 DAGs
[2023-12-11T15:19:19.349+0000] {logging_mixin.py:120} INFO - [2023-12-11T15:19:19.349+0000] {dag.py:3340} INFO - Setting next_dagrun for consumer to None, run_after=None
[2023-12-11T15:19:19.373+0000] {processor.py:176} INFO - Processing /opt/airflow/dags/consumer.py took 0.142 seconds
[2023-12-11T15:19:49.469+0000] {processor.py:154} INFO - Started process (PID=6367) to work on /opt/airflow/dags/consumer.py
[2023-12-11T15:19:49.470+0000] {processor.py:756} INFO - Processing file /opt/airflow/dags/consumer.py for tasks to queue
[2023-12-11T15:19:49.472+0000] {logging_mixin.py:120} INFO - [2023-12-11T15:19:49.471+0000] {dagbag.py:537} INFO - Filling up the DagBag from /opt/airflow/dags/consumer.py
[2023-12-11T15:19:49.529+0000] {processor.py:766} INFO - DAG(s) dict_keys(['consumer']) retrieved from /opt/airflow/dags/consumer.py
[2023-12-11T15:19:49.588+0000] {logging_mixin.py:120} INFO - [2023-12-11T15:19:49.588+0000] {dag.py:2585} INFO - Sync 1 DAGs
[2023-12-11T15:19:49.620+0000] {logging_mixin.py:120} INFO - [2023-12-11T15:19:49.620+0000] {dag.py:3340} INFO - Setting next_dagrun for consumer to None, run_after=None
[2023-12-11T15:19:49.649+0000] {processor.py:176} INFO - Processing /opt/airflow/dags/consumer.py took 0.183 seconds
[2023-12-11T15:20:19.877+0000] {processor.py:154} INFO - Started process (PID=6430) to work on /opt/airflow/dags/consumer.py
[2023-12-11T15:20:19.879+0000] {processor.py:756} INFO - Processing file /opt/airflow/dags/consumer.py for tasks to queue
[2023-12-11T15:20:19.880+0000] {logging_mixin.py:120} INFO - [2023-12-11T15:20:19.879+0000] {dagbag.py:537} INFO - Filling up the DagBag from /opt/airflow/dags/consumer.py
[2023-12-11T15:20:19.928+0000] {processor.py:766} INFO - DAG(s) dict_keys(['consumer']) retrieved from /opt/airflow/dags/consumer.py
[2023-12-11T15:20:19.975+0000] {logging_mixin.py:120} INFO - [2023-12-11T15:20:19.974+0000] {dag.py:2585} INFO - Sync 1 DAGs
[2023-12-11T15:20:19.998+0000] {logging_mixin.py:120} INFO - [2023-12-11T15:20:19.998+0000] {dag.py:3340} INFO - Setting next_dagrun for consumer to None, run_after=None
[2023-12-11T15:20:20.023+0000] {processor.py:176} INFO - Processing /opt/airflow/dags/consumer.py took 0.150 seconds
[2023-12-11T15:20:50.170+0000] {processor.py:154} INFO - Started process (PID=6503) to work on /opt/airflow/dags/consumer.py
[2023-12-11T15:20:50.172+0000] {processor.py:756} INFO - Processing file /opt/airflow/dags/consumer.py for tasks to queue
[2023-12-11T15:20:50.174+0000] {logging_mixin.py:120} INFO - [2023-12-11T15:20:50.174+0000] {dagbag.py:537} INFO - Filling up the DagBag from /opt/airflow/dags/consumer.py
[2023-12-11T15:20:50.215+0000] {processor.py:766} INFO - DAG(s) dict_keys(['consumer']) retrieved from /opt/airflow/dags/consumer.py
[2023-12-11T15:20:50.263+0000] {logging_mixin.py:120} INFO - [2023-12-11T15:20:50.263+0000] {dag.py:2585} INFO - Sync 1 DAGs
[2023-12-11T15:20:50.291+0000] {logging_mixin.py:120} INFO - [2023-12-11T15:20:50.291+0000] {dag.py:3340} INFO - Setting next_dagrun for consumer to None, run_after=None
[2023-12-11T15:20:50.319+0000] {processor.py:176} INFO - Processing /opt/airflow/dags/consumer.py took 0.152 seconds
[2023-12-11T15:21:20.621+0000] {processor.py:154} INFO - Started process (PID=6566) to work on /opt/airflow/dags/consumer.py
[2023-12-11T15:21:20.622+0000] {processor.py:756} INFO - Processing file /opt/airflow/dags/consumer.py for tasks to queue
[2023-12-11T15:21:20.623+0000] {logging_mixin.py:120} INFO - [2023-12-11T15:21:20.623+0000] {dagbag.py:537} INFO - Filling up the DagBag from /opt/airflow/dags/consumer.py
[2023-12-11T15:21:20.664+0000] {processor.py:766} INFO - DAG(s) dict_keys(['consumer']) retrieved from /opt/airflow/dags/consumer.py
[2023-12-11T15:21:20.708+0000] {logging_mixin.py:120} INFO - [2023-12-11T15:21:20.708+0000] {dag.py:2585} INFO - Sync 1 DAGs
[2023-12-11T15:21:20.738+0000] {logging_mixin.py:120} INFO - [2023-12-11T15:21:20.738+0000] {dag.py:3340} INFO - Setting next_dagrun for consumer to None, run_after=None
[2023-12-11T15:21:20.773+0000] {processor.py:176} INFO - Processing /opt/airflow/dags/consumer.py took 0.157 seconds
[2023-12-11T15:21:50.847+0000] {processor.py:154} INFO - Started process (PID=6639) to work on /opt/airflow/dags/consumer.py
[2023-12-11T15:21:50.849+0000] {processor.py:756} INFO - Processing file /opt/airflow/dags/consumer.py for tasks to queue
[2023-12-11T15:21:50.852+0000] {logging_mixin.py:120} INFO - [2023-12-11T15:21:50.851+0000] {dagbag.py:537} INFO - Filling up the DagBag from /opt/airflow/dags/consumer.py
[2023-12-11T15:21:50.889+0000] {processor.py:766} INFO - DAG(s) dict_keys(['consumer']) retrieved from /opt/airflow/dags/consumer.py
[2023-12-11T15:21:50.927+0000] {logging_mixin.py:120} INFO - [2023-12-11T15:21:50.927+0000] {dag.py:2585} INFO - Sync 1 DAGs
[2023-12-11T15:21:50.956+0000] {logging_mixin.py:120} INFO - [2023-12-11T15:21:50.956+0000] {dag.py:3340} INFO - Setting next_dagrun for consumer to None, run_after=None
[2023-12-11T15:21:50.982+0000] {processor.py:176} INFO - Processing /opt/airflow/dags/consumer.py took 0.138 seconds
[2023-12-11T15:22:21.363+0000] {processor.py:154} INFO - Started process (PID=6712) to work on /opt/airflow/dags/consumer.py
[2023-12-11T15:22:21.365+0000] {processor.py:756} INFO - Processing file /opt/airflow/dags/consumer.py for tasks to queue
[2023-12-11T15:22:21.366+0000] {logging_mixin.py:120} INFO - [2023-12-11T15:22:21.365+0000] {dagbag.py:537} INFO - Filling up the DagBag from /opt/airflow/dags/consumer.py
[2023-12-11T15:22:21.406+0000] {processor.py:766} INFO - DAG(s) dict_keys(['consumer']) retrieved from /opt/airflow/dags/consumer.py
[2023-12-11T15:22:21.456+0000] {logging_mixin.py:120} INFO - [2023-12-11T15:22:21.456+0000] {dag.py:2585} INFO - Sync 1 DAGs
[2023-12-11T15:22:21.479+0000] {logging_mixin.py:120} INFO - [2023-12-11T15:22:21.478+0000] {dag.py:3340} INFO - Setting next_dagrun for consumer to None, run_after=None
[2023-12-11T15:22:21.504+0000] {processor.py:176} INFO - Processing /opt/airflow/dags/consumer.py took 0.143 seconds
[2023-12-11T15:22:51.839+0000] {processor.py:154} INFO - Started process (PID=6775) to work on /opt/airflow/dags/consumer.py
[2023-12-11T15:22:51.840+0000] {processor.py:756} INFO - Processing file /opt/airflow/dags/consumer.py for tasks to queue
[2023-12-11T15:22:51.841+0000] {logging_mixin.py:120} INFO - [2023-12-11T15:22:51.841+0000] {dagbag.py:537} INFO - Filling up the DagBag from /opt/airflow/dags/consumer.py
[2023-12-11T15:22:51.886+0000] {processor.py:766} INFO - DAG(s) dict_keys(['consumer']) retrieved from /opt/airflow/dags/consumer.py
[2023-12-11T15:22:51.943+0000] {logging_mixin.py:120} INFO - [2023-12-11T15:22:51.942+0000] {dag.py:2585} INFO - Sync 1 DAGs
[2023-12-11T15:22:51.972+0000] {logging_mixin.py:120} INFO - [2023-12-11T15:22:51.971+0000] {dag.py:3340} INFO - Setting next_dagrun for consumer to None, run_after=None
[2023-12-11T15:22:52.001+0000] {processor.py:176} INFO - Processing /opt/airflow/dags/consumer.py took 0.165 seconds
[2023-12-11T15:23:22.260+0000] {processor.py:154} INFO - Started process (PID=6847) to work on /opt/airflow/dags/consumer.py
[2023-12-11T15:23:22.262+0000] {processor.py:756} INFO - Processing file /opt/airflow/dags/consumer.py for tasks to queue
[2023-12-11T15:23:22.263+0000] {logging_mixin.py:120} INFO - [2023-12-11T15:23:22.263+0000] {dagbag.py:537} INFO - Filling up the DagBag from /opt/airflow/dags/consumer.py
[2023-12-11T15:23:22.318+0000] {processor.py:766} INFO - DAG(s) dict_keys(['consumer']) retrieved from /opt/airflow/dags/consumer.py
[2023-12-11T15:23:22.376+0000] {logging_mixin.py:120} INFO - [2023-12-11T15:23:22.376+0000] {dag.py:2585} INFO - Sync 1 DAGs
[2023-12-11T15:23:22.415+0000] {logging_mixin.py:120} INFO - [2023-12-11T15:23:22.415+0000] {dag.py:3340} INFO - Setting next_dagrun for consumer to None, run_after=None
[2023-12-11T15:23:22.448+0000] {processor.py:176} INFO - Processing /opt/airflow/dags/consumer.py took 0.193 seconds
[2023-12-11T15:23:53.079+0000] {processor.py:154} INFO - Started process (PID=6919) to work on /opt/airflow/dags/consumer.py
[2023-12-11T15:23:53.081+0000] {processor.py:756} INFO - Processing file /opt/airflow/dags/consumer.py for tasks to queue
[2023-12-11T15:23:53.083+0000] {logging_mixin.py:120} INFO - [2023-12-11T15:23:53.083+0000] {dagbag.py:537} INFO - Filling up the DagBag from /opt/airflow/dags/consumer.py
[2023-12-11T15:23:53.150+0000] {processor.py:766} INFO - DAG(s) dict_keys(['consumer']) retrieved from /opt/airflow/dags/consumer.py
[2023-12-11T15:23:53.225+0000] {logging_mixin.py:120} INFO - [2023-12-11T15:23:53.225+0000] {dag.py:2585} INFO - Sync 1 DAGs
[2023-12-11T15:23:53.275+0000] {logging_mixin.py:120} INFO - [2023-12-11T15:23:53.275+0000] {dag.py:3340} INFO - Setting next_dagrun for consumer to None, run_after=None
[2023-12-11T15:23:53.322+0000] {processor.py:176} INFO - Processing /opt/airflow/dags/consumer.py took 0.250 seconds
