[2023-12-11T15:05:53.793+0000] {processor.py:154} INFO - Started process (PID=4510) to work on /opt/airflow/dags/group_task.py
[2023-12-11T15:05:53.794+0000] {processor.py:756} INFO - Processing file /opt/airflow/dags/group_task.py for tasks to queue
[2023-12-11T15:05:53.795+0000] {logging_mixin.py:120} INFO - [2023-12-11T15:05:53.795+0000] {dagbag.py:537} INFO - Filling up the DagBag from /opt/airflow/dags/group_task.py
[2023-12-11T15:05:53.880+0000] {processor.py:766} INFO - DAG(s) dict_keys(['group_dag.downloads', 'group_dag']) retrieved from /opt/airflow/dags/group_task.py
[2023-12-11T15:05:54.116+0000] {logging_mixin.py:120} INFO - [2023-12-11T15:05:54.116+0000] {dag.py:2585} INFO - Sync 2 DAGs
[2023-12-11T15:05:54.147+0000] {logging_mixin.py:120} INFO - [2023-12-11T15:05:54.147+0000] {dag.py:3340} INFO - Setting next_dagrun for group_dag to 2023-12-11T00:00:00+00:00, run_after=2023-12-12T00:00:00+00:00
[2023-12-11T15:05:54.151+0000] {logging_mixin.py:120} INFO - [2023-12-11T15:05:54.151+0000] {dag.py:3340} INFO - Setting next_dagrun for group_dag.downloads to None, run_after=None
[2023-12-11T15:05:54.173+0000] {logging_mixin.py:120} INFO - [2023-12-11T15:05:54.173+0000] {dag.py:2585} INFO - Sync 1 DAGs
[2023-12-11T15:05:54.182+0000] {logging_mixin.py:120} INFO - [2023-12-11T15:05:54.182+0000] {dag.py:3340} INFO - Setting next_dagrun for group_dag.downloads to None, run_after=None
[2023-12-11T15:05:54.199+0000] {processor.py:176} INFO - Processing /opt/airflow/dags/group_task.py took 0.410 seconds
[2023-12-11T15:06:24.865+0000] {processor.py:154} INFO - Started process (PID=4571) to work on /opt/airflow/dags/group_task.py
[2023-12-11T15:06:24.866+0000] {processor.py:756} INFO - Processing file /opt/airflow/dags/group_task.py for tasks to queue
[2023-12-11T15:06:24.867+0000] {logging_mixin.py:120} INFO - [2023-12-11T15:06:24.867+0000] {dagbag.py:537} INFO - Filling up the DagBag from /opt/airflow/dags/group_task.py
[2023-12-11T15:06:24.933+0000] {processor.py:766} INFO - DAG(s) dict_keys(['group_dag.downloads', 'group_dag']) retrieved from /opt/airflow/dags/group_task.py
[2023-12-11T15:06:25.117+0000] {logging_mixin.py:120} INFO - [2023-12-11T15:06:25.117+0000] {dag.py:2585} INFO - Sync 2 DAGs
[2023-12-11T15:06:25.147+0000] {logging_mixin.py:120} INFO - [2023-12-11T15:06:25.147+0000] {dag.py:3340} INFO - Setting next_dagrun for group_dag to 2023-12-11T00:00:00+00:00, run_after=2023-12-12T00:00:00+00:00
[2023-12-11T15:06:25.151+0000] {logging_mixin.py:120} INFO - [2023-12-11T15:06:25.151+0000] {dag.py:3340} INFO - Setting next_dagrun for group_dag.downloads to None, run_after=None
[2023-12-11T15:06:25.163+0000] {logging_mixin.py:120} INFO - [2023-12-11T15:06:25.162+0000] {dag.py:2585} INFO - Sync 1 DAGs
[2023-12-11T15:06:25.172+0000] {logging_mixin.py:120} INFO - [2023-12-11T15:06:25.172+0000] {dag.py:3340} INFO - Setting next_dagrun for group_dag.downloads to None, run_after=None
[2023-12-11T15:06:25.201+0000] {processor.py:176} INFO - Processing /opt/airflow/dags/group_task.py took 0.340 seconds
[2023-12-11T15:06:50.572+0000] {processor.py:154} INFO - Started process (PID=4641) to work on /opt/airflow/dags/group_task.py
[2023-12-11T15:06:50.573+0000] {processor.py:756} INFO - Processing file /opt/airflow/dags/group_task.py for tasks to queue
[2023-12-11T15:06:50.574+0000] {logging_mixin.py:120} INFO - [2023-12-11T15:06:50.574+0000] {dagbag.py:537} INFO - Filling up the DagBag from /opt/airflow/dags/group_task.py
[2023-12-11T15:06:50.648+0000] {logging_mixin.py:120} INFO - [2023-12-11T15:06:50.642+0000] {dagbag.py:342} ERROR - Failed to import: /opt/airflow/dags/group_task.py
Traceback (most recent call last):
  File "/home/airflow/.local/lib/python3.7/site-packages/airflow/models/dagbag.py", line 338, in parse
    loader.exec_module(new_module)
  File "<frozen importlib._bootstrap_external>", line 728, in exec_module
  File "<frozen importlib._bootstrap>", line 219, in _call_with_frames_removed
  File "/opt/airflow/dags/group_task.py", line 12, in <module>
    downloads = download_tasks()
NameError: name 'download_tasks' is not defined
[2023-12-11T15:06:50.650+0000] {processor.py:768} WARNING - No viable dags retrieved from /opt/airflow/dags/group_task.py
[2023-12-11T15:06:50.673+0000] {processor.py:176} INFO - Processing /opt/airflow/dags/group_task.py took 0.105 seconds
[2023-12-11T15:07:21.466+0000] {processor.py:154} INFO - Started process (PID=4702) to work on /opt/airflow/dags/group_task.py
[2023-12-11T15:07:21.467+0000] {processor.py:756} INFO - Processing file /opt/airflow/dags/group_task.py for tasks to queue
[2023-12-11T15:07:21.468+0000] {logging_mixin.py:120} INFO - [2023-12-11T15:07:21.468+0000] {dagbag.py:537} INFO - Filling up the DagBag from /opt/airflow/dags/group_task.py
[2023-12-11T15:07:21.516+0000] {logging_mixin.py:120} INFO - [2023-12-11T15:07:21.509+0000] {dagbag.py:342} ERROR - Failed to import: /opt/airflow/dags/group_task.py
Traceback (most recent call last):
  File "/home/airflow/.local/lib/python3.7/site-packages/airflow/models/dagbag.py", line 338, in parse
    loader.exec_module(new_module)
  File "<frozen importlib._bootstrap_external>", line 728, in exec_module
  File "<frozen importlib._bootstrap>", line 219, in _call_with_frames_removed
  File "/opt/airflow/dags/group_task.py", line 12, in <module>
    downloads = download_tasks()
NameError: name 'download_tasks' is not defined
[2023-12-11T15:07:21.518+0000] {processor.py:768} WARNING - No viable dags retrieved from /opt/airflow/dags/group_task.py
[2023-12-11T15:07:21.541+0000] {processor.py:176} INFO - Processing /opt/airflow/dags/group_task.py took 0.079 seconds
[2023-12-11T15:07:51.992+0000] {processor.py:154} INFO - Started process (PID=4772) to work on /opt/airflow/dags/group_task.py
[2023-12-11T15:07:51.993+0000] {processor.py:756} INFO - Processing file /opt/airflow/dags/group_task.py for tasks to queue
[2023-12-11T15:07:51.993+0000] {logging_mixin.py:120} INFO - [2023-12-11T15:07:51.993+0000] {dagbag.py:537} INFO - Filling up the DagBag from /opt/airflow/dags/group_task.py
[2023-12-11T15:07:52.048+0000] {logging_mixin.py:120} INFO - [2023-12-11T15:07:52.043+0000] {dagbag.py:342} ERROR - Failed to import: /opt/airflow/dags/group_task.py
Traceback (most recent call last):
  File "/home/airflow/.local/lib/python3.7/site-packages/airflow/models/dagbag.py", line 338, in parse
    loader.exec_module(new_module)
  File "<frozen importlib._bootstrap_external>", line 728, in exec_module
  File "<frozen importlib._bootstrap>", line 219, in _call_with_frames_removed
  File "/opt/airflow/dags/group_task.py", line 12, in <module>
    downloads = download_tasks()
NameError: name 'download_tasks' is not defined
[2023-12-11T15:07:52.050+0000] {processor.py:768} WARNING - No viable dags retrieved from /opt/airflow/dags/group_task.py
[2023-12-11T15:07:52.066+0000] {processor.py:176} INFO - Processing /opt/airflow/dags/group_task.py took 0.077 seconds
[2023-12-11T15:08:22.749+0000] {processor.py:154} INFO - Started process (PID=4842) to work on /opt/airflow/dags/group_task.py
[2023-12-11T15:08:22.750+0000] {processor.py:756} INFO - Processing file /opt/airflow/dags/group_task.py for tasks to queue
[2023-12-11T15:08:22.751+0000] {logging_mixin.py:120} INFO - [2023-12-11T15:08:22.751+0000] {dagbag.py:537} INFO - Filling up the DagBag from /opt/airflow/dags/group_task.py
[2023-12-11T15:08:22.812+0000] {logging_mixin.py:120} INFO - [2023-12-11T15:08:22.804+0000] {dagbag.py:342} ERROR - Failed to import: /opt/airflow/dags/group_task.py
Traceback (most recent call last):
  File "/home/airflow/.local/lib/python3.7/site-packages/airflow/models/dagbag.py", line 338, in parse
    loader.exec_module(new_module)
  File "<frozen importlib._bootstrap_external>", line 728, in exec_module
  File "<frozen importlib._bootstrap>", line 219, in _call_with_frames_removed
  File "/opt/airflow/dags/group_task.py", line 12, in <module>
    downloads = download_tasks()
NameError: name 'download_tasks' is not defined
[2023-12-11T15:08:22.813+0000] {processor.py:768} WARNING - No viable dags retrieved from /opt/airflow/dags/group_task.py
[2023-12-11T15:08:22.832+0000] {processor.py:176} INFO - Processing /opt/airflow/dags/group_task.py took 0.088 seconds
[2023-12-11T15:08:42.464+0000] {processor.py:154} INFO - Started process (PID=4864) to work on /opt/airflow/dags/group_task.py
[2023-12-11T15:08:42.465+0000] {processor.py:756} INFO - Processing file /opt/airflow/dags/group_task.py for tasks to queue
[2023-12-11T15:08:42.465+0000] {logging_mixin.py:120} INFO - [2023-12-11T15:08:42.465+0000] {dagbag.py:537} INFO - Filling up the DagBag from /opt/airflow/dags/group_task.py
[2023-12-11T15:08:42.535+0000] {logging_mixin.py:120} INFO - [2023-12-11T15:08:42.529+0000] {dagbag.py:342} ERROR - Failed to import: /opt/airflow/dags/group_task.py
Traceback (most recent call last):
  File "/home/airflow/.local/lib/python3.7/site-packages/airflow/models/dagbag.py", line 338, in parse
    loader.exec_module(new_module)
  File "<frozen importlib._bootstrap_external>", line 728, in exec_module
  File "<frozen importlib._bootstrap>", line 219, in _call_with_frames_removed
  File "/opt/airflow/dags/group_task.py", line 12, in <module>
    downloads = download_tasks()
NameError: name 'download_tasks' is not defined
[2023-12-11T15:08:42.537+0000] {processor.py:768} WARNING - No viable dags retrieved from /opt/airflow/dags/group_task.py
[2023-12-11T15:08:42.555+0000] {processor.py:176} INFO - Processing /opt/airflow/dags/group_task.py took 0.094 seconds
[2023-12-11T15:08:53.275+0000] {processor.py:154} INFO - Started process (PID=4904) to work on /opt/airflow/dags/group_task.py
[2023-12-11T15:08:53.276+0000] {processor.py:756} INFO - Processing file /opt/airflow/dags/group_task.py for tasks to queue
[2023-12-11T15:08:53.276+0000] {logging_mixin.py:120} INFO - [2023-12-11T15:08:53.276+0000] {dagbag.py:537} INFO - Filling up the DagBag from /opt/airflow/dags/group_task.py
[2023-12-11T15:08:53.321+0000] {logging_mixin.py:120} INFO - [2023-12-11T15:08:53.317+0000] {dagbag.py:342} ERROR - Failed to import: /opt/airflow/dags/group_task.py
Traceback (most recent call last):
  File "/home/airflow/.local/lib/python3.7/site-packages/airflow/models/dagbag.py", line 338, in parse
    loader.exec_module(new_module)
  File "<frozen importlib._bootstrap_external>", line 728, in exec_module
  File "<frozen importlib._bootstrap>", line 219, in _call_with_frames_removed
  File "/opt/airflow/dags/group_task.py", line 3, in <module>
    from groups.group_downloads import download_tasks
ImportError: cannot import name 'download_tasks' from 'groups.group_downloads' (/opt/airflow/dags/groups/group_downloads.py)
[2023-12-11T15:08:53.322+0000] {processor.py:768} WARNING - No viable dags retrieved from /opt/airflow/dags/group_task.py
[2023-12-11T15:08:53.336+0000] {processor.py:176} INFO - Processing /opt/airflow/dags/group_task.py took 0.063 seconds
[2023-12-11T15:09:24.217+0000] {processor.py:154} INFO - Started process (PID=4974) to work on /opt/airflow/dags/group_task.py
[2023-12-11T15:09:24.219+0000] {processor.py:756} INFO - Processing file /opt/airflow/dags/group_task.py for tasks to queue
[2023-12-11T15:09:24.220+0000] {logging_mixin.py:120} INFO - [2023-12-11T15:09:24.220+0000] {dagbag.py:537} INFO - Filling up the DagBag from /opt/airflow/dags/group_task.py
[2023-12-11T15:09:24.306+0000] {processor.py:766} INFO - DAG(s) dict_keys(['group_dag']) retrieved from /opt/airflow/dags/group_task.py
[2023-12-11T15:09:24.386+0000] {logging_mixin.py:120} INFO - [2023-12-11T15:09:24.386+0000] {dag.py:2585} INFO - Sync 1 DAGs
[2023-12-11T15:09:24.410+0000] {logging_mixin.py:120} INFO - [2023-12-11T15:09:24.410+0000] {dag.py:3340} INFO - Setting next_dagrun for group_dag to 2023-12-11T00:00:00+00:00, run_after=2023-12-12T00:00:00+00:00
[2023-12-11T15:09:24.439+0000] {processor.py:176} INFO - Processing /opt/airflow/dags/group_task.py took 0.225 seconds
[2023-12-11T15:09:55.147+0000] {processor.py:154} INFO - Started process (PID=5044) to work on /opt/airflow/dags/group_task.py
[2023-12-11T15:09:55.148+0000] {processor.py:756} INFO - Processing file /opt/airflow/dags/group_task.py for tasks to queue
[2023-12-11T15:09:55.149+0000] {logging_mixin.py:120} INFO - [2023-12-11T15:09:55.149+0000] {dagbag.py:537} INFO - Filling up the DagBag from /opt/airflow/dags/group_task.py
[2023-12-11T15:09:55.205+0000] {processor.py:766} INFO - DAG(s) dict_keys(['group_dag']) retrieved from /opt/airflow/dags/group_task.py
[2023-12-11T15:09:55.241+0000] {logging_mixin.py:120} INFO - [2023-12-11T15:09:55.241+0000] {dag.py:2585} INFO - Sync 1 DAGs
[2023-12-11T15:09:55.267+0000] {logging_mixin.py:120} INFO - [2023-12-11T15:09:55.267+0000] {dag.py:3340} INFO - Setting next_dagrun for group_dag to 2023-12-11T00:00:00+00:00, run_after=2023-12-12T00:00:00+00:00
[2023-12-11T15:09:55.289+0000] {processor.py:176} INFO - Processing /opt/airflow/dags/group_task.py took 0.145 seconds
[2023-12-11T15:10:25.692+0000] {processor.py:154} INFO - Started process (PID=5105) to work on /opt/airflow/dags/group_task.py
[2023-12-11T15:10:25.693+0000] {processor.py:756} INFO - Processing file /opt/airflow/dags/group_task.py for tasks to queue
[2023-12-11T15:10:25.694+0000] {logging_mixin.py:120} INFO - [2023-12-11T15:10:25.693+0000] {dagbag.py:537} INFO - Filling up the DagBag from /opt/airflow/dags/group_task.py
[2023-12-11T15:10:25.753+0000] {processor.py:766} INFO - DAG(s) dict_keys(['group_dag']) retrieved from /opt/airflow/dags/group_task.py
[2023-12-11T15:10:25.776+0000] {logging_mixin.py:120} INFO - [2023-12-11T15:10:25.776+0000] {dag.py:2585} INFO - Sync 1 DAGs
[2023-12-11T15:10:25.805+0000] {logging_mixin.py:120} INFO - [2023-12-11T15:10:25.805+0000] {dag.py:3340} INFO - Setting next_dagrun for group_dag to 2023-12-11T00:00:00+00:00, run_after=2023-12-12T00:00:00+00:00
[2023-12-11T15:10:25.828+0000] {processor.py:176} INFO - Processing /opt/airflow/dags/group_task.py took 0.139 seconds
[2023-12-11T15:10:56.261+0000] {processor.py:154} INFO - Started process (PID=5176) to work on /opt/airflow/dags/group_task.py
[2023-12-11T15:10:56.263+0000] {processor.py:756} INFO - Processing file /opt/airflow/dags/group_task.py for tasks to queue
[2023-12-11T15:10:56.265+0000] {logging_mixin.py:120} INFO - [2023-12-11T15:10:56.264+0000] {dagbag.py:537} INFO - Filling up the DagBag from /opt/airflow/dags/group_task.py
[2023-12-11T15:10:56.337+0000] {processor.py:766} INFO - DAG(s) dict_keys(['group_dag']) retrieved from /opt/airflow/dags/group_task.py
[2023-12-11T15:10:56.440+0000] {logging_mixin.py:120} INFO - [2023-12-11T15:10:56.440+0000] {dag.py:2585} INFO - Sync 1 DAGs
[2023-12-11T15:10:56.475+0000] {logging_mixin.py:120} INFO - [2023-12-11T15:10:56.474+0000] {dag.py:3340} INFO - Setting next_dagrun for group_dag to 2023-12-11T00:00:00+00:00, run_after=2023-12-12T00:00:00+00:00
[2023-12-11T15:10:56.518+0000] {processor.py:176} INFO - Processing /opt/airflow/dags/group_task.py took 0.261 seconds
[2023-12-11T15:11:27.116+0000] {processor.py:154} INFO - Started process (PID=5247) to work on /opt/airflow/dags/group_task.py
[2023-12-11T15:11:27.118+0000] {processor.py:756} INFO - Processing file /opt/airflow/dags/group_task.py for tasks to queue
[2023-12-11T15:11:27.119+0000] {logging_mixin.py:120} INFO - [2023-12-11T15:11:27.119+0000] {dagbag.py:537} INFO - Filling up the DagBag from /opt/airflow/dags/group_task.py
[2023-12-11T15:11:27.162+0000] {processor.py:766} INFO - DAG(s) dict_keys(['group_dag']) retrieved from /opt/airflow/dags/group_task.py
[2023-12-11T15:11:27.193+0000] {logging_mixin.py:120} INFO - [2023-12-11T15:11:27.193+0000] {dag.py:2585} INFO - Sync 1 DAGs
[2023-12-11T15:11:27.216+0000] {logging_mixin.py:120} INFO - [2023-12-11T15:11:27.216+0000] {dag.py:3340} INFO - Setting next_dagrun for group_dag to 2023-12-11T00:00:00+00:00, run_after=2023-12-12T00:00:00+00:00
[2023-12-11T15:11:27.232+0000] {processor.py:176} INFO - Processing /opt/airflow/dags/group_task.py took 0.119 seconds
[2023-12-11T15:11:57.851+0000] {processor.py:154} INFO - Started process (PID=5309) to work on /opt/airflow/dags/group_task.py
[2023-12-11T15:11:57.852+0000] {processor.py:756} INFO - Processing file /opt/airflow/dags/group_task.py for tasks to queue
[2023-12-11T15:11:57.853+0000] {logging_mixin.py:120} INFO - [2023-12-11T15:11:57.853+0000] {dagbag.py:537} INFO - Filling up the DagBag from /opt/airflow/dags/group_task.py
[2023-12-11T15:11:57.894+0000] {processor.py:766} INFO - DAG(s) dict_keys(['group_dag']) retrieved from /opt/airflow/dags/group_task.py
[2023-12-11T15:11:57.913+0000] {logging_mixin.py:120} INFO - [2023-12-11T15:11:57.913+0000] {dag.py:2585} INFO - Sync 1 DAGs
[2023-12-11T15:11:57.939+0000] {logging_mixin.py:120} INFO - [2023-12-11T15:11:57.939+0000] {dag.py:3340} INFO - Setting next_dagrun for group_dag to 2023-12-11T00:00:00+00:00, run_after=2023-12-12T00:00:00+00:00
[2023-12-11T15:11:57.961+0000] {processor.py:176} INFO - Processing /opt/airflow/dags/group_task.py took 0.112 seconds
[2023-12-11T15:12:28.519+0000] {processor.py:154} INFO - Started process (PID=5380) to work on /opt/airflow/dags/group_task.py
[2023-12-11T15:12:28.520+0000] {processor.py:756} INFO - Processing file /opt/airflow/dags/group_task.py for tasks to queue
[2023-12-11T15:12:28.521+0000] {logging_mixin.py:120} INFO - [2023-12-11T15:12:28.521+0000] {dagbag.py:537} INFO - Filling up the DagBag from /opt/airflow/dags/group_task.py
[2023-12-11T15:12:28.578+0000] {processor.py:766} INFO - DAG(s) dict_keys(['group_dag']) retrieved from /opt/airflow/dags/group_task.py
[2023-12-11T15:12:28.687+0000] {logging_mixin.py:120} INFO - [2023-12-11T15:12:28.687+0000] {dag.py:2585} INFO - Sync 1 DAGs
[2023-12-11T15:12:28.733+0000] {logging_mixin.py:120} INFO - [2023-12-11T15:12:28.732+0000] {dag.py:3340} INFO - Setting next_dagrun for group_dag to 2023-12-11T00:00:00+00:00, run_after=2023-12-12T00:00:00+00:00
[2023-12-11T15:12:28.768+0000] {processor.py:176} INFO - Processing /opt/airflow/dags/group_task.py took 0.252 seconds
[2023-12-11T15:12:59.011+0000] {processor.py:154} INFO - Started process (PID=5451) to work on /opt/airflow/dags/group_task.py
[2023-12-11T15:12:59.013+0000] {processor.py:756} INFO - Processing file /opt/airflow/dags/group_task.py for tasks to queue
[2023-12-11T15:12:59.013+0000] {logging_mixin.py:120} INFO - [2023-12-11T15:12:59.013+0000] {dagbag.py:537} INFO - Filling up the DagBag from /opt/airflow/dags/group_task.py
[2023-12-11T15:12:59.054+0000] {processor.py:766} INFO - DAG(s) dict_keys(['group_dag']) retrieved from /opt/airflow/dags/group_task.py
[2023-12-11T15:12:59.084+0000] {logging_mixin.py:120} INFO - [2023-12-11T15:12:59.084+0000] {dag.py:2585} INFO - Sync 1 DAGs
[2023-12-11T15:12:59.109+0000] {logging_mixin.py:120} INFO - [2023-12-11T15:12:59.109+0000] {dag.py:3340} INFO - Setting next_dagrun for group_dag to 2023-12-11T00:00:00+00:00, run_after=2023-12-12T00:00:00+00:00
[2023-12-11T15:12:59.127+0000] {processor.py:176} INFO - Processing /opt/airflow/dags/group_task.py took 0.118 seconds
[2023-12-11T15:13:29.673+0000] {processor.py:154} INFO - Started process (PID=5513) to work on /opt/airflow/dags/group_task.py
[2023-12-11T15:13:29.674+0000] {processor.py:756} INFO - Processing file /opt/airflow/dags/group_task.py for tasks to queue
[2023-12-11T15:13:29.675+0000] {logging_mixin.py:120} INFO - [2023-12-11T15:13:29.675+0000] {dagbag.py:537} INFO - Filling up the DagBag from /opt/airflow/dags/group_task.py
[2023-12-11T15:13:29.727+0000] {processor.py:766} INFO - DAG(s) dict_keys(['group_dag']) retrieved from /opt/airflow/dags/group_task.py
[2023-12-11T15:13:29.749+0000] {logging_mixin.py:120} INFO - [2023-12-11T15:13:29.748+0000] {dag.py:2585} INFO - Sync 1 DAGs
[2023-12-11T15:13:29.774+0000] {logging_mixin.py:120} INFO - [2023-12-11T15:13:29.774+0000] {dag.py:3340} INFO - Setting next_dagrun for group_dag to 2023-12-11T00:00:00+00:00, run_after=2023-12-12T00:00:00+00:00
[2023-12-11T15:13:29.796+0000] {processor.py:176} INFO - Processing /opt/airflow/dags/group_task.py took 0.126 seconds
[2023-12-11T15:14:00.246+0000] {processor.py:154} INFO - Started process (PID=5584) to work on /opt/airflow/dags/group_task.py
[2023-12-11T15:14:00.247+0000] {processor.py:756} INFO - Processing file /opt/airflow/dags/group_task.py for tasks to queue
[2023-12-11T15:14:00.248+0000] {logging_mixin.py:120} INFO - [2023-12-11T15:14:00.248+0000] {dagbag.py:537} INFO - Filling up the DagBag from /opt/airflow/dags/group_task.py
[2023-12-11T15:14:00.288+0000] {processor.py:766} INFO - DAG(s) dict_keys(['group_dag']) retrieved from /opt/airflow/dags/group_task.py
[2023-12-11T15:14:00.348+0000] {logging_mixin.py:120} INFO - [2023-12-11T15:14:00.348+0000] {dag.py:2585} INFO - Sync 1 DAGs
[2023-12-11T15:14:00.369+0000] {logging_mixin.py:120} INFO - [2023-12-11T15:14:00.369+0000] {dag.py:3340} INFO - Setting next_dagrun for group_dag to 2023-12-11T00:00:00+00:00, run_after=2023-12-12T00:00:00+00:00
[2023-12-11T15:14:00.388+0000] {processor.py:176} INFO - Processing /opt/airflow/dags/group_task.py took 0.145 seconds
[2023-12-11T15:14:30.538+0000] {processor.py:154} INFO - Started process (PID=5655) to work on /opt/airflow/dags/group_task.py
[2023-12-11T15:14:30.539+0000] {processor.py:756} INFO - Processing file /opt/airflow/dags/group_task.py for tasks to queue
[2023-12-11T15:14:30.539+0000] {logging_mixin.py:120} INFO - [2023-12-11T15:14:30.539+0000] {dagbag.py:537} INFO - Filling up the DagBag from /opt/airflow/dags/group_task.py
[2023-12-11T15:14:30.589+0000] {processor.py:766} INFO - DAG(s) dict_keys(['group_dag']) retrieved from /opt/airflow/dags/group_task.py
[2023-12-11T15:14:30.630+0000] {logging_mixin.py:120} INFO - [2023-12-11T15:14:30.629+0000] {dag.py:2585} INFO - Sync 1 DAGs
[2023-12-11T15:14:30.660+0000] {logging_mixin.py:120} INFO - [2023-12-11T15:14:30.660+0000] {dag.py:3340} INFO - Setting next_dagrun for group_dag to 2023-12-11T00:00:00+00:00, run_after=2023-12-12T00:00:00+00:00
[2023-12-11T15:14:30.682+0000] {processor.py:176} INFO - Processing /opt/airflow/dags/group_task.py took 0.148 seconds
[2023-12-11T15:15:00.806+0000] {processor.py:154} INFO - Started process (PID=5717) to work on /opt/airflow/dags/group_task.py
[2023-12-11T15:15:00.807+0000] {processor.py:756} INFO - Processing file /opt/airflow/dags/group_task.py for tasks to queue
[2023-12-11T15:15:00.808+0000] {logging_mixin.py:120} INFO - [2023-12-11T15:15:00.808+0000] {dagbag.py:537} INFO - Filling up the DagBag from /opt/airflow/dags/group_task.py
[2023-12-11T15:15:00.856+0000] {processor.py:766} INFO - DAG(s) dict_keys(['group_dag']) retrieved from /opt/airflow/dags/group_task.py
[2023-12-11T15:15:00.877+0000] {logging_mixin.py:120} INFO - [2023-12-11T15:15:00.876+0000] {dag.py:2585} INFO - Sync 1 DAGs
[2023-12-11T15:15:00.902+0000] {logging_mixin.py:120} INFO - [2023-12-11T15:15:00.902+0000] {dag.py:3340} INFO - Setting next_dagrun for group_dag to 2023-12-11T00:00:00+00:00, run_after=2023-12-12T00:00:00+00:00
[2023-12-11T15:15:00.927+0000] {processor.py:176} INFO - Processing /opt/airflow/dags/group_task.py took 0.123 seconds
[2023-12-11T15:15:31.100+0000] {processor.py:154} INFO - Started process (PID=5788) to work on /opt/airflow/dags/group_task.py
[2023-12-11T15:15:31.101+0000] {processor.py:756} INFO - Processing file /opt/airflow/dags/group_task.py for tasks to queue
[2023-12-11T15:15:31.102+0000] {logging_mixin.py:120} INFO - [2023-12-11T15:15:31.102+0000] {dagbag.py:537} INFO - Filling up the DagBag from /opt/airflow/dags/group_task.py
[2023-12-11T15:15:31.189+0000] {processor.py:766} INFO - DAG(s) dict_keys(['group_dag']) retrieved from /opt/airflow/dags/group_task.py
[2023-12-11T15:15:31.265+0000] {logging_mixin.py:120} INFO - [2023-12-11T15:15:31.265+0000] {dag.py:2585} INFO - Sync 1 DAGs
[2023-12-11T15:15:31.306+0000] {logging_mixin.py:120} INFO - [2023-12-11T15:15:31.306+0000] {dag.py:3340} INFO - Setting next_dagrun for group_dag to 2023-12-11T00:00:00+00:00, run_after=2023-12-12T00:00:00+00:00
[2023-12-11T15:15:31.336+0000] {processor.py:176} INFO - Processing /opt/airflow/dags/group_task.py took 0.238 seconds
[2023-12-11T15:16:01.998+0000] {processor.py:154} INFO - Started process (PID=5860) to work on /opt/airflow/dags/group_task.py
[2023-12-11T15:16:02.000+0000] {processor.py:756} INFO - Processing file /opt/airflow/dags/group_task.py for tasks to queue
[2023-12-11T15:16:02.001+0000] {logging_mixin.py:120} INFO - [2023-12-11T15:16:02.001+0000] {dagbag.py:537} INFO - Filling up the DagBag from /opt/airflow/dags/group_task.py
[2023-12-11T15:16:02.068+0000] {processor.py:766} INFO - DAG(s) dict_keys(['group_dag']) retrieved from /opt/airflow/dags/group_task.py
[2023-12-11T15:16:02.111+0000] {logging_mixin.py:120} INFO - [2023-12-11T15:16:02.111+0000] {dag.py:2585} INFO - Sync 1 DAGs
[2023-12-11T15:16:02.142+0000] {logging_mixin.py:120} INFO - [2023-12-11T15:16:02.142+0000] {dag.py:3340} INFO - Setting next_dagrun for group_dag to 2023-12-11T00:00:00+00:00, run_after=2023-12-12T00:00:00+00:00
[2023-12-11T15:16:02.171+0000] {processor.py:176} INFO - Processing /opt/airflow/dags/group_task.py took 0.176 seconds
[2023-12-11T15:16:32.814+0000] {processor.py:154} INFO - Started process (PID=5930) to work on /opt/airflow/dags/group_task.py
[2023-12-11T15:16:32.816+0000] {processor.py:756} INFO - Processing file /opt/airflow/dags/group_task.py for tasks to queue
[2023-12-11T15:16:32.818+0000] {logging_mixin.py:120} INFO - [2023-12-11T15:16:32.818+0000] {dagbag.py:537} INFO - Filling up the DagBag from /opt/airflow/dags/group_task.py
[2023-12-11T15:16:32.885+0000] {processor.py:766} INFO - DAG(s) dict_keys(['group_dag']) retrieved from /opt/airflow/dags/group_task.py
[2023-12-11T15:16:32.916+0000] {logging_mixin.py:120} INFO - [2023-12-11T15:16:32.915+0000] {dag.py:2585} INFO - Sync 1 DAGs
[2023-12-11T15:16:32.952+0000] {logging_mixin.py:120} INFO - [2023-12-11T15:16:32.952+0000] {dag.py:3340} INFO - Setting next_dagrun for group_dag to 2023-12-11T00:00:00+00:00, run_after=2023-12-12T00:00:00+00:00
[2023-12-11T15:16:32.983+0000] {processor.py:176} INFO - Processing /opt/airflow/dags/group_task.py took 0.172 seconds
[2023-12-11T15:17:03.048+0000] {processor.py:154} INFO - Started process (PID=5995) to work on /opt/airflow/dags/group_task.py
[2023-12-11T15:17:03.049+0000] {processor.py:756} INFO - Processing file /opt/airflow/dags/group_task.py for tasks to queue
[2023-12-11T15:17:03.049+0000] {logging_mixin.py:120} INFO - [2023-12-11T15:17:03.049+0000] {dagbag.py:537} INFO - Filling up the DagBag from /opt/airflow/dags/group_task.py
[2023-12-11T15:17:03.108+0000] {processor.py:766} INFO - DAG(s) dict_keys(['group_dag']) retrieved from /opt/airflow/dags/group_task.py
[2023-12-11T15:17:03.192+0000] {logging_mixin.py:120} INFO - [2023-12-11T15:17:03.192+0000] {dag.py:2585} INFO - Sync 1 DAGs
[2023-12-11T15:17:03.218+0000] {logging_mixin.py:120} INFO - [2023-12-11T15:17:03.218+0000] {dag.py:3340} INFO - Setting next_dagrun for group_dag to 2023-12-11T00:00:00+00:00, run_after=2023-12-12T00:00:00+00:00
[2023-12-11T15:17:03.244+0000] {processor.py:176} INFO - Processing /opt/airflow/dags/group_task.py took 0.199 seconds
[2023-12-11T15:17:33.520+0000] {processor.py:154} INFO - Started process (PID=6067) to work on /opt/airflow/dags/group_task.py
[2023-12-11T15:17:33.521+0000] {processor.py:756} INFO - Processing file /opt/airflow/dags/group_task.py for tasks to queue
[2023-12-11T15:17:33.522+0000] {logging_mixin.py:120} INFO - [2023-12-11T15:17:33.522+0000] {dagbag.py:537} INFO - Filling up the DagBag from /opt/airflow/dags/group_task.py
[2023-12-11T15:17:33.591+0000] {processor.py:766} INFO - DAG(s) dict_keys(['group_dag']) retrieved from /opt/airflow/dags/group_task.py
[2023-12-11T15:17:33.639+0000] {logging_mixin.py:120} INFO - [2023-12-11T15:17:33.639+0000] {dag.py:2585} INFO - Sync 1 DAGs
[2023-12-11T15:17:33.677+0000] {logging_mixin.py:120} INFO - [2023-12-11T15:17:33.677+0000] {dag.py:3340} INFO - Setting next_dagrun for group_dag to 2023-12-11T00:00:00+00:00, run_after=2023-12-12T00:00:00+00:00
[2023-12-11T15:17:33.705+0000] {processor.py:176} INFO - Processing /opt/airflow/dags/group_task.py took 0.188 seconds
[2023-12-11T15:18:04.712+0000] {processor.py:154} INFO - Started process (PID=6139) to work on /opt/airflow/dags/group_task.py
[2023-12-11T15:18:04.713+0000] {processor.py:756} INFO - Processing file /opt/airflow/dags/group_task.py for tasks to queue
[2023-12-11T15:18:04.714+0000] {logging_mixin.py:120} INFO - [2023-12-11T15:18:04.714+0000] {dagbag.py:537} INFO - Filling up the DagBag from /opt/airflow/dags/group_task.py
[2023-12-11T15:18:04.779+0000] {processor.py:766} INFO - DAG(s) dict_keys(['group_dag']) retrieved from /opt/airflow/dags/group_task.py
[2023-12-11T15:18:04.807+0000] {logging_mixin.py:120} INFO - [2023-12-11T15:18:04.806+0000] {dag.py:2585} INFO - Sync 1 DAGs
[2023-12-11T15:18:04.843+0000] {logging_mixin.py:120} INFO - [2023-12-11T15:18:04.843+0000] {dag.py:3340} INFO - Setting next_dagrun for group_dag to 2023-12-11T00:00:00+00:00, run_after=2023-12-12T00:00:00+00:00
[2023-12-11T15:18:04.872+0000] {processor.py:176} INFO - Processing /opt/airflow/dags/group_task.py took 0.165 seconds
[2023-12-11T15:18:11.150+0000] {processor.py:154} INFO - Started process (PID=6144) to work on /opt/airflow/dags/group_task.py
[2023-12-11T15:18:11.151+0000] {processor.py:756} INFO - Processing file /opt/airflow/dags/group_task.py for tasks to queue
[2023-12-11T15:18:11.153+0000] {logging_mixin.py:120} INFO - [2023-12-11T15:18:11.152+0000] {dagbag.py:537} INFO - Filling up the DagBag from /opt/airflow/dags/group_task.py
[2023-12-11T15:18:11.221+0000] {processor.py:766} INFO - DAG(s) dict_keys(['group_task']) retrieved from /opt/airflow/dags/group_task.py
[2023-12-11T15:18:11.335+0000] {logging_mixin.py:120} INFO - [2023-12-11T15:18:11.334+0000] {manager.py:507} INFO - Created Permission View: can delete on DAG:group_task
[2023-12-11T15:18:11.343+0000] {logging_mixin.py:120} INFO - [2023-12-11T15:18:11.343+0000] {manager.py:507} INFO - Created Permission View: can edit on DAG:group_task
[2023-12-11T15:18:11.350+0000] {logging_mixin.py:120} INFO - [2023-12-11T15:18:11.350+0000] {manager.py:507} INFO - Created Permission View: can read on DAG:group_task
[2023-12-11T15:18:11.350+0000] {logging_mixin.py:120} INFO - [2023-12-11T15:18:11.350+0000] {dag.py:2585} INFO - Sync 1 DAGs
[2023-12-11T15:18:11.362+0000] {logging_mixin.py:120} INFO - [2023-12-11T15:18:11.362+0000] {dag.py:2606} INFO - Creating ORM DAG for group_task
[2023-12-11T15:18:11.375+0000] {logging_mixin.py:120} INFO - [2023-12-11T15:18:11.375+0000] {dag.py:3340} INFO - Setting next_dagrun for group_task to 2023-12-10T00:00:00+00:00, run_after=2023-12-11T00:00:00+00:00
[2023-12-11T15:18:11.399+0000] {processor.py:176} INFO - Processing /opt/airflow/dags/group_task.py took 0.252 seconds
[2023-12-11T15:18:41.490+0000] {processor.py:154} INFO - Started process (PID=6218) to work on /opt/airflow/dags/group_task.py
[2023-12-11T15:18:41.491+0000] {processor.py:756} INFO - Processing file /opt/airflow/dags/group_task.py for tasks to queue
[2023-12-11T15:18:41.492+0000] {logging_mixin.py:120} INFO - [2023-12-11T15:18:41.492+0000] {dagbag.py:537} INFO - Filling up the DagBag from /opt/airflow/dags/group_task.py
[2023-12-11T15:18:41.540+0000] {processor.py:766} INFO - DAG(s) dict_keys(['group_task']) retrieved from /opt/airflow/dags/group_task.py
[2023-12-11T15:18:41.575+0000] {logging_mixin.py:120} INFO - [2023-12-11T15:18:41.575+0000] {dag.py:2585} INFO - Sync 1 DAGs
[2023-12-11T15:18:41.601+0000] {logging_mixin.py:120} INFO - [2023-12-11T15:18:41.601+0000] {dag.py:3340} INFO - Setting next_dagrun for group_task to 2023-12-10T00:00:00+00:00, run_after=2023-12-11T00:00:00+00:00
[2023-12-11T15:18:41.619+0000] {processor.py:176} INFO - Processing /opt/airflow/dags/group_task.py took 0.133 seconds
[2023-12-11T15:19:11.751+0000] {processor.py:154} INFO - Started process (PID=6280) to work on /opt/airflow/dags/group_task.py
[2023-12-11T15:19:11.753+0000] {processor.py:756} INFO - Processing file /opt/airflow/dags/group_task.py for tasks to queue
[2023-12-11T15:19:11.755+0000] {logging_mixin.py:120} INFO - [2023-12-11T15:19:11.755+0000] {dagbag.py:537} INFO - Filling up the DagBag from /opt/airflow/dags/group_task.py
[2023-12-11T15:19:11.823+0000] {processor.py:766} INFO - DAG(s) dict_keys(['group_task']) retrieved from /opt/airflow/dags/group_task.py
[2023-12-11T15:19:11.870+0000] {logging_mixin.py:120} INFO - [2023-12-11T15:19:11.870+0000] {dag.py:2585} INFO - Sync 1 DAGs
[2023-12-11T15:19:11.904+0000] {logging_mixin.py:120} INFO - [2023-12-11T15:19:11.904+0000] {dag.py:3340} INFO - Setting next_dagrun for group_task to 2023-12-10T00:00:00+00:00, run_after=2023-12-11T00:00:00+00:00
[2023-12-11T15:19:11.934+0000] {processor.py:176} INFO - Processing /opt/airflow/dags/group_task.py took 0.186 seconds
[2023-12-11T15:19:42.816+0000] {processor.py:154} INFO - Started process (PID=6352) to work on /opt/airflow/dags/group_task.py
[2023-12-11T15:19:42.818+0000] {processor.py:756} INFO - Processing file /opt/airflow/dags/group_task.py for tasks to queue
[2023-12-11T15:19:42.819+0000] {logging_mixin.py:120} INFO - [2023-12-11T15:19:42.819+0000] {dagbag.py:537} INFO - Filling up the DagBag from /opt/airflow/dags/group_task.py
[2023-12-11T15:19:42.875+0000] {processor.py:766} INFO - DAG(s) dict_keys(['group_task']) retrieved from /opt/airflow/dags/group_task.py
[2023-12-11T15:19:42.912+0000] {logging_mixin.py:120} INFO - [2023-12-11T15:19:42.912+0000] {dag.py:2585} INFO - Sync 1 DAGs
[2023-12-11T15:19:42.952+0000] {logging_mixin.py:120} INFO - [2023-12-11T15:19:42.952+0000] {dag.py:3340} INFO - Setting next_dagrun for group_task to 2023-12-10T00:00:00+00:00, run_after=2023-12-11T00:00:00+00:00
[2023-12-11T15:19:42.994+0000] {processor.py:176} INFO - Processing /opt/airflow/dags/group_task.py took 0.182 seconds
[2023-12-11T15:20:13.435+0000] {processor.py:154} INFO - Started process (PID=6424) to work on /opt/airflow/dags/group_task.py
[2023-12-11T15:20:13.436+0000] {processor.py:756} INFO - Processing file /opt/airflow/dags/group_task.py for tasks to queue
[2023-12-11T15:20:13.437+0000] {logging_mixin.py:120} INFO - [2023-12-11T15:20:13.437+0000] {dagbag.py:537} INFO - Filling up the DagBag from /opt/airflow/dags/group_task.py
[2023-12-11T15:20:13.489+0000] {processor.py:766} INFO - DAG(s) dict_keys(['group_task']) retrieved from /opt/airflow/dags/group_task.py
[2023-12-11T15:20:13.526+0000] {logging_mixin.py:120} INFO - [2023-12-11T15:20:13.526+0000] {dag.py:2585} INFO - Sync 1 DAGs
[2023-12-11T15:20:13.552+0000] {logging_mixin.py:120} INFO - [2023-12-11T15:20:13.552+0000] {dag.py:3340} INFO - Setting next_dagrun for group_task to 2023-12-10T00:00:00+00:00, run_after=2023-12-11T00:00:00+00:00
[2023-12-11T15:20:13.573+0000] {processor.py:176} INFO - Processing /opt/airflow/dags/group_task.py took 0.143 seconds
[2023-12-11T15:20:44.281+0000] {processor.py:154} INFO - Started process (PID=6488) to work on /opt/airflow/dags/group_task.py
[2023-12-11T15:20:44.284+0000] {processor.py:756} INFO - Processing file /opt/airflow/dags/group_task.py for tasks to queue
[2023-12-11T15:20:44.285+0000] {logging_mixin.py:120} INFO - [2023-12-11T15:20:44.285+0000] {dagbag.py:537} INFO - Filling up the DagBag from /opt/airflow/dags/group_task.py
[2023-12-11T15:20:44.371+0000] {processor.py:766} INFO - DAG(s) dict_keys(['group_task']) retrieved from /opt/airflow/dags/group_task.py
[2023-12-11T15:20:44.415+0000] {logging_mixin.py:120} INFO - [2023-12-11T15:20:44.414+0000] {dag.py:2585} INFO - Sync 1 DAGs
[2023-12-11T15:20:44.443+0000] {logging_mixin.py:120} INFO - [2023-12-11T15:20:44.443+0000] {dag.py:3340} INFO - Setting next_dagrun for group_task to 2023-12-10T00:00:00+00:00, run_after=2023-12-11T00:00:00+00:00
[2023-12-11T15:20:44.465+0000] {processor.py:176} INFO - Processing /opt/airflow/dags/group_task.py took 0.189 seconds
[2023-12-11T15:21:15.163+0000] {processor.py:154} INFO - Started process (PID=6560) to work on /opt/airflow/dags/group_task.py
[2023-12-11T15:21:15.165+0000] {processor.py:756} INFO - Processing file /opt/airflow/dags/group_task.py for tasks to queue
[2023-12-11T15:21:15.167+0000] {logging_mixin.py:120} INFO - [2023-12-11T15:21:15.166+0000] {dagbag.py:537} INFO - Filling up the DagBag from /opt/airflow/dags/group_task.py
[2023-12-11T15:21:15.232+0000] {processor.py:766} INFO - DAG(s) dict_keys(['group_task']) retrieved from /opt/airflow/dags/group_task.py
[2023-12-11T15:21:15.285+0000] {logging_mixin.py:120} INFO - [2023-12-11T15:21:15.285+0000] {dag.py:2585} INFO - Sync 1 DAGs
[2023-12-11T15:21:15.327+0000] {logging_mixin.py:120} INFO - [2023-12-11T15:21:15.327+0000] {dag.py:3340} INFO - Setting next_dagrun for group_task to 2023-12-10T00:00:00+00:00, run_after=2023-12-11T00:00:00+00:00
[2023-12-11T15:21:15.358+0000] {processor.py:176} INFO - Processing /opt/airflow/dags/group_task.py took 0.199 seconds
[2023-12-11T15:21:45.452+0000] {processor.py:154} INFO - Started process (PID=6632) to work on /opt/airflow/dags/group_task.py
[2023-12-11T15:21:45.453+0000] {processor.py:756} INFO - Processing file /opt/airflow/dags/group_task.py for tasks to queue
[2023-12-11T15:21:45.454+0000] {logging_mixin.py:120} INFO - [2023-12-11T15:21:45.454+0000] {dagbag.py:537} INFO - Filling up the DagBag from /opt/airflow/dags/group_task.py
[2023-12-11T15:21:45.507+0000] {processor.py:766} INFO - DAG(s) dict_keys(['group_task']) retrieved from /opt/airflow/dags/group_task.py
[2023-12-11T15:21:45.548+0000] {logging_mixin.py:120} INFO - [2023-12-11T15:21:45.547+0000] {dag.py:2585} INFO - Sync 1 DAGs
[2023-12-11T15:21:45.575+0000] {logging_mixin.py:120} INFO - [2023-12-11T15:21:45.575+0000] {dag.py:3340} INFO - Setting next_dagrun for group_task to 2023-12-10T00:00:00+00:00, run_after=2023-12-11T00:00:00+00:00
[2023-12-11T15:21:45.599+0000] {processor.py:176} INFO - Processing /opt/airflow/dags/group_task.py took 0.151 seconds
[2023-12-11T15:22:16.065+0000] {processor.py:154} INFO - Started process (PID=6697) to work on /opt/airflow/dags/group_task.py
[2023-12-11T15:22:16.067+0000] {processor.py:756} INFO - Processing file /opt/airflow/dags/group_task.py for tasks to queue
[2023-12-11T15:22:16.068+0000] {logging_mixin.py:120} INFO - [2023-12-11T15:22:16.068+0000] {dagbag.py:537} INFO - Filling up the DagBag from /opt/airflow/dags/group_task.py
[2023-12-11T15:22:16.121+0000] {processor.py:766} INFO - DAG(s) dict_keys(['group_task']) retrieved from /opt/airflow/dags/group_task.py
[2023-12-11T15:22:16.157+0000] {logging_mixin.py:120} INFO - [2023-12-11T15:22:16.156+0000] {dag.py:2585} INFO - Sync 1 DAGs
[2023-12-11T15:22:16.183+0000] {logging_mixin.py:120} INFO - [2023-12-11T15:22:16.182+0000] {dag.py:3340} INFO - Setting next_dagrun for group_task to 2023-12-10T00:00:00+00:00, run_after=2023-12-11T00:00:00+00:00
[2023-12-11T15:22:16.203+0000] {processor.py:176} INFO - Processing /opt/airflow/dags/group_task.py took 0.142 seconds
[2023-12-11T15:22:46.397+0000] {processor.py:154} INFO - Started process (PID=6769) to work on /opt/airflow/dags/group_task.py
[2023-12-11T15:22:46.398+0000] {processor.py:756} INFO - Processing file /opt/airflow/dags/group_task.py for tasks to queue
[2023-12-11T15:22:46.399+0000] {logging_mixin.py:120} INFO - [2023-12-11T15:22:46.399+0000] {dagbag.py:537} INFO - Filling up the DagBag from /opt/airflow/dags/group_task.py
[2023-12-11T15:22:46.476+0000] {processor.py:766} INFO - DAG(s) dict_keys(['group_task']) retrieved from /opt/airflow/dags/group_task.py
[2023-12-11T15:22:46.521+0000] {logging_mixin.py:120} INFO - [2023-12-11T15:22:46.521+0000] {dag.py:2585} INFO - Sync 1 DAGs
[2023-12-11T15:22:46.564+0000] {logging_mixin.py:120} INFO - [2023-12-11T15:22:46.564+0000] {dag.py:3340} INFO - Setting next_dagrun for group_task to 2023-12-10T00:00:00+00:00, run_after=2023-12-11T00:00:00+00:00
[2023-12-11T15:22:46.594+0000] {processor.py:176} INFO - Processing /opt/airflow/dags/group_task.py took 0.201 seconds
[2023-12-11T15:23:16.734+0000] {processor.py:154} INFO - Started process (PID=6841) to work on /opt/airflow/dags/group_task.py
[2023-12-11T15:23:16.736+0000] {processor.py:756} INFO - Processing file /opt/airflow/dags/group_task.py for tasks to queue
[2023-12-11T15:23:16.737+0000] {logging_mixin.py:120} INFO - [2023-12-11T15:23:16.737+0000] {dagbag.py:537} INFO - Filling up the DagBag from /opt/airflow/dags/group_task.py
[2023-12-11T15:23:16.816+0000] {processor.py:766} INFO - DAG(s) dict_keys(['group_task']) retrieved from /opt/airflow/dags/group_task.py
[2023-12-11T15:23:16.888+0000] {logging_mixin.py:120} INFO - [2023-12-11T15:23:16.887+0000] {dag.py:2585} INFO - Sync 1 DAGs
[2023-12-11T15:23:16.935+0000] {logging_mixin.py:120} INFO - [2023-12-11T15:23:16.935+0000] {dag.py:3340} INFO - Setting next_dagrun for group_task to 2023-12-10T00:00:00+00:00, run_after=2023-12-11T00:00:00+00:00
[2023-12-11T15:23:16.967+0000] {processor.py:176} INFO - Processing /opt/airflow/dags/group_task.py took 0.236 seconds
[2023-12-11T15:23:47.443+0000] {processor.py:154} INFO - Started process (PID=6904) to work on /opt/airflow/dags/group_task.py
[2023-12-11T15:23:47.445+0000] {processor.py:756} INFO - Processing file /opt/airflow/dags/group_task.py for tasks to queue
[2023-12-11T15:23:47.447+0000] {logging_mixin.py:120} INFO - [2023-12-11T15:23:47.446+0000] {dagbag.py:537} INFO - Filling up the DagBag from /opt/airflow/dags/group_task.py
[2023-12-11T15:23:47.557+0000] {processor.py:766} INFO - DAG(s) dict_keys(['group_task']) retrieved from /opt/airflow/dags/group_task.py
[2023-12-11T15:23:47.634+0000] {logging_mixin.py:120} INFO - [2023-12-11T15:23:47.633+0000] {dag.py:2585} INFO - Sync 1 DAGs
[2023-12-11T15:23:47.687+0000] {logging_mixin.py:120} INFO - [2023-12-11T15:23:47.686+0000] {dag.py:3340} INFO - Setting next_dagrun for group_task to 2023-12-10T00:00:00+00:00, run_after=2023-12-11T00:00:00+00:00
[2023-12-11T15:23:47.723+0000] {processor.py:176} INFO - Processing /opt/airflow/dags/group_task.py took 0.285 seconds
[2023-12-11T15:24:18.427+0000] {processor.py:154} INFO - Started process (PID=6976) to work on /opt/airflow/dags/group_task.py
[2023-12-11T15:24:18.429+0000] {processor.py:756} INFO - Processing file /opt/airflow/dags/group_task.py for tasks to queue
[2023-12-11T15:24:18.430+0000] {logging_mixin.py:120} INFO - [2023-12-11T15:24:18.430+0000] {dagbag.py:537} INFO - Filling up the DagBag from /opt/airflow/dags/group_task.py
[2023-12-11T15:24:18.521+0000] {processor.py:766} INFO - DAG(s) dict_keys(['group_task']) retrieved from /opt/airflow/dags/group_task.py
[2023-12-11T15:24:18.597+0000] {logging_mixin.py:120} INFO - [2023-12-11T15:24:18.596+0000] {dag.py:2585} INFO - Sync 1 DAGs
[2023-12-11T15:24:18.654+0000] {logging_mixin.py:120} INFO - [2023-12-11T15:24:18.653+0000] {dag.py:3340} INFO - Setting next_dagrun for group_task to 2023-12-10T00:00:00+00:00, run_after=2023-12-11T00:00:00+00:00
[2023-12-11T15:24:18.689+0000] {processor.py:176} INFO - Processing /opt/airflow/dags/group_task.py took 0.267 seconds
[2023-12-11T15:24:48.741+0000] {processor.py:154} INFO - Started process (PID=7039) to work on /opt/airflow/dags/group_task.py
[2023-12-11T15:24:48.742+0000] {processor.py:756} INFO - Processing file /opt/airflow/dags/group_task.py for tasks to queue
[2023-12-11T15:24:48.743+0000] {logging_mixin.py:120} INFO - [2023-12-11T15:24:48.743+0000] {dagbag.py:537} INFO - Filling up the DagBag from /opt/airflow/dags/group_task.py
[2023-12-11T15:24:48.790+0000] {processor.py:766} INFO - DAG(s) dict_keys(['group_task']) retrieved from /opt/airflow/dags/group_task.py
[2023-12-11T15:24:48.848+0000] {logging_mixin.py:120} INFO - [2023-12-11T15:24:48.847+0000] {dag.py:2585} INFO - Sync 1 DAGs
[2023-12-11T15:24:48.875+0000] {logging_mixin.py:120} INFO - [2023-12-11T15:24:48.874+0000] {dag.py:3340} INFO - Setting next_dagrun for group_task to 2023-12-10T00:00:00+00:00, run_after=2023-12-11T00:00:00+00:00
[2023-12-11T15:24:48.891+0000] {processor.py:176} INFO - Processing /opt/airflow/dags/group_task.py took 0.153 seconds
[2023-12-11T15:25:19.270+0000] {processor.py:154} INFO - Started process (PID=7111) to work on /opt/airflow/dags/group_task.py
[2023-12-11T15:25:19.271+0000] {processor.py:756} INFO - Processing file /opt/airflow/dags/group_task.py for tasks to queue
[2023-12-11T15:25:19.272+0000] {logging_mixin.py:120} INFO - [2023-12-11T15:25:19.272+0000] {dagbag.py:537} INFO - Filling up the DagBag from /opt/airflow/dags/group_task.py
[2023-12-11T15:25:19.328+0000] {processor.py:766} INFO - DAG(s) dict_keys(['group_task']) retrieved from /opt/airflow/dags/group_task.py
[2023-12-11T15:25:19.366+0000] {logging_mixin.py:120} INFO - [2023-12-11T15:25:19.366+0000] {dag.py:2585} INFO - Sync 1 DAGs
[2023-12-11T15:25:19.400+0000] {logging_mixin.py:120} INFO - [2023-12-11T15:25:19.400+0000] {dag.py:3340} INFO - Setting next_dagrun for group_task to 2023-12-10T00:00:00+00:00, run_after=2023-12-11T00:00:00+00:00
[2023-12-11T15:25:19.428+0000] {processor.py:176} INFO - Processing /opt/airflow/dags/group_task.py took 0.164 seconds
