[2023-12-11T14:55:53.118+0000] {processor.py:154} INFO - Started process (PID=3185) to work on /opt/airflow/dags/group_dag.py
[2023-12-11T14:55:53.119+0000] {processor.py:756} INFO - Processing file /opt/airflow/dags/group_dag.py for tasks to queue
[2023-12-11T14:55:53.120+0000] {logging_mixin.py:120} INFO - [2023-12-11T14:55:53.120+0000] {dagbag.py:537} INFO - Filling up the DagBag from /opt/airflow/dags/group_dag.py
[2023-12-11T14:55:53.168+0000] {processor.py:766} INFO - DAG(s) dict_keys(['group_dag']) retrieved from /opt/airflow/dags/group_dag.py
[2023-12-11T14:55:53.297+0000] {logging_mixin.py:120} INFO - [2023-12-11T14:55:53.297+0000] {manager.py:507} INFO - Created Permission View: can delete on DAG:group_dag
[2023-12-11T14:55:53.306+0000] {logging_mixin.py:120} INFO - [2023-12-11T14:55:53.306+0000] {manager.py:507} INFO - Created Permission View: can edit on DAG:group_dag
[2023-12-11T14:55:53.313+0000] {logging_mixin.py:120} INFO - [2023-12-11T14:55:53.313+0000] {manager.py:507} INFO - Created Permission View: can read on DAG:group_dag
[2023-12-11T14:55:53.313+0000] {logging_mixin.py:120} INFO - [2023-12-11T14:55:53.313+0000] {dag.py:2585} INFO - Sync 1 DAGs
[2023-12-11T14:55:53.326+0000] {logging_mixin.py:120} INFO - [2023-12-11T14:55:53.326+0000] {dag.py:2606} INFO - Creating ORM DAG for group_dag
[2023-12-11T14:55:53.341+0000] {logging_mixin.py:120} INFO - [2023-12-11T14:55:53.341+0000] {dag.py:3340} INFO - Setting next_dagrun for group_dag to 2023-12-10T00:00:00+00:00, run_after=2023-12-11T00:00:00+00:00
[2023-12-11T14:55:53.365+0000] {processor.py:176} INFO - Processing /opt/airflow/dags/group_dag.py took 0.251 seconds
[2023-12-11T14:56:23.788+0000] {processor.py:154} INFO - Started process (PID=3254) to work on /opt/airflow/dags/group_dag.py
[2023-12-11T14:56:23.789+0000] {processor.py:756} INFO - Processing file /opt/airflow/dags/group_dag.py for tasks to queue
[2023-12-11T14:56:23.790+0000] {logging_mixin.py:120} INFO - [2023-12-11T14:56:23.790+0000] {dagbag.py:537} INFO - Filling up the DagBag from /opt/airflow/dags/group_dag.py
[2023-12-11T14:56:23.828+0000] {processor.py:766} INFO - DAG(s) dict_keys(['group_dag']) retrieved from /opt/airflow/dags/group_dag.py
[2023-12-11T14:56:23.864+0000] {logging_mixin.py:120} INFO - [2023-12-11T14:56:23.864+0000] {dag.py:2585} INFO - Sync 1 DAGs
[2023-12-11T14:56:23.887+0000] {logging_mixin.py:120} INFO - [2023-12-11T14:56:23.886+0000] {dag.py:3340} INFO - Setting next_dagrun for group_dag to 2023-12-10T00:00:00+00:00, run_after=2023-12-11T00:00:00+00:00
[2023-12-11T14:56:23.904+0000] {processor.py:176} INFO - Processing /opt/airflow/dags/group_dag.py took 0.119 seconds
[2023-12-11T14:56:54.361+0000] {processor.py:154} INFO - Started process (PID=3323) to work on /opt/airflow/dags/group_dag.py
[2023-12-11T14:56:54.363+0000] {processor.py:756} INFO - Processing file /opt/airflow/dags/group_dag.py for tasks to queue
[2023-12-11T14:56:54.363+0000] {logging_mixin.py:120} INFO - [2023-12-11T14:56:54.363+0000] {dagbag.py:537} INFO - Filling up the DagBag from /opt/airflow/dags/group_dag.py
[2023-12-11T14:56:54.397+0000] {processor.py:766} INFO - DAG(s) dict_keys(['group_dag']) retrieved from /opt/airflow/dags/group_dag.py
[2023-12-11T14:56:54.451+0000] {logging_mixin.py:120} INFO - [2023-12-11T14:56:54.451+0000] {dag.py:2585} INFO - Sync 1 DAGs
[2023-12-11T14:56:54.486+0000] {logging_mixin.py:120} INFO - [2023-12-11T14:56:54.486+0000] {dag.py:3340} INFO - Setting next_dagrun for group_dag to 2023-12-10T00:00:00+00:00, run_after=2023-12-11T00:00:00+00:00
[2023-12-11T14:56:54.514+0000] {processor.py:176} INFO - Processing /opt/airflow/dags/group_dag.py took 0.157 seconds
[2023-12-11T14:57:24.820+0000] {processor.py:154} INFO - Started process (PID=3384) to work on /opt/airflow/dags/group_dag.py
[2023-12-11T14:57:24.821+0000] {processor.py:756} INFO - Processing file /opt/airflow/dags/group_dag.py for tasks to queue
[2023-12-11T14:57:24.822+0000] {logging_mixin.py:120} INFO - [2023-12-11T14:57:24.822+0000] {dagbag.py:537} INFO - Filling up the DagBag from /opt/airflow/dags/group_dag.py
[2023-12-11T14:57:24.850+0000] {processor.py:766} INFO - DAG(s) dict_keys(['group_dag']) retrieved from /opt/airflow/dags/group_dag.py
[2023-12-11T14:57:24.885+0000] {logging_mixin.py:120} INFO - [2023-12-11T14:57:24.885+0000] {dag.py:2585} INFO - Sync 1 DAGs
[2023-12-11T14:57:24.908+0000] {logging_mixin.py:120} INFO - [2023-12-11T14:57:24.908+0000] {dag.py:3340} INFO - Setting next_dagrun for group_dag to 2023-12-10T00:00:00+00:00, run_after=2023-12-11T00:00:00+00:00
[2023-12-11T14:57:24.928+0000] {processor.py:176} INFO - Processing /opt/airflow/dags/group_dag.py took 0.110 seconds
[2023-12-11T14:57:30.962+0000] {processor.py:154} INFO - Started process (PID=3396) to work on /opt/airflow/dags/group_dag.py
[2023-12-11T14:57:30.963+0000] {processor.py:756} INFO - Processing file /opt/airflow/dags/group_dag.py for tasks to queue
[2023-12-11T14:57:30.964+0000] {logging_mixin.py:120} INFO - [2023-12-11T14:57:30.964+0000] {dagbag.py:537} INFO - Filling up the DagBag from /opt/airflow/dags/group_dag.py
[2023-12-11T14:57:31.003+0000] {processor.py:766} INFO - DAG(s) dict_keys(['group_dag']) retrieved from /opt/airflow/dags/group_dag.py
[2023-12-11T14:57:31.047+0000] {logging_mixin.py:120} INFO - [2023-12-11T14:57:31.047+0000] {dag.py:2585} INFO - Sync 1 DAGs
[2023-12-11T14:57:31.077+0000] {logging_mixin.py:120} INFO - [2023-12-11T14:57:31.077+0000] {dag.py:3340} INFO - Setting next_dagrun for group_dag to 2023-12-10T00:00:00+00:00, run_after=2023-12-11T00:00:00+00:00
[2023-12-11T14:57:31.126+0000] {processor.py:176} INFO - Processing /opt/airflow/dags/group_dag.py took 0.166 seconds
[2023-12-11T14:58:01.811+0000] {processor.py:154} INFO - Started process (PID=3465) to work on /opt/airflow/dags/group_dag.py
[2023-12-11T14:58:01.813+0000] {processor.py:756} INFO - Processing file /opt/airflow/dags/group_dag.py for tasks to queue
[2023-12-11T14:58:01.814+0000] {logging_mixin.py:120} INFO - [2023-12-11T14:58:01.814+0000] {dagbag.py:537} INFO - Filling up the DagBag from /opt/airflow/dags/group_dag.py
[2023-12-11T14:58:01.858+0000] {processor.py:766} INFO - DAG(s) dict_keys(['group_dag']) retrieved from /opt/airflow/dags/group_dag.py
[2023-12-11T14:58:01.913+0000] {logging_mixin.py:120} INFO - [2023-12-11T14:58:01.913+0000] {dag.py:2585} INFO - Sync 1 DAGs
[2023-12-11T14:58:01.950+0000] {logging_mixin.py:120} INFO - [2023-12-11T14:58:01.950+0000] {dag.py:3340} INFO - Setting next_dagrun for group_dag to 2023-12-10T00:00:00+00:00, run_after=2023-12-11T00:00:00+00:00
[2023-12-11T14:58:01.978+0000] {processor.py:176} INFO - Processing /opt/airflow/dags/group_dag.py took 0.173 seconds
[2023-12-11T14:58:27.911+0000] {processor.py:154} INFO - Started process (PID=3524) to work on /opt/airflow/dags/group_dag.py
[2023-12-11T14:58:27.912+0000] {processor.py:756} INFO - Processing file /opt/airflow/dags/group_dag.py for tasks to queue
[2023-12-11T14:58:27.913+0000] {logging_mixin.py:120} INFO - [2023-12-11T14:58:27.913+0000] {dagbag.py:537} INFO - Filling up the DagBag from /opt/airflow/dags/group_dag.py
[2023-12-11T14:58:27.966+0000] {processor.py:766} INFO - DAG(s) dict_keys(['group_dag']) retrieved from /opt/airflow/dags/group_dag.py
[2023-12-11T14:58:28.004+0000] {logging_mixin.py:120} INFO - [2023-12-11T14:58:28.004+0000] {dag.py:2585} INFO - Sync 1 DAGs
[2023-12-11T14:58:28.046+0000] {logging_mixin.py:120} INFO - [2023-12-11T14:58:28.045+0000] {dag.py:3340} INFO - Setting next_dagrun for group_dag to 2023-12-10T00:00:00+00:00, run_after=2023-12-11T00:00:00+00:00
[2023-12-11T14:58:28.074+0000] {processor.py:176} INFO - Processing /opt/airflow/dags/group_dag.py took 0.166 seconds
[2023-12-11T14:58:58.421+0000] {processor.py:154} INFO - Started process (PID=3593) to work on /opt/airflow/dags/group_dag.py
[2023-12-11T14:58:58.423+0000] {processor.py:756} INFO - Processing file /opt/airflow/dags/group_dag.py for tasks to queue
[2023-12-11T14:58:58.424+0000] {logging_mixin.py:120} INFO - [2023-12-11T14:58:58.424+0000] {dagbag.py:537} INFO - Filling up the DagBag from /opt/airflow/dags/group_dag.py
[2023-12-11T14:58:58.471+0000] {processor.py:766} INFO - DAG(s) dict_keys(['group_dag']) retrieved from /opt/airflow/dags/group_dag.py
[2023-12-11T14:58:58.530+0000] {logging_mixin.py:120} INFO - [2023-12-11T14:58:58.530+0000] {dag.py:2585} INFO - Sync 1 DAGs
[2023-12-11T14:58:58.564+0000] {logging_mixin.py:120} INFO - [2023-12-11T14:58:58.564+0000] {dag.py:3340} INFO - Setting next_dagrun for group_dag to 2023-12-10T00:00:00+00:00, run_after=2023-12-11T00:00:00+00:00
[2023-12-11T14:58:58.589+0000] {processor.py:176} INFO - Processing /opt/airflow/dags/group_dag.py took 0.171 seconds
[2023-12-11T14:59:17.310+0000] {processor.py:154} INFO - Started process (PID=3635) to work on /opt/airflow/dags/group_dag.py
[2023-12-11T14:59:17.311+0000] {processor.py:756} INFO - Processing file /opt/airflow/dags/group_dag.py for tasks to queue
[2023-12-11T14:59:17.312+0000] {logging_mixin.py:120} INFO - [2023-12-11T14:59:17.312+0000] {dagbag.py:537} INFO - Filling up the DagBag from /opt/airflow/dags/group_dag.py
[2023-12-11T14:59:17.394+0000] {logging_mixin.py:120} INFO - [2023-12-11T14:59:17.389+0000] {dagbag.py:342} ERROR - Failed to import: /opt/airflow/dags/group_dag.py
Traceback (most recent call last):
  File "/home/airflow/.local/lib/python3.7/site-packages/airflow/models/dagbag.py", line 338, in parse
    loader.exec_module(new_module)
  File "<frozen importlib._bootstrap_external>", line 728, in exec_module
  File "<frozen importlib._bootstrap>", line 219, in _call_with_frames_removed
  File "/opt/airflow/dags/group_dag.py", line 14, in <module>
    subdag = subdag_downloads()
NameError: name 'subdag_downloads' is not defined
[2023-12-11T14:59:17.396+0000] {processor.py:768} WARNING - No viable dags retrieved from /opt/airflow/dags/group_dag.py
[2023-12-11T14:59:17.421+0000] {processor.py:176} INFO - Processing /opt/airflow/dags/group_dag.py took 0.114 seconds
[2023-12-11T14:59:42.294+0000] {processor.py:154} INFO - Started process (PID=3694) to work on /opt/airflow/dags/group_dag.py
[2023-12-11T14:59:42.296+0000] {processor.py:756} INFO - Processing file /opt/airflow/dags/group_dag.py for tasks to queue
[2023-12-11T14:59:42.297+0000] {logging_mixin.py:120} INFO - [2023-12-11T14:59:42.297+0000] {dagbag.py:537} INFO - Filling up the DagBag from /opt/airflow/dags/group_dag.py
[2023-12-11T14:59:42.339+0000] {logging_mixin.py:120} INFO - [2023-12-11T14:59:42.335+0000] {dagbag.py:342} ERROR - Failed to import: /opt/airflow/dags/group_dag.py
Traceback (most recent call last):
  File "/home/airflow/.local/lib/python3.7/site-packages/airflow/models/dagbag.py", line 338, in parse
    loader.exec_module(new_module)
  File "<frozen importlib._bootstrap_external>", line 728, in exec_module
  File "<frozen importlib._bootstrap>", line 219, in _call_with_frames_removed
  File "/opt/airflow/dags/group_dag.py", line 14, in <module>
    subdag = subdag_downloads(dag.dag_id, 'downloads')
NameError: name 'subdag_downloads' is not defined
[2023-12-11T14:59:42.340+0000] {processor.py:768} WARNING - No viable dags retrieved from /opt/airflow/dags/group_dag.py
[2023-12-11T14:59:42.358+0000] {processor.py:176} INFO - Processing /opt/airflow/dags/group_dag.py took 0.067 seconds
[2023-12-11T14:59:46.433+0000] {processor.py:154} INFO - Started process (PID=3705) to work on /opt/airflow/dags/group_dag.py
[2023-12-11T14:59:46.434+0000] {processor.py:756} INFO - Processing file /opt/airflow/dags/group_dag.py for tasks to queue
[2023-12-11T14:59:46.436+0000] {logging_mixin.py:120} INFO - [2023-12-11T14:59:46.435+0000] {dagbag.py:537} INFO - Filling up the DagBag from /opt/airflow/dags/group_dag.py
[2023-12-11T14:59:46.486+0000] {logging_mixin.py:120} INFO - [2023-12-11T14:59:46.480+0000] {dagbag.py:342} ERROR - Failed to import: /opt/airflow/dags/group_dag.py
Traceback (most recent call last):
  File "/home/airflow/.local/lib/python3.7/site-packages/airflow/models/dagbag.py", line 338, in parse
    loader.exec_module(new_module)
  File "<frozen importlib._bootstrap_external>", line 728, in exec_module
  File "<frozen importlib._bootstrap>", line 219, in _call_with_frames_removed
  File "/opt/airflow/dags/group_dag.py", line 14, in <module>
    subdag = subdag_downloads(dag.dag_id, 'downloads', args)
NameError: name 'subdag_downloads' is not defined
[2023-12-11T14:59:46.488+0000] {processor.py:768} WARNING - No viable dags retrieved from /opt/airflow/dags/group_dag.py
[2023-12-11T14:59:46.506+0000] {processor.py:176} INFO - Processing /opt/airflow/dags/group_dag.py took 0.078 seconds
[2023-12-11T14:59:55.269+0000] {processor.py:154} INFO - Started process (PID=3714) to work on /opt/airflow/dags/group_dag.py
[2023-12-11T14:59:55.271+0000] {processor.py:756} INFO - Processing file /opt/airflow/dags/group_dag.py for tasks to queue
[2023-12-11T14:59:55.272+0000] {logging_mixin.py:120} INFO - [2023-12-11T14:59:55.272+0000] {dagbag.py:537} INFO - Filling up the DagBag from /opt/airflow/dags/group_dag.py
[2023-12-11T14:59:55.325+0000] {logging_mixin.py:120} INFO - [2023-12-11T14:59:55.319+0000] {dagbag.py:342} ERROR - Failed to import: /opt/airflow/dags/group_dag.py
Traceback (most recent call last):
  File "/home/airflow/.local/lib/python3.7/site-packages/airflow/models/dagbag.py", line 338, in parse
    loader.exec_module(new_module)
  File "<frozen importlib._bootstrap_external>", line 728, in exec_module
  File "<frozen importlib._bootstrap>", line 219, in _call_with_frames_removed
  File "/opt/airflow/dags/group_dag.py", line 14, in <module>
    subdag = subdag_downloads(dag.dag_id, 'downloads', args)
NameError: name 'subdag_downloads' is not defined
[2023-12-11T14:59:55.326+0000] {processor.py:768} WARNING - No viable dags retrieved from /opt/airflow/dags/group_dag.py
[2023-12-11T14:59:55.345+0000] {processor.py:176} INFO - Processing /opt/airflow/dags/group_dag.py took 0.078 seconds
[2023-12-11T15:00:19.812+0000] {processor.py:154} INFO - Started process (PID=3775) to work on /opt/airflow/dags/group_dag.py
[2023-12-11T15:00:19.814+0000] {processor.py:756} INFO - Processing file /opt/airflow/dags/group_dag.py for tasks to queue
[2023-12-11T15:00:19.815+0000] {logging_mixin.py:120} INFO - [2023-12-11T15:00:19.815+0000] {dagbag.py:537} INFO - Filling up the DagBag from /opt/airflow/dags/group_dag.py
[2023-12-11T15:00:19.893+0000] {logging_mixin.py:120} INFO - [2023-12-11T15:00:19.880+0000] {dagbag.py:342} ERROR - Failed to import: /opt/airflow/dags/group_dag.py
Traceback (most recent call last):
  File "/home/airflow/.local/lib/python3.7/site-packages/airflow/models/dagbag.py", line 338, in parse
    loader.exec_module(new_module)
  File "<frozen importlib._bootstrap_external>", line 728, in exec_module
  File "<frozen importlib._bootstrap>", line 219, in _call_with_frames_removed
  File "/opt/airflow/dags/group_dag.py", line 15, in <module>
    subdag = subdag_downloads(dag.dag_id, 'downloads', args)
  File "/opt/airflow/dags/subdags/subdag_downloads.py", line 8, in subdag_downloads
    catchup=args['catchup']) as dag:
TypeError: __init__() got an unexpected keyword argument 'star_date'
[2023-12-11T15:00:19.899+0000] {processor.py:768} WARNING - No viable dags retrieved from /opt/airflow/dags/group_dag.py
[2023-12-11T15:00:19.922+0000] {processor.py:176} INFO - Processing /opt/airflow/dags/group_dag.py took 0.113 seconds
[2023-12-11T15:00:50.243+0000] {processor.py:154} INFO - Started process (PID=3835) to work on /opt/airflow/dags/group_dag.py
[2023-12-11T15:00:50.244+0000] {processor.py:756} INFO - Processing file /opt/airflow/dags/group_dag.py for tasks to queue
[2023-12-11T15:00:50.245+0000] {logging_mixin.py:120} INFO - [2023-12-11T15:00:50.245+0000] {dagbag.py:537} INFO - Filling up the DagBag from /opt/airflow/dags/group_dag.py
[2023-12-11T15:00:50.301+0000] {logging_mixin.py:120} INFO - [2023-12-11T15:00:50.291+0000] {dagbag.py:342} ERROR - Failed to import: /opt/airflow/dags/group_dag.py
Traceback (most recent call last):
  File "/home/airflow/.local/lib/python3.7/site-packages/airflow/models/dagbag.py", line 338, in parse
    loader.exec_module(new_module)
  File "<frozen importlib._bootstrap_external>", line 728, in exec_module
  File "<frozen importlib._bootstrap>", line 219, in _call_with_frames_removed
  File "/opt/airflow/dags/group_dag.py", line 15, in <module>
    subdag = subdag_downloads(dag.dag_id, 'downloads', args)
  File "/opt/airflow/dags/subdags/subdag_downloads.py", line 8, in subdag_downloads
    catchup=args['catchup']) as dag:
TypeError: __init__() got an unexpected keyword argument 'star_date'
[2023-12-11T15:00:50.304+0000] {processor.py:768} WARNING - No viable dags retrieved from /opt/airflow/dags/group_dag.py
[2023-12-11T15:00:50.321+0000] {processor.py:176} INFO - Processing /opt/airflow/dags/group_dag.py took 0.081 seconds
[2023-12-11T15:01:20.780+0000] {processor.py:154} INFO - Started process (PID=3904) to work on /opt/airflow/dags/group_dag.py
[2023-12-11T15:01:20.781+0000] {processor.py:756} INFO - Processing file /opt/airflow/dags/group_dag.py for tasks to queue
[2023-12-11T15:01:20.782+0000] {logging_mixin.py:120} INFO - [2023-12-11T15:01:20.782+0000] {dagbag.py:537} INFO - Filling up the DagBag from /opt/airflow/dags/group_dag.py
[2023-12-11T15:01:20.844+0000] {logging_mixin.py:120} INFO - [2023-12-11T15:01:20.833+0000] {dagbag.py:342} ERROR - Failed to import: /opt/airflow/dags/group_dag.py
Traceback (most recent call last):
  File "/home/airflow/.local/lib/python3.7/site-packages/airflow/models/dagbag.py", line 338, in parse
    loader.exec_module(new_module)
  File "<frozen importlib._bootstrap_external>", line 728, in exec_module
  File "<frozen importlib._bootstrap>", line 219, in _call_with_frames_removed
  File "/opt/airflow/dags/group_dag.py", line 15, in <module>
    subdag = subdag_downloads(dag.dag_id, 'downloads', args)
  File "/opt/airflow/dags/subdags/subdag_downloads.py", line 8, in subdag_downloads
    catchup=args['catchup']) as dag:
TypeError: __init__() got an unexpected keyword argument 'star_date'
[2023-12-11T15:01:20.848+0000] {processor.py:768} WARNING - No viable dags retrieved from /opt/airflow/dags/group_dag.py
[2023-12-11T15:01:20.871+0000] {processor.py:176} INFO - Processing /opt/airflow/dags/group_dag.py took 0.094 seconds
[2023-12-11T15:01:51.010+0000] {processor.py:154} INFO - Started process (PID=3975) to work on /opt/airflow/dags/group_dag.py
[2023-12-11T15:01:51.011+0000] {processor.py:756} INFO - Processing file /opt/airflow/dags/group_dag.py for tasks to queue
[2023-12-11T15:01:51.012+0000] {logging_mixin.py:120} INFO - [2023-12-11T15:01:51.012+0000] {dagbag.py:537} INFO - Filling up the DagBag from /opt/airflow/dags/group_dag.py
[2023-12-11T15:01:51.091+0000] {processor.py:766} INFO - DAG(s) dict_keys(['group_dag.downloads', 'group_dag']) retrieved from /opt/airflow/dags/group_dag.py
[2023-12-11T15:01:51.401+0000] {logging_mixin.py:120} INFO - [2023-12-11T15:01:51.401+0000] {dag.py:2585} INFO - Sync 2 DAGs
[2023-12-11T15:01:51.418+0000] {logging_mixin.py:120} INFO - [2023-12-11T15:01:51.418+0000] {dag.py:2606} INFO - Creating ORM DAG for group_dag.downloads
[2023-12-11T15:01:51.439+0000] {logging_mixin.py:120} INFO - [2023-12-11T15:01:51.438+0000] {dag.py:3340} INFO - Setting next_dagrun for group_dag to 2023-12-10T00:00:00+00:00, run_after=2023-12-11T00:00:00+00:00
[2023-12-11T15:01:51.446+0000] {logging_mixin.py:120} INFO - [2023-12-11T15:01:51.446+0000] {dag.py:3340} INFO - Setting next_dagrun for group_dag.downloads to None, run_after=None
[2023-12-11T15:01:51.470+0000] {logging_mixin.py:120} INFO - [2023-12-11T15:01:51.470+0000] {dag.py:2585} INFO - Sync 1 DAGs
[2023-12-11T15:01:51.479+0000] {logging_mixin.py:120} INFO - [2023-12-11T15:01:51.478+0000] {dag.py:3340} INFO - Setting next_dagrun for group_dag.downloads to None, run_after=None
[2023-12-11T15:01:51.519+0000] {processor.py:176} INFO - Processing /opt/airflow/dags/group_dag.py took 0.515 seconds
[2023-12-11T15:02:22.054+0000] {processor.py:154} INFO - Started process (PID=4035) to work on /opt/airflow/dags/group_dag.py
[2023-12-11T15:02:22.056+0000] {processor.py:756} INFO - Processing file /opt/airflow/dags/group_dag.py for tasks to queue
[2023-12-11T15:02:22.057+0000] {logging_mixin.py:120} INFO - [2023-12-11T15:02:22.057+0000] {dagbag.py:537} INFO - Filling up the DagBag from /opt/airflow/dags/group_dag.py
[2023-12-11T15:02:22.133+0000] {processor.py:766} INFO - DAG(s) dict_keys(['group_dag.downloads', 'group_dag']) retrieved from /opt/airflow/dags/group_dag.py
[2023-12-11T15:02:22.352+0000] {logging_mixin.py:120} INFO - [2023-12-11T15:02:22.352+0000] {dag.py:2585} INFO - Sync 2 DAGs
[2023-12-11T15:02:22.380+0000] {logging_mixin.py:120} INFO - [2023-12-11T15:02:22.380+0000] {dag.py:3340} INFO - Setting next_dagrun for group_dag to 2023-12-10T00:00:00+00:00, run_after=2023-12-11T00:00:00+00:00
[2023-12-11T15:02:22.385+0000] {logging_mixin.py:120} INFO - [2023-12-11T15:02:22.384+0000] {dag.py:3340} INFO - Setting next_dagrun for group_dag.downloads to None, run_after=None
[2023-12-11T15:02:22.395+0000] {logging_mixin.py:120} INFO - [2023-12-11T15:02:22.395+0000] {dag.py:2585} INFO - Sync 1 DAGs
[2023-12-11T15:02:22.401+0000] {logging_mixin.py:120} INFO - [2023-12-11T15:02:22.401+0000] {dag.py:3340} INFO - Setting next_dagrun for group_dag.downloads to None, run_after=None
[2023-12-11T15:02:22.416+0000] {processor.py:176} INFO - Processing /opt/airflow/dags/group_dag.py took 0.367 seconds
[2023-12-11T15:02:52.634+0000] {processor.py:154} INFO - Started process (PID=4111) to work on /opt/airflow/dags/group_dag.py
[2023-12-11T15:02:52.636+0000] {processor.py:756} INFO - Processing file /opt/airflow/dags/group_dag.py for tasks to queue
[2023-12-11T15:02:52.639+0000] {logging_mixin.py:120} INFO - [2023-12-11T15:02:52.639+0000] {dagbag.py:537} INFO - Filling up the DagBag from /opt/airflow/dags/group_dag.py
[2023-12-11T15:02:52.736+0000] {processor.py:766} INFO - DAG(s) dict_keys(['group_dag.downloads', 'group_dag']) retrieved from /opt/airflow/dags/group_dag.py
[2023-12-11T15:02:52.971+0000] {logging_mixin.py:120} INFO - [2023-12-11T15:02:52.971+0000] {dag.py:2585} INFO - Sync 2 DAGs
[2023-12-11T15:02:53.005+0000] {logging_mixin.py:120} INFO - [2023-12-11T15:02:53.005+0000] {dag.py:3340} INFO - Setting next_dagrun for group_dag to 2023-12-11T00:00:00+00:00, run_after=2023-12-12T00:00:00+00:00
[2023-12-11T15:02:53.010+0000] {logging_mixin.py:120} INFO - [2023-12-11T15:02:53.010+0000] {dag.py:3340} INFO - Setting next_dagrun for group_dag.downloads to None, run_after=None
[2023-12-11T15:02:53.022+0000] {logging_mixin.py:120} INFO - [2023-12-11T15:02:53.022+0000] {dag.py:2585} INFO - Sync 1 DAGs
[2023-12-11T15:02:53.030+0000] {logging_mixin.py:120} INFO - [2023-12-11T15:02:53.030+0000] {dag.py:3340} INFO - Setting next_dagrun for group_dag.downloads to None, run_after=None
[2023-12-11T15:02:53.047+0000] {processor.py:176} INFO - Processing /opt/airflow/dags/group_dag.py took 0.416 seconds
[2023-12-11T15:03:23.920+0000] {processor.py:154} INFO - Started process (PID=4180) to work on /opt/airflow/dags/group_dag.py
[2023-12-11T15:03:23.921+0000] {processor.py:756} INFO - Processing file /opt/airflow/dags/group_dag.py for tasks to queue
[2023-12-11T15:03:23.922+0000] {logging_mixin.py:120} INFO - [2023-12-11T15:03:23.922+0000] {dagbag.py:537} INFO - Filling up the DagBag from /opt/airflow/dags/group_dag.py
[2023-12-11T15:03:23.976+0000] {processor.py:766} INFO - DAG(s) dict_keys(['group_dag.downloads', 'group_dag']) retrieved from /opt/airflow/dags/group_dag.py
[2023-12-11T15:03:24.169+0000] {logging_mixin.py:120} INFO - [2023-12-11T15:03:24.169+0000] {dag.py:2585} INFO - Sync 2 DAGs
[2023-12-11T15:03:24.197+0000] {logging_mixin.py:120} INFO - [2023-12-11T15:03:24.196+0000] {dag.py:3340} INFO - Setting next_dagrun for group_dag to 2023-12-11T00:00:00+00:00, run_after=2023-12-12T00:00:00+00:00
[2023-12-11T15:03:24.200+0000] {logging_mixin.py:120} INFO - [2023-12-11T15:03:24.200+0000] {dag.py:3340} INFO - Setting next_dagrun for group_dag.downloads to None, run_after=None
[2023-12-11T15:03:24.209+0000] {logging_mixin.py:120} INFO - [2023-12-11T15:03:24.209+0000] {dag.py:2585} INFO - Sync 1 DAGs
[2023-12-11T15:03:24.215+0000] {logging_mixin.py:120} INFO - [2023-12-11T15:03:24.215+0000] {dag.py:3340} INFO - Setting next_dagrun for group_dag.downloads to None, run_after=None
[2023-12-11T15:03:24.230+0000] {processor.py:176} INFO - Processing /opt/airflow/dags/group_dag.py took 0.313 seconds
[2023-12-11T15:03:54.416+0000] {processor.py:154} INFO - Started process (PID=4247) to work on /opt/airflow/dags/group_dag.py
[2023-12-11T15:03:54.418+0000] {processor.py:756} INFO - Processing file /opt/airflow/dags/group_dag.py for tasks to queue
[2023-12-11T15:03:54.419+0000] {logging_mixin.py:120} INFO - [2023-12-11T15:03:54.419+0000] {dagbag.py:537} INFO - Filling up the DagBag from /opt/airflow/dags/group_dag.py
[2023-12-11T15:03:54.506+0000] {processor.py:766} INFO - DAG(s) dict_keys(['group_dag.downloads', 'group_dag']) retrieved from /opt/airflow/dags/group_dag.py
[2023-12-11T15:03:54.700+0000] {logging_mixin.py:120} INFO - [2023-12-11T15:03:54.700+0000] {dag.py:2585} INFO - Sync 2 DAGs
[2023-12-11T15:03:54.729+0000] {logging_mixin.py:120} INFO - [2023-12-11T15:03:54.729+0000] {dag.py:3340} INFO - Setting next_dagrun for group_dag to 2023-12-11T00:00:00+00:00, run_after=2023-12-12T00:00:00+00:00
[2023-12-11T15:03:54.733+0000] {logging_mixin.py:120} INFO - [2023-12-11T15:03:54.733+0000] {dag.py:3340} INFO - Setting next_dagrun for group_dag.downloads to None, run_after=None
[2023-12-11T15:03:54.741+0000] {logging_mixin.py:120} INFO - [2023-12-11T15:03:54.741+0000] {dag.py:2585} INFO - Sync 1 DAGs
[2023-12-11T15:03:54.746+0000] {logging_mixin.py:120} INFO - [2023-12-11T15:03:54.746+0000] {dag.py:3340} INFO - Setting next_dagrun for group_dag.downloads to None, run_after=None
[2023-12-11T15:03:54.758+0000] {processor.py:176} INFO - Processing /opt/airflow/dags/group_dag.py took 0.345 seconds
[2023-12-11T15:04:24.878+0000] {processor.py:154} INFO - Started process (PID=4316) to work on /opt/airflow/dags/group_dag.py
[2023-12-11T15:04:24.880+0000] {processor.py:756} INFO - Processing file /opt/airflow/dags/group_dag.py for tasks to queue
[2023-12-11T15:04:24.882+0000] {logging_mixin.py:120} INFO - [2023-12-11T15:04:24.882+0000] {dagbag.py:537} INFO - Filling up the DagBag from /opt/airflow/dags/group_dag.py
[2023-12-11T15:04:24.977+0000] {processor.py:766} INFO - DAG(s) dict_keys(['group_dag.downloads', 'group_dag']) retrieved from /opt/airflow/dags/group_dag.py
[2023-12-11T15:04:25.250+0000] {logging_mixin.py:120} INFO - [2023-12-11T15:04:25.250+0000] {dag.py:2585} INFO - Sync 2 DAGs
[2023-12-11T15:04:25.291+0000] {logging_mixin.py:120} INFO - [2023-12-11T15:04:25.291+0000] {dag.py:3340} INFO - Setting next_dagrun for group_dag to 2023-12-11T00:00:00+00:00, run_after=2023-12-12T00:00:00+00:00
[2023-12-11T15:04:25.297+0000] {logging_mixin.py:120} INFO - [2023-12-11T15:04:25.297+0000] {dag.py:3340} INFO - Setting next_dagrun for group_dag.downloads to None, run_after=None
[2023-12-11T15:04:25.309+0000] {logging_mixin.py:120} INFO - [2023-12-11T15:04:25.308+0000] {dag.py:2585} INFO - Sync 1 DAGs
[2023-12-11T15:04:25.318+0000] {logging_mixin.py:120} INFO - [2023-12-11T15:04:25.318+0000] {dag.py:3340} INFO - Setting next_dagrun for group_dag.downloads to None, run_after=None
[2023-12-11T15:04:25.361+0000] {processor.py:176} INFO - Processing /opt/airflow/dags/group_dag.py took 0.488 seconds
[2023-12-11T15:04:56.071+0000] {processor.py:154} INFO - Started process (PID=4385) to work on /opt/airflow/dags/group_dag.py
[2023-12-11T15:04:56.073+0000] {processor.py:756} INFO - Processing file /opt/airflow/dags/group_dag.py for tasks to queue
[2023-12-11T15:04:56.075+0000] {logging_mixin.py:120} INFO - [2023-12-11T15:04:56.075+0000] {dagbag.py:537} INFO - Filling up the DagBag from /opt/airflow/dags/group_dag.py
[2023-12-11T15:04:56.147+0000] {processor.py:766} INFO - DAG(s) dict_keys(['group_dag.downloads', 'group_dag']) retrieved from /opt/airflow/dags/group_dag.py
[2023-12-11T15:04:56.364+0000] {logging_mixin.py:120} INFO - [2023-12-11T15:04:56.364+0000] {dag.py:2585} INFO - Sync 2 DAGs
[2023-12-11T15:04:56.395+0000] {logging_mixin.py:120} INFO - [2023-12-11T15:04:56.394+0000] {dag.py:3340} INFO - Setting next_dagrun for group_dag to 2023-12-11T00:00:00+00:00, run_after=2023-12-12T00:00:00+00:00
[2023-12-11T15:04:56.400+0000] {logging_mixin.py:120} INFO - [2023-12-11T15:04:56.400+0000] {dag.py:3340} INFO - Setting next_dagrun for group_dag.downloads to None, run_after=None
[2023-12-11T15:04:56.410+0000] {logging_mixin.py:120} INFO - [2023-12-11T15:04:56.410+0000] {dag.py:2585} INFO - Sync 1 DAGs
[2023-12-11T15:04:56.418+0000] {logging_mixin.py:120} INFO - [2023-12-11T15:04:56.418+0000] {dag.py:3340} INFO - Setting next_dagrun for group_dag.downloads to None, run_after=None
[2023-12-11T15:04:56.434+0000] {processor.py:176} INFO - Processing /opt/airflow/dags/group_dag.py took 0.366 seconds
[2023-12-11T15:05:26.909+0000] {processor.py:154} INFO - Started process (PID=4445) to work on /opt/airflow/dags/group_dag.py
[2023-12-11T15:05:26.911+0000] {processor.py:756} INFO - Processing file /opt/airflow/dags/group_dag.py for tasks to queue
[2023-12-11T15:05:26.913+0000] {logging_mixin.py:120} INFO - [2023-12-11T15:05:26.913+0000] {dagbag.py:537} INFO - Filling up the DagBag from /opt/airflow/dags/group_dag.py
[2023-12-11T15:05:26.976+0000] {processor.py:766} INFO - DAG(s) dict_keys(['group_dag.downloads', 'group_dag']) retrieved from /opt/airflow/dags/group_dag.py
[2023-12-11T15:05:27.153+0000] {logging_mixin.py:120} INFO - [2023-12-11T15:05:27.153+0000] {dag.py:2585} INFO - Sync 2 DAGs
[2023-12-11T15:05:27.182+0000] {logging_mixin.py:120} INFO - [2023-12-11T15:05:27.182+0000] {dag.py:3340} INFO - Setting next_dagrun for group_dag to 2023-12-11T00:00:00+00:00, run_after=2023-12-12T00:00:00+00:00
[2023-12-11T15:05:27.186+0000] {logging_mixin.py:120} INFO - [2023-12-11T15:05:27.186+0000] {dag.py:3340} INFO - Setting next_dagrun for group_dag.downloads to None, run_after=None
[2023-12-11T15:05:27.194+0000] {logging_mixin.py:120} INFO - [2023-12-11T15:05:27.194+0000] {dag.py:2585} INFO - Sync 1 DAGs
[2023-12-11T15:05:27.199+0000] {logging_mixin.py:120} INFO - [2023-12-11T15:05:27.199+0000] {dag.py:3340} INFO - Setting next_dagrun for group_dag.downloads to None, run_after=None
[2023-12-11T15:05:27.209+0000] {processor.py:176} INFO - Processing /opt/airflow/dags/group_dag.py took 0.303 seconds
[2023-12-11T15:05:57.410+0000] {processor.py:154} INFO - Started process (PID=4517) to work on /opt/airflow/dags/group_dag.py
[2023-12-11T15:05:57.412+0000] {processor.py:756} INFO - Processing file /opt/airflow/dags/group_dag.py for tasks to queue
[2023-12-11T15:05:57.413+0000] {logging_mixin.py:120} INFO - [2023-12-11T15:05:57.413+0000] {dagbag.py:537} INFO - Filling up the DagBag from /opt/airflow/dags/group_dag.py
[2023-12-11T15:05:57.498+0000] {processor.py:766} INFO - DAG(s) dict_keys(['group_dag.downloads', 'group_dag']) retrieved from /opt/airflow/dags/group_dag.py
[2023-12-11T15:05:57.515+0000] {logging_mixin.py:120} INFO - [2023-12-11T15:05:57.515+0000] {dag.py:2585} INFO - Sync 2 DAGs
[2023-12-11T15:05:57.545+0000] {logging_mixin.py:120} INFO - [2023-12-11T15:05:57.544+0000] {dag.py:3340} INFO - Setting next_dagrun for group_dag to 2023-12-11T00:00:00+00:00, run_after=2023-12-12T00:00:00+00:00
[2023-12-11T15:05:57.548+0000] {logging_mixin.py:120} INFO - [2023-12-11T15:05:57.548+0000] {dag.py:3340} INFO - Setting next_dagrun for group_dag.downloads to None, run_after=None
[2023-12-11T15:05:57.556+0000] {logging_mixin.py:120} INFO - [2023-12-11T15:05:57.556+0000] {dag.py:2585} INFO - Sync 1 DAGs
[2023-12-11T15:05:57.562+0000] {logging_mixin.py:120} INFO - [2023-12-11T15:05:57.562+0000] {dag.py:3340} INFO - Setting next_dagrun for group_dag.downloads to None, run_after=None
[2023-12-11T15:05:57.574+0000] {processor.py:176} INFO - Processing /opt/airflow/dags/group_dag.py took 0.169 seconds
[2023-12-11T15:06:27.639+0000] {processor.py:154} INFO - Started process (PID=4587) to work on /opt/airflow/dags/group_dag.py
[2023-12-11T15:06:27.640+0000] {processor.py:756} INFO - Processing file /opt/airflow/dags/group_dag.py for tasks to queue
[2023-12-11T15:06:27.641+0000] {logging_mixin.py:120} INFO - [2023-12-11T15:06:27.641+0000] {dagbag.py:537} INFO - Filling up the DagBag from /opt/airflow/dags/group_dag.py
[2023-12-11T15:06:27.703+0000] {processor.py:766} INFO - DAG(s) dict_keys(['group_dag.downloads', 'group_dag']) retrieved from /opt/airflow/dags/group_dag.py
[2023-12-11T15:06:27.933+0000] {logging_mixin.py:120} INFO - [2023-12-11T15:06:27.933+0000] {dag.py:2585} INFO - Sync 2 DAGs
[2023-12-11T15:06:27.958+0000] {logging_mixin.py:120} INFO - [2023-12-11T15:06:27.957+0000] {dag.py:3340} INFO - Setting next_dagrun for group_dag to 2023-12-11T00:00:00+00:00, run_after=2023-12-12T00:00:00+00:00
[2023-12-11T15:06:27.961+0000] {logging_mixin.py:120} INFO - [2023-12-11T15:06:27.961+0000] {dag.py:3340} INFO - Setting next_dagrun for group_dag.downloads to None, run_after=None
[2023-12-11T15:06:27.970+0000] {logging_mixin.py:120} INFO - [2023-12-11T15:06:27.970+0000] {dag.py:2585} INFO - Sync 1 DAGs
[2023-12-11T15:06:27.977+0000] {logging_mixin.py:120} INFO - [2023-12-11T15:06:27.976+0000] {dag.py:3340} INFO - Setting next_dagrun for group_dag.downloads to None, run_after=None
[2023-12-11T15:06:27.991+0000] {processor.py:176} INFO - Processing /opt/airflow/dags/group_dag.py took 0.356 seconds
[2023-12-11T15:06:58.075+0000] {processor.py:154} INFO - Started process (PID=4646) to work on /opt/airflow/dags/group_dag.py
[2023-12-11T15:06:58.076+0000] {processor.py:756} INFO - Processing file /opt/airflow/dags/group_dag.py for tasks to queue
[2023-12-11T15:06:58.077+0000] {logging_mixin.py:120} INFO - [2023-12-11T15:06:58.077+0000] {dagbag.py:537} INFO - Filling up the DagBag from /opt/airflow/dags/group_dag.py
[2023-12-11T15:06:58.142+0000] {processor.py:766} INFO - DAG(s) dict_keys(['group_dag.downloads', 'group_dag']) retrieved from /opt/airflow/dags/group_dag.py
[2023-12-11T15:06:58.327+0000] {logging_mixin.py:120} INFO - [2023-12-11T15:06:58.326+0000] {dag.py:2585} INFO - Sync 2 DAGs
[2023-12-11T15:06:58.371+0000] {logging_mixin.py:120} INFO - [2023-12-11T15:06:58.370+0000] {dag.py:3340} INFO - Setting next_dagrun for group_dag to 2023-12-11T00:00:00+00:00, run_after=2023-12-12T00:00:00+00:00
[2023-12-11T15:06:58.377+0000] {logging_mixin.py:120} INFO - [2023-12-11T15:06:58.376+0000] {dag.py:3340} INFO - Setting next_dagrun for group_dag.downloads to None, run_after=None
[2023-12-11T15:06:58.390+0000] {logging_mixin.py:120} INFO - [2023-12-11T15:06:58.390+0000] {dag.py:2585} INFO - Sync 1 DAGs
[2023-12-11T15:06:58.400+0000] {logging_mixin.py:120} INFO - [2023-12-11T15:06:58.400+0000] {dag.py:3340} INFO - Setting next_dagrun for group_dag.downloads to None, run_after=None
[2023-12-11T15:06:58.418+0000] {processor.py:176} INFO - Processing /opt/airflow/dags/group_dag.py took 0.347 seconds
[2023-12-11T15:07:28.968+0000] {processor.py:154} INFO - Started process (PID=4716) to work on /opt/airflow/dags/group_dag.py
[2023-12-11T15:07:28.970+0000] {processor.py:756} INFO - Processing file /opt/airflow/dags/group_dag.py for tasks to queue
[2023-12-11T15:07:28.971+0000] {logging_mixin.py:120} INFO - [2023-12-11T15:07:28.971+0000] {dagbag.py:537} INFO - Filling up the DagBag from /opt/airflow/dags/group_dag.py
[2023-12-11T15:07:29.060+0000] {processor.py:766} INFO - DAG(s) dict_keys(['group_dag.downloads', 'group_dag']) retrieved from /opt/airflow/dags/group_dag.py
[2023-12-11T15:07:29.304+0000] {logging_mixin.py:120} INFO - [2023-12-11T15:07:29.304+0000] {dag.py:2585} INFO - Sync 2 DAGs
[2023-12-11T15:07:29.345+0000] {logging_mixin.py:120} INFO - [2023-12-11T15:07:29.344+0000] {dag.py:3340} INFO - Setting next_dagrun for group_dag to 2023-12-11T00:00:00+00:00, run_after=2023-12-12T00:00:00+00:00
[2023-12-11T15:07:29.349+0000] {logging_mixin.py:120} INFO - [2023-12-11T15:07:29.348+0000] {dag.py:3340} INFO - Setting next_dagrun for group_dag.downloads to None, run_after=None
[2023-12-11T15:07:29.359+0000] {logging_mixin.py:120} INFO - [2023-12-11T15:07:29.358+0000] {dag.py:2585} INFO - Sync 1 DAGs
[2023-12-11T15:07:29.364+0000] {logging_mixin.py:120} INFO - [2023-12-11T15:07:29.364+0000] {dag.py:3340} INFO - Setting next_dagrun for group_dag.downloads to None, run_after=None
[2023-12-11T15:07:29.381+0000] {processor.py:176} INFO - Processing /opt/airflow/dags/group_dag.py took 0.417 seconds
[2023-12-11T15:07:59.443+0000] {processor.py:154} INFO - Started process (PID=4786) to work on /opt/airflow/dags/group_dag.py
[2023-12-11T15:07:59.445+0000] {processor.py:756} INFO - Processing file /opt/airflow/dags/group_dag.py for tasks to queue
[2023-12-11T15:07:59.446+0000] {logging_mixin.py:120} INFO - [2023-12-11T15:07:59.446+0000] {dagbag.py:537} INFO - Filling up the DagBag from /opt/airflow/dags/group_dag.py
[2023-12-11T15:07:59.510+0000] {processor.py:766} INFO - DAG(s) dict_keys(['group_dag.downloads', 'group_dag']) retrieved from /opt/airflow/dags/group_dag.py
[2023-12-11T15:07:59.766+0000] {logging_mixin.py:120} INFO - [2023-12-11T15:07:59.766+0000] {dag.py:2585} INFO - Sync 2 DAGs
[2023-12-11T15:07:59.797+0000] {logging_mixin.py:120} INFO - [2023-12-11T15:07:59.797+0000] {dag.py:3340} INFO - Setting next_dagrun for group_dag to 2023-12-11T00:00:00+00:00, run_after=2023-12-12T00:00:00+00:00
[2023-12-11T15:07:59.803+0000] {logging_mixin.py:120} INFO - [2023-12-11T15:07:59.803+0000] {dag.py:3340} INFO - Setting next_dagrun for group_dag.downloads to None, run_after=None
[2023-12-11T15:07:59.814+0000] {logging_mixin.py:120} INFO - [2023-12-11T15:07:59.814+0000] {dag.py:2585} INFO - Sync 1 DAGs
[2023-12-11T15:07:59.822+0000] {logging_mixin.py:120} INFO - [2023-12-11T15:07:59.822+0000] {dag.py:3340} INFO - Setting next_dagrun for group_dag.downloads to None, run_after=None
[2023-12-11T15:07:59.839+0000] {processor.py:176} INFO - Processing /opt/airflow/dags/group_dag.py took 0.400 seconds
[2023-12-11T15:08:30.274+0000] {processor.py:154} INFO - Started process (PID=4847) to work on /opt/airflow/dags/group_dag.py
[2023-12-11T15:08:30.275+0000] {processor.py:756} INFO - Processing file /opt/airflow/dags/group_dag.py for tasks to queue
[2023-12-11T15:08:30.276+0000] {logging_mixin.py:120} INFO - [2023-12-11T15:08:30.276+0000] {dagbag.py:537} INFO - Filling up the DagBag from /opt/airflow/dags/group_dag.py
[2023-12-11T15:08:30.338+0000] {processor.py:766} INFO - DAG(s) dict_keys(['group_dag.downloads', 'group_dag']) retrieved from /opt/airflow/dags/group_dag.py
[2023-12-11T15:08:30.555+0000] {logging_mixin.py:120} INFO - [2023-12-11T15:08:30.554+0000] {dag.py:2585} INFO - Sync 2 DAGs
[2023-12-11T15:08:30.585+0000] {logging_mixin.py:120} INFO - [2023-12-11T15:08:30.585+0000] {dag.py:3340} INFO - Setting next_dagrun for group_dag to 2023-12-11T00:00:00+00:00, run_after=2023-12-12T00:00:00+00:00
[2023-12-11T15:08:30.589+0000] {logging_mixin.py:120} INFO - [2023-12-11T15:08:30.589+0000] {dag.py:3340} INFO - Setting next_dagrun for group_dag.downloads to None, run_after=None
[2023-12-11T15:08:30.597+0000] {logging_mixin.py:120} INFO - [2023-12-11T15:08:30.597+0000] {dag.py:2585} INFO - Sync 1 DAGs
[2023-12-11T15:08:30.603+0000] {logging_mixin.py:120} INFO - [2023-12-11T15:08:30.603+0000] {dag.py:3340} INFO - Setting next_dagrun for group_dag.downloads to None, run_after=None
[2023-12-11T15:08:30.614+0000] {processor.py:176} INFO - Processing /opt/airflow/dags/group_dag.py took 0.342 seconds
[2023-12-11T15:09:00.738+0000] {processor.py:154} INFO - Started process (PID=4918) to work on /opt/airflow/dags/group_dag.py
[2023-12-11T15:09:00.740+0000] {processor.py:756} INFO - Processing file /opt/airflow/dags/group_dag.py for tasks to queue
[2023-12-11T15:09:00.742+0000] {logging_mixin.py:120} INFO - [2023-12-11T15:09:00.741+0000] {dagbag.py:537} INFO - Filling up the DagBag from /opt/airflow/dags/group_dag.py
[2023-12-11T15:09:00.848+0000] {processor.py:766} INFO - DAG(s) dict_keys(['group_dag.downloads', 'group_dag']) retrieved from /opt/airflow/dags/group_dag.py
[2023-12-11T15:09:01.123+0000] {logging_mixin.py:120} INFO - [2023-12-11T15:09:01.123+0000] {dag.py:2585} INFO - Sync 2 DAGs
[2023-12-11T15:09:01.159+0000] {logging_mixin.py:120} INFO - [2023-12-11T15:09:01.158+0000] {dag.py:3340} INFO - Setting next_dagrun for group_dag to 2023-12-11T00:00:00+00:00, run_after=2023-12-12T00:00:00+00:00
[2023-12-11T15:09:01.164+0000] {logging_mixin.py:120} INFO - [2023-12-11T15:09:01.164+0000] {dag.py:3340} INFO - Setting next_dagrun for group_dag.downloads to None, run_after=None
[2023-12-11T15:09:01.177+0000] {logging_mixin.py:120} INFO - [2023-12-11T15:09:01.177+0000] {dag.py:2585} INFO - Sync 1 DAGs
[2023-12-11T15:09:01.185+0000] {logging_mixin.py:120} INFO - [2023-12-11T15:09:01.185+0000] {dag.py:3340} INFO - Setting next_dagrun for group_dag.downloads to None, run_after=None
[2023-12-11T15:09:01.202+0000] {processor.py:176} INFO - Processing /opt/airflow/dags/group_dag.py took 0.469 seconds
[2023-12-11T15:09:31.646+0000] {processor.py:154} INFO - Started process (PID=4988) to work on /opt/airflow/dags/group_dag.py
[2023-12-11T15:09:31.648+0000] {processor.py:756} INFO - Processing file /opt/airflow/dags/group_dag.py for tasks to queue
[2023-12-11T15:09:31.649+0000] {logging_mixin.py:120} INFO - [2023-12-11T15:09:31.648+0000] {dagbag.py:537} INFO - Filling up the DagBag from /opt/airflow/dags/group_dag.py
[2023-12-11T15:09:31.718+0000] {processor.py:766} INFO - DAG(s) dict_keys(['group_dag.downloads', 'group_dag']) retrieved from /opt/airflow/dags/group_dag.py
[2023-12-11T15:09:31.735+0000] {logging_mixin.py:120} INFO - [2023-12-11T15:09:31.734+0000] {dag.py:2585} INFO - Sync 2 DAGs
[2023-12-11T15:09:31.761+0000] {logging_mixin.py:120} INFO - [2023-12-11T15:09:31.761+0000] {dag.py:3340} INFO - Setting next_dagrun for group_dag to 2023-12-11T00:00:00+00:00, run_after=2023-12-12T00:00:00+00:00
[2023-12-11T15:09:31.765+0000] {logging_mixin.py:120} INFO - [2023-12-11T15:09:31.765+0000] {dag.py:3340} INFO - Setting next_dagrun for group_dag.downloads to None, run_after=None
[2023-12-11T15:09:31.773+0000] {logging_mixin.py:120} INFO - [2023-12-11T15:09:31.773+0000] {dag.py:2585} INFO - Sync 1 DAGs
[2023-12-11T15:09:31.782+0000] {logging_mixin.py:120} INFO - [2023-12-11T15:09:31.782+0000] {dag.py:3340} INFO - Setting next_dagrun for group_dag.downloads to None, run_after=None
[2023-12-11T15:09:31.799+0000] {processor.py:176} INFO - Processing /opt/airflow/dags/group_dag.py took 0.156 seconds
[2023-12-11T15:10:02.441+0000] {processor.py:154} INFO - Started process (PID=5049) to work on /opt/airflow/dags/group_dag.py
[2023-12-11T15:10:02.442+0000] {processor.py:756} INFO - Processing file /opt/airflow/dags/group_dag.py for tasks to queue
[2023-12-11T15:10:02.443+0000] {logging_mixin.py:120} INFO - [2023-12-11T15:10:02.443+0000] {dagbag.py:537} INFO - Filling up the DagBag from /opt/airflow/dags/group_dag.py
[2023-12-11T15:10:02.501+0000] {processor.py:766} INFO - DAG(s) dict_keys(['group_dag.downloads', 'group_dag']) retrieved from /opt/airflow/dags/group_dag.py
[2023-12-11T15:10:02.730+0000] {logging_mixin.py:120} INFO - [2023-12-11T15:10:02.730+0000] {dag.py:2585} INFO - Sync 2 DAGs
[2023-12-11T15:10:02.755+0000] {logging_mixin.py:120} INFO - [2023-12-11T15:10:02.754+0000] {dag.py:3340} INFO - Setting next_dagrun for group_dag to 2023-12-11T00:00:00+00:00, run_after=2023-12-12T00:00:00+00:00
[2023-12-11T15:10:02.757+0000] {logging_mixin.py:120} INFO - [2023-12-11T15:10:02.757+0000] {dag.py:3340} INFO - Setting next_dagrun for group_dag.downloads to None, run_after=None
[2023-12-11T15:10:02.767+0000] {logging_mixin.py:120} INFO - [2023-12-11T15:10:02.767+0000] {dag.py:2585} INFO - Sync 1 DAGs
[2023-12-11T15:10:02.772+0000] {logging_mixin.py:120} INFO - [2023-12-11T15:10:02.772+0000] {dag.py:3340} INFO - Setting next_dagrun for group_dag.downloads to None, run_after=None
[2023-12-11T15:10:02.784+0000] {processor.py:176} INFO - Processing /opt/airflow/dags/group_dag.py took 0.347 seconds
[2023-12-11T15:10:33.116+0000] {processor.py:154} INFO - Started process (PID=5119) to work on /opt/airflow/dags/group_dag.py
[2023-12-11T15:10:33.117+0000] {processor.py:756} INFO - Processing file /opt/airflow/dags/group_dag.py for tasks to queue
[2023-12-11T15:10:33.118+0000] {logging_mixin.py:120} INFO - [2023-12-11T15:10:33.118+0000] {dagbag.py:537} INFO - Filling up the DagBag from /opt/airflow/dags/group_dag.py
[2023-12-11T15:10:33.347+0000] {processor.py:766} INFO - DAG(s) dict_keys(['group_dag.downloads', 'group_dag']) retrieved from /opt/airflow/dags/group_dag.py
[2023-12-11T15:10:33.588+0000] {logging_mixin.py:120} INFO - [2023-12-11T15:10:33.588+0000] {dag.py:2585} INFO - Sync 2 DAGs
[2023-12-11T15:10:33.622+0000] {logging_mixin.py:120} INFO - [2023-12-11T15:10:33.621+0000] {dag.py:3340} INFO - Setting next_dagrun for group_dag to 2023-12-11T00:00:00+00:00, run_after=2023-12-12T00:00:00+00:00
[2023-12-11T15:10:33.627+0000] {logging_mixin.py:120} INFO - [2023-12-11T15:10:33.627+0000] {dag.py:3340} INFO - Setting next_dagrun for group_dag.downloads to None, run_after=None
[2023-12-11T15:10:33.636+0000] {logging_mixin.py:120} INFO - [2023-12-11T15:10:33.636+0000] {dag.py:2585} INFO - Sync 1 DAGs
[2023-12-11T15:10:33.645+0000] {logging_mixin.py:120} INFO - [2023-12-11T15:10:33.645+0000] {dag.py:3340} INFO - Setting next_dagrun for group_dag.downloads to None, run_after=None
[2023-12-11T15:10:33.662+0000] {processor.py:176} INFO - Processing /opt/airflow/dags/group_dag.py took 0.550 seconds
[2023-12-11T15:11:03.710+0000] {processor.py:154} INFO - Started process (PID=5190) to work on /opt/airflow/dags/group_dag.py
[2023-12-11T15:11:03.711+0000] {processor.py:756} INFO - Processing file /opt/airflow/dags/group_dag.py for tasks to queue
[2023-12-11T15:11:03.712+0000] {logging_mixin.py:120} INFO - [2023-12-11T15:11:03.712+0000] {dagbag.py:537} INFO - Filling up the DagBag from /opt/airflow/dags/group_dag.py
[2023-12-11T15:11:03.765+0000] {processor.py:766} INFO - DAG(s) dict_keys(['group_dag.downloads', 'group_dag']) retrieved from /opt/airflow/dags/group_dag.py
[2023-12-11T15:11:03.780+0000] {logging_mixin.py:120} INFO - [2023-12-11T15:11:03.779+0000] {dag.py:2585} INFO - Sync 2 DAGs
[2023-12-11T15:11:03.802+0000] {logging_mixin.py:120} INFO - [2023-12-11T15:11:03.802+0000] {dag.py:3340} INFO - Setting next_dagrun for group_dag to 2023-12-11T00:00:00+00:00, run_after=2023-12-12T00:00:00+00:00
[2023-12-11T15:11:03.806+0000] {logging_mixin.py:120} INFO - [2023-12-11T15:11:03.806+0000] {dag.py:3340} INFO - Setting next_dagrun for group_dag.downloads to None, run_after=None
[2023-12-11T15:11:03.813+0000] {logging_mixin.py:120} INFO - [2023-12-11T15:11:03.813+0000] {dag.py:2585} INFO - Sync 1 DAGs
[2023-12-11T15:11:03.818+0000] {logging_mixin.py:120} INFO - [2023-12-11T15:11:03.818+0000] {dag.py:3340} INFO - Setting next_dagrun for group_dag.downloads to None, run_after=None
[2023-12-11T15:11:03.833+0000] {processor.py:176} INFO - Processing /opt/airflow/dags/group_dag.py took 0.128 seconds
[2023-12-11T15:11:34.514+0000] {processor.py:154} INFO - Started process (PID=5252) to work on /opt/airflow/dags/group_dag.py
[2023-12-11T15:11:34.515+0000] {processor.py:756} INFO - Processing file /opt/airflow/dags/group_dag.py for tasks to queue
[2023-12-11T15:11:34.516+0000] {logging_mixin.py:120} INFO - [2023-12-11T15:11:34.516+0000] {dagbag.py:537} INFO - Filling up the DagBag from /opt/airflow/dags/group_dag.py
[2023-12-11T15:11:34.576+0000] {processor.py:766} INFO - DAG(s) dict_keys(['group_dag.downloads', 'group_dag']) retrieved from /opt/airflow/dags/group_dag.py
[2023-12-11T15:11:34.780+0000] {logging_mixin.py:120} INFO - [2023-12-11T15:11:34.779+0000] {dag.py:2585} INFO - Sync 2 DAGs
[2023-12-11T15:11:34.802+0000] {logging_mixin.py:120} INFO - [2023-12-11T15:11:34.802+0000] {dag.py:3340} INFO - Setting next_dagrun for group_dag to 2023-12-11T00:00:00+00:00, run_after=2023-12-12T00:00:00+00:00
[2023-12-11T15:11:34.806+0000] {logging_mixin.py:120} INFO - [2023-12-11T15:11:34.806+0000] {dag.py:3340} INFO - Setting next_dagrun for group_dag.downloads to None, run_after=None
[2023-12-11T15:11:34.815+0000] {logging_mixin.py:120} INFO - [2023-12-11T15:11:34.815+0000] {dag.py:2585} INFO - Sync 1 DAGs
[2023-12-11T15:11:34.819+0000] {logging_mixin.py:120} INFO - [2023-12-11T15:11:34.819+0000] {dag.py:3340} INFO - Setting next_dagrun for group_dag.downloads to None, run_after=None
[2023-12-11T15:11:34.830+0000] {processor.py:176} INFO - Processing /opt/airflow/dags/group_dag.py took 0.318 seconds
[2023-12-11T15:12:05.249+0000] {processor.py:154} INFO - Started process (PID=5323) to work on /opt/airflow/dags/group_dag.py
[2023-12-11T15:12:05.250+0000] {processor.py:756} INFO - Processing file /opt/airflow/dags/group_dag.py for tasks to queue
[2023-12-11T15:12:05.251+0000] {logging_mixin.py:120} INFO - [2023-12-11T15:12:05.251+0000] {dagbag.py:537} INFO - Filling up the DagBag from /opt/airflow/dags/group_dag.py
[2023-12-11T15:12:05.324+0000] {processor.py:766} INFO - DAG(s) dict_keys(['group_dag.downloads', 'group_dag']) retrieved from /opt/airflow/dags/group_dag.py
[2023-12-11T15:12:05.516+0000] {logging_mixin.py:120} INFO - [2023-12-11T15:12:05.515+0000] {dag.py:2585} INFO - Sync 2 DAGs
[2023-12-11T15:12:05.544+0000] {logging_mixin.py:120} INFO - [2023-12-11T15:12:05.544+0000] {dag.py:3340} INFO - Setting next_dagrun for group_dag to 2023-12-11T00:00:00+00:00, run_after=2023-12-12T00:00:00+00:00
[2023-12-11T15:12:05.551+0000] {logging_mixin.py:120} INFO - [2023-12-11T15:12:05.550+0000] {dag.py:3340} INFO - Setting next_dagrun for group_dag.downloads to None, run_after=None
[2023-12-11T15:12:05.559+0000] {logging_mixin.py:120} INFO - [2023-12-11T15:12:05.559+0000] {dag.py:2585} INFO - Sync 1 DAGs
[2023-12-11T15:12:05.565+0000] {logging_mixin.py:120} INFO - [2023-12-11T15:12:05.565+0000] {dag.py:3340} INFO - Setting next_dagrun for group_dag.downloads to None, run_after=None
[2023-12-11T15:12:05.575+0000] {processor.py:176} INFO - Processing /opt/airflow/dags/group_dag.py took 0.329 seconds
[2023-12-11T15:12:36.006+0000] {processor.py:154} INFO - Started process (PID=5394) to work on /opt/airflow/dags/group_dag.py
[2023-12-11T15:12:36.009+0000] {processor.py:756} INFO - Processing file /opt/airflow/dags/group_dag.py for tasks to queue
[2023-12-11T15:12:36.011+0000] {logging_mixin.py:120} INFO - [2023-12-11T15:12:36.011+0000] {dagbag.py:537} INFO - Filling up the DagBag from /opt/airflow/dags/group_dag.py
[2023-12-11T15:12:36.119+0000] {processor.py:766} INFO - DAG(s) dict_keys(['group_dag.downloads', 'group_dag']) retrieved from /opt/airflow/dags/group_dag.py
[2023-12-11T15:12:36.146+0000] {logging_mixin.py:120} INFO - [2023-12-11T15:12:36.146+0000] {dag.py:2585} INFO - Sync 2 DAGs
[2023-12-11T15:12:36.179+0000] {logging_mixin.py:120} INFO - [2023-12-11T15:12:36.179+0000] {dag.py:3340} INFO - Setting next_dagrun for group_dag to 2023-12-11T00:00:00+00:00, run_after=2023-12-12T00:00:00+00:00
[2023-12-11T15:12:36.186+0000] {logging_mixin.py:120} INFO - [2023-12-11T15:12:36.186+0000] {dag.py:3340} INFO - Setting next_dagrun for group_dag.downloads to None, run_after=None
[2023-12-11T15:12:36.196+0000] {logging_mixin.py:120} INFO - [2023-12-11T15:12:36.196+0000] {dag.py:2585} INFO - Sync 1 DAGs
[2023-12-11T15:12:36.204+0000] {logging_mixin.py:120} INFO - [2023-12-11T15:12:36.204+0000] {dag.py:3340} INFO - Setting next_dagrun for group_dag.downloads to None, run_after=None
[2023-12-11T15:12:36.224+0000] {processor.py:176} INFO - Processing /opt/airflow/dags/group_dag.py took 0.225 seconds
[2023-12-11T15:13:06.404+0000] {processor.py:154} INFO - Started process (PID=5456) to work on /opt/airflow/dags/group_dag.py
[2023-12-11T15:13:06.405+0000] {processor.py:756} INFO - Processing file /opt/airflow/dags/group_dag.py for tasks to queue
[2023-12-11T15:13:06.406+0000] {logging_mixin.py:120} INFO - [2023-12-11T15:13:06.406+0000] {dagbag.py:537} INFO - Filling up the DagBag from /opt/airflow/dags/group_dag.py
[2023-12-11T15:13:06.469+0000] {processor.py:766} INFO - DAG(s) dict_keys(['group_dag.downloads', 'group_dag']) retrieved from /opt/airflow/dags/group_dag.py
[2023-12-11T15:13:06.680+0000] {logging_mixin.py:120} INFO - [2023-12-11T15:13:06.680+0000] {dag.py:2585} INFO - Sync 2 DAGs
[2023-12-11T15:13:06.702+0000] {logging_mixin.py:120} INFO - [2023-12-11T15:13:06.702+0000] {dag.py:3340} INFO - Setting next_dagrun for group_dag to 2023-12-11T00:00:00+00:00, run_after=2023-12-12T00:00:00+00:00
[2023-12-11T15:13:06.705+0000] {logging_mixin.py:120} INFO - [2023-12-11T15:13:06.705+0000] {dag.py:3340} INFO - Setting next_dagrun for group_dag.downloads to None, run_after=None
[2023-12-11T15:13:06.714+0000] {logging_mixin.py:120} INFO - [2023-12-11T15:13:06.714+0000] {dag.py:2585} INFO - Sync 1 DAGs
[2023-12-11T15:13:06.719+0000] {logging_mixin.py:120} INFO - [2023-12-11T15:13:06.719+0000] {dag.py:3340} INFO - Setting next_dagrun for group_dag.downloads to None, run_after=None
[2023-12-11T15:13:06.730+0000] {processor.py:176} INFO - Processing /opt/airflow/dags/group_dag.py took 0.329 seconds
[2023-12-11T15:13:37.053+0000] {processor.py:154} INFO - Started process (PID=5527) to work on /opt/airflow/dags/group_dag.py
[2023-12-11T15:13:37.054+0000] {processor.py:756} INFO - Processing file /opt/airflow/dags/group_dag.py for tasks to queue
[2023-12-11T15:13:37.055+0000] {logging_mixin.py:120} INFO - [2023-12-11T15:13:37.055+0000] {dagbag.py:537} INFO - Filling up the DagBag from /opt/airflow/dags/group_dag.py
[2023-12-11T15:13:37.109+0000] {processor.py:766} INFO - DAG(s) dict_keys(['group_dag.downloads', 'group_dag']) retrieved from /opt/airflow/dags/group_dag.py
[2023-12-11T15:13:37.287+0000] {logging_mixin.py:120} INFO - [2023-12-11T15:13:37.287+0000] {dag.py:2585} INFO - Sync 2 DAGs
[2023-12-11T15:13:37.310+0000] {logging_mixin.py:120} INFO - [2023-12-11T15:13:37.310+0000] {dag.py:3340} INFO - Setting next_dagrun for group_dag to 2023-12-11T00:00:00+00:00, run_after=2023-12-12T00:00:00+00:00
[2023-12-11T15:13:37.315+0000] {logging_mixin.py:120} INFO - [2023-12-11T15:13:37.315+0000] {dag.py:3340} INFO - Setting next_dagrun for group_dag.downloads to None, run_after=None
[2023-12-11T15:13:37.324+0000] {logging_mixin.py:120} INFO - [2023-12-11T15:13:37.324+0000] {dag.py:2585} INFO - Sync 1 DAGs
[2023-12-11T15:13:37.330+0000] {logging_mixin.py:120} INFO - [2023-12-11T15:13:37.330+0000] {dag.py:3340} INFO - Setting next_dagrun for group_dag.downloads to None, run_after=None
[2023-12-11T15:13:37.340+0000] {processor.py:176} INFO - Processing /opt/airflow/dags/group_dag.py took 0.290 seconds
[2023-12-11T15:14:07.680+0000] {processor.py:154} INFO - Started process (PID=5598) to work on /opt/airflow/dags/group_dag.py
[2023-12-11T15:14:07.681+0000] {processor.py:756} INFO - Processing file /opt/airflow/dags/group_dag.py for tasks to queue
[2023-12-11T15:14:07.682+0000] {logging_mixin.py:120} INFO - [2023-12-11T15:14:07.682+0000] {dagbag.py:537} INFO - Filling up the DagBag from /opt/airflow/dags/group_dag.py
[2023-12-11T15:14:07.749+0000] {processor.py:766} INFO - DAG(s) dict_keys(['group_dag.downloads', 'group_dag']) retrieved from /opt/airflow/dags/group_dag.py
[2023-12-11T15:14:07.766+0000] {logging_mixin.py:120} INFO - [2023-12-11T15:14:07.766+0000] {dag.py:2585} INFO - Sync 2 DAGs
[2023-12-11T15:14:07.797+0000] {logging_mixin.py:120} INFO - [2023-12-11T15:14:07.797+0000] {dag.py:3340} INFO - Setting next_dagrun for group_dag to 2023-12-11T00:00:00+00:00, run_after=2023-12-12T00:00:00+00:00
[2023-12-11T15:14:07.801+0000] {logging_mixin.py:120} INFO - [2023-12-11T15:14:07.801+0000] {dag.py:3340} INFO - Setting next_dagrun for group_dag.downloads to None, run_after=None
[2023-12-11T15:14:07.813+0000] {logging_mixin.py:120} INFO - [2023-12-11T15:14:07.812+0000] {dag.py:2585} INFO - Sync 1 DAGs
[2023-12-11T15:14:07.821+0000] {logging_mixin.py:120} INFO - [2023-12-11T15:14:07.820+0000] {dag.py:3340} INFO - Setting next_dagrun for group_dag.downloads to None, run_after=None
[2023-12-11T15:14:07.840+0000] {processor.py:176} INFO - Processing /opt/airflow/dags/group_dag.py took 0.164 seconds
[2023-12-11T15:14:37.894+0000] {processor.py:154} INFO - Started process (PID=5660) to work on /opt/airflow/dags/group_dag.py
[2023-12-11T15:14:37.895+0000] {processor.py:756} INFO - Processing file /opt/airflow/dags/group_dag.py for tasks to queue
[2023-12-11T15:14:37.895+0000] {logging_mixin.py:120} INFO - [2023-12-11T15:14:37.895+0000] {dagbag.py:537} INFO - Filling up the DagBag from /opt/airflow/dags/group_dag.py
[2023-12-11T15:14:37.958+0000] {processor.py:766} INFO - DAG(s) dict_keys(['group_dag.downloads', 'group_dag']) retrieved from /opt/airflow/dags/group_dag.py
[2023-12-11T15:14:38.179+0000] {logging_mixin.py:120} INFO - [2023-12-11T15:14:38.179+0000] {dag.py:2585} INFO - Sync 2 DAGs
[2023-12-11T15:14:38.204+0000] {logging_mixin.py:120} INFO - [2023-12-11T15:14:38.203+0000] {dag.py:3340} INFO - Setting next_dagrun for group_dag to 2023-12-11T00:00:00+00:00, run_after=2023-12-12T00:00:00+00:00
[2023-12-11T15:14:38.208+0000] {logging_mixin.py:120} INFO - [2023-12-11T15:14:38.208+0000] {dag.py:3340} INFO - Setting next_dagrun for group_dag.downloads to None, run_after=None
[2023-12-11T15:14:38.217+0000] {logging_mixin.py:120} INFO - [2023-12-11T15:14:38.217+0000] {dag.py:2585} INFO - Sync 1 DAGs
[2023-12-11T15:14:38.223+0000] {logging_mixin.py:120} INFO - [2023-12-11T15:14:38.223+0000] {dag.py:3340} INFO - Setting next_dagrun for group_dag.downloads to None, run_after=None
[2023-12-11T15:14:38.233+0000] {processor.py:176} INFO - Processing /opt/airflow/dags/group_dag.py took 0.343 seconds
[2023-12-11T15:15:08.297+0000] {processor.py:154} INFO - Started process (PID=5732) to work on /opt/airflow/dags/group_dag.py
[2023-12-11T15:15:08.299+0000] {processor.py:756} INFO - Processing file /opt/airflow/dags/group_dag.py for tasks to queue
[2023-12-11T15:15:08.300+0000] {logging_mixin.py:120} INFO - [2023-12-11T15:15:08.299+0000] {dagbag.py:537} INFO - Filling up the DagBag from /opt/airflow/dags/group_dag.py
[2023-12-11T15:15:08.359+0000] {processor.py:766} INFO - DAG(s) dict_keys(['group_dag.downloads', 'group_dag']) retrieved from /opt/airflow/dags/group_dag.py
[2023-12-11T15:15:08.518+0000] {logging_mixin.py:120} INFO - [2023-12-11T15:15:08.518+0000] {dag.py:2585} INFO - Sync 2 DAGs
[2023-12-11T15:15:08.544+0000] {logging_mixin.py:120} INFO - [2023-12-11T15:15:08.544+0000] {dag.py:3340} INFO - Setting next_dagrun for group_dag to 2023-12-11T00:00:00+00:00, run_after=2023-12-12T00:00:00+00:00
[2023-12-11T15:15:08.547+0000] {logging_mixin.py:120} INFO - [2023-12-11T15:15:08.547+0000] {dag.py:3340} INFO - Setting next_dagrun for group_dag.downloads to None, run_after=None
[2023-12-11T15:15:08.555+0000] {logging_mixin.py:120} INFO - [2023-12-11T15:15:08.555+0000] {dag.py:2585} INFO - Sync 1 DAGs
[2023-12-11T15:15:08.560+0000] {logging_mixin.py:120} INFO - [2023-12-11T15:15:08.560+0000] {dag.py:3340} INFO - Setting next_dagrun for group_dag.downloads to None, run_after=None
[2023-12-11T15:15:08.578+0000] {processor.py:176} INFO - Processing /opt/airflow/dags/group_dag.py took 0.283 seconds
[2023-12-11T15:15:39.448+0000] {processor.py:154} INFO - Started process (PID=5803) to work on /opt/airflow/dags/group_dag.py
[2023-12-11T15:15:39.449+0000] {processor.py:756} INFO - Processing file /opt/airflow/dags/group_dag.py for tasks to queue
[2023-12-11T15:15:39.450+0000] {logging_mixin.py:120} INFO - [2023-12-11T15:15:39.450+0000] {dagbag.py:537} INFO - Filling up the DagBag from /opt/airflow/dags/group_dag.py
[2023-12-11T15:15:39.523+0000] {processor.py:766} INFO - DAG(s) dict_keys(['group_dag.downloads', 'group_dag']) retrieved from /opt/airflow/dags/group_dag.py
[2023-12-11T15:15:39.540+0000] {logging_mixin.py:120} INFO - [2023-12-11T15:15:39.540+0000] {dag.py:2585} INFO - Sync 2 DAGs
[2023-12-11T15:15:39.570+0000] {logging_mixin.py:120} INFO - [2023-12-11T15:15:39.570+0000] {dag.py:3340} INFO - Setting next_dagrun for group_dag to 2023-12-11T00:00:00+00:00, run_after=2023-12-12T00:00:00+00:00
[2023-12-11T15:15:39.575+0000] {logging_mixin.py:120} INFO - [2023-12-11T15:15:39.574+0000] {dag.py:3340} INFO - Setting next_dagrun for group_dag.downloads to None, run_after=None
[2023-12-11T15:15:39.584+0000] {logging_mixin.py:120} INFO - [2023-12-11T15:15:39.584+0000] {dag.py:2585} INFO - Sync 1 DAGs
[2023-12-11T15:15:39.592+0000] {logging_mixin.py:120} INFO - [2023-12-11T15:15:39.592+0000] {dag.py:3340} INFO - Setting next_dagrun for group_dag.downloads to None, run_after=None
[2023-12-11T15:15:39.608+0000] {processor.py:176} INFO - Processing /opt/airflow/dags/group_dag.py took 0.163 seconds
[2023-12-11T15:16:10.463+0000] {processor.py:154} INFO - Started process (PID=5875) to work on /opt/airflow/dags/group_dag.py
[2023-12-11T15:16:10.464+0000] {processor.py:756} INFO - Processing file /opt/airflow/dags/group_dag.py for tasks to queue
[2023-12-11T15:16:10.465+0000] {logging_mixin.py:120} INFO - [2023-12-11T15:16:10.465+0000] {dagbag.py:537} INFO - Filling up the DagBag from /opt/airflow/dags/group_dag.py
[2023-12-11T15:16:10.541+0000] {processor.py:766} INFO - DAG(s) dict_keys(['group_dag.downloads', 'group_dag']) retrieved from /opt/airflow/dags/group_dag.py
[2023-12-11T15:16:10.797+0000] {logging_mixin.py:120} INFO - [2023-12-11T15:16:10.797+0000] {dag.py:2585} INFO - Sync 2 DAGs
[2023-12-11T15:16:10.828+0000] {logging_mixin.py:120} INFO - [2023-12-11T15:16:10.828+0000] {dag.py:3340} INFO - Setting next_dagrun for group_dag to 2023-12-11T00:00:00+00:00, run_after=2023-12-12T00:00:00+00:00
[2023-12-11T15:16:10.832+0000] {logging_mixin.py:120} INFO - [2023-12-11T15:16:10.832+0000] {dag.py:3340} INFO - Setting next_dagrun for group_dag.downloads to None, run_after=None
[2023-12-11T15:16:10.846+0000] {logging_mixin.py:120} INFO - [2023-12-11T15:16:10.846+0000] {dag.py:2585} INFO - Sync 1 DAGs
[2023-12-11T15:16:10.854+0000] {logging_mixin.py:120} INFO - [2023-12-11T15:16:10.854+0000] {dag.py:3340} INFO - Setting next_dagrun for group_dag.downloads to None, run_after=None
[2023-12-11T15:16:10.874+0000] {processor.py:176} INFO - Processing /opt/airflow/dags/group_dag.py took 0.414 seconds
[2023-12-11T15:16:41.285+0000] {processor.py:154} INFO - Started process (PID=5938) to work on /opt/airflow/dags/group_dag.py
[2023-12-11T15:16:41.286+0000] {processor.py:756} INFO - Processing file /opt/airflow/dags/group_dag.py for tasks to queue
[2023-12-11T15:16:41.287+0000] {logging_mixin.py:120} INFO - [2023-12-11T15:16:41.286+0000] {dagbag.py:537} INFO - Filling up the DagBag from /opt/airflow/dags/group_dag.py
[2023-12-11T15:16:41.345+0000] {processor.py:766} INFO - DAG(s) dict_keys(['group_dag.downloads', 'group_dag']) retrieved from /opt/airflow/dags/group_dag.py
[2023-12-11T15:16:41.526+0000] {logging_mixin.py:120} INFO - [2023-12-11T15:16:41.526+0000] {dag.py:2585} INFO - Sync 2 DAGs
[2023-12-11T15:16:41.556+0000] {logging_mixin.py:120} INFO - [2023-12-11T15:16:41.556+0000] {dag.py:3340} INFO - Setting next_dagrun for group_dag to 2023-12-11T00:00:00+00:00, run_after=2023-12-12T00:00:00+00:00
[2023-12-11T15:16:41.560+0000] {logging_mixin.py:120} INFO - [2023-12-11T15:16:41.559+0000] {dag.py:3340} INFO - Setting next_dagrun for group_dag.downloads to None, run_after=None
[2023-12-11T15:16:41.568+0000] {logging_mixin.py:120} INFO - [2023-12-11T15:16:41.568+0000] {dag.py:2585} INFO - Sync 1 DAGs
[2023-12-11T15:16:41.574+0000] {logging_mixin.py:120} INFO - [2023-12-11T15:16:41.574+0000] {dag.py:3340} INFO - Setting next_dagrun for group_dag.downloads to None, run_after=None
[2023-12-11T15:16:41.585+0000] {processor.py:176} INFO - Processing /opt/airflow/dags/group_dag.py took 0.303 seconds
[2023-12-11T15:17:11.768+0000] {processor.py:154} INFO - Started process (PID=6012) to work on /opt/airflow/dags/group_dag.py
[2023-12-11T15:17:11.769+0000] {processor.py:756} INFO - Processing file /opt/airflow/dags/group_dag.py for tasks to queue
[2023-12-11T15:17:11.770+0000] {logging_mixin.py:120} INFO - [2023-12-11T15:17:11.769+0000] {dagbag.py:537} INFO - Filling up the DagBag from /opt/airflow/dags/group_dag.py
[2023-12-11T15:17:11.835+0000] {processor.py:766} INFO - DAG(s) dict_keys(['group_dag.downloads', 'group_dag']) retrieved from /opt/airflow/dags/group_dag.py
[2023-12-11T15:17:11.851+0000] {logging_mixin.py:120} INFO - [2023-12-11T15:17:11.851+0000] {dag.py:2585} INFO - Sync 2 DAGs
[2023-12-11T15:17:11.877+0000] {logging_mixin.py:120} INFO - [2023-12-11T15:17:11.877+0000] {dag.py:3340} INFO - Setting next_dagrun for group_dag to 2023-12-11T00:00:00+00:00, run_after=2023-12-12T00:00:00+00:00
[2023-12-11T15:17:11.882+0000] {logging_mixin.py:120} INFO - [2023-12-11T15:17:11.882+0000] {dag.py:3340} INFO - Setting next_dagrun for group_dag.downloads to None, run_after=None
[2023-12-11T15:17:11.889+0000] {logging_mixin.py:120} INFO - [2023-12-11T15:17:11.889+0000] {dag.py:2585} INFO - Sync 1 DAGs
[2023-12-11T15:17:11.895+0000] {logging_mixin.py:120} INFO - [2023-12-11T15:17:11.895+0000] {dag.py:3340} INFO - Setting next_dagrun for group_dag.downloads to None, run_after=None
[2023-12-11T15:17:11.910+0000] {processor.py:176} INFO - Processing /opt/airflow/dags/group_dag.py took 0.145 seconds
[2023-12-11T15:17:41.974+0000] {processor.py:154} INFO - Started process (PID=6082) to work on /opt/airflow/dags/group_dag.py
[2023-12-11T15:17:41.976+0000] {processor.py:756} INFO - Processing file /opt/airflow/dags/group_dag.py for tasks to queue
[2023-12-11T15:17:41.977+0000] {logging_mixin.py:120} INFO - [2023-12-11T15:17:41.977+0000] {dagbag.py:537} INFO - Filling up the DagBag from /opt/airflow/dags/group_dag.py
[2023-12-11T15:17:42.052+0000] {processor.py:766} INFO - DAG(s) dict_keys(['group_dag.downloads', 'group_dag']) retrieved from /opt/airflow/dags/group_dag.py
[2023-12-11T15:17:42.322+0000] {logging_mixin.py:120} INFO - [2023-12-11T15:17:42.322+0000] {dag.py:2585} INFO - Sync 2 DAGs
[2023-12-11T15:17:42.356+0000] {logging_mixin.py:120} INFO - [2023-12-11T15:17:42.355+0000] {dag.py:3340} INFO - Setting next_dagrun for group_dag to 2023-12-11T00:00:00+00:00, run_after=2023-12-12T00:00:00+00:00
[2023-12-11T15:17:42.359+0000] {logging_mixin.py:120} INFO - [2023-12-11T15:17:42.359+0000] {dag.py:3340} INFO - Setting next_dagrun for group_dag.downloads to None, run_after=None
[2023-12-11T15:17:42.371+0000] {logging_mixin.py:120} INFO - [2023-12-11T15:17:42.371+0000] {dag.py:2585} INFO - Sync 1 DAGs
[2023-12-11T15:17:42.376+0000] {logging_mixin.py:120} INFO - [2023-12-11T15:17:42.376+0000] {dag.py:3340} INFO - Setting next_dagrun for group_dag.downloads to None, run_after=None
[2023-12-11T15:17:42.389+0000] {processor.py:176} INFO - Processing /opt/airflow/dags/group_dag.py took 0.419 seconds
[2023-12-11T15:18:12.467+0000] {processor.py:154} INFO - Started process (PID=6148) to work on /opt/airflow/dags/group_dag.py
[2023-12-11T15:18:12.468+0000] {processor.py:756} INFO - Processing file /opt/airflow/dags/group_dag.py for tasks to queue
[2023-12-11T15:18:12.468+0000] {logging_mixin.py:120} INFO - [2023-12-11T15:18:12.468+0000] {dagbag.py:537} INFO - Filling up the DagBag from /opt/airflow/dags/group_dag.py
[2023-12-11T15:18:12.527+0000] {processor.py:766} INFO - DAG(s) dict_keys(['group_dag.downloads', 'group_dag']) retrieved from /opt/airflow/dags/group_dag.py
[2023-12-11T15:18:12.718+0000] {logging_mixin.py:120} INFO - [2023-12-11T15:18:12.718+0000] {dag.py:2585} INFO - Sync 2 DAGs
[2023-12-11T15:18:12.741+0000] {logging_mixin.py:120} INFO - [2023-12-11T15:18:12.741+0000] {dag.py:3340} INFO - Setting next_dagrun for group_dag to 2023-12-11T00:00:00+00:00, run_after=2023-12-12T00:00:00+00:00
[2023-12-11T15:18:12.746+0000] {logging_mixin.py:120} INFO - [2023-12-11T15:18:12.746+0000] {dag.py:3340} INFO - Setting next_dagrun for group_dag.downloads to None, run_after=None
[2023-12-11T15:18:12.754+0000] {logging_mixin.py:120} INFO - [2023-12-11T15:18:12.754+0000] {dag.py:2585} INFO - Sync 1 DAGs
[2023-12-11T15:18:12.760+0000] {logging_mixin.py:120} INFO - [2023-12-11T15:18:12.760+0000] {dag.py:3340} INFO - Setting next_dagrun for group_dag.downloads to None, run_after=None
[2023-12-11T15:18:12.772+0000] {processor.py:176} INFO - Processing /opt/airflow/dags/group_dag.py took 0.308 seconds
[2023-12-11T15:18:43.534+0000] {processor.py:154} INFO - Started process (PID=6221) to work on /opt/airflow/dags/group_dag.py
[2023-12-11T15:18:43.535+0000] {processor.py:756} INFO - Processing file /opt/airflow/dags/group_dag.py for tasks to queue
[2023-12-11T15:18:43.536+0000] {logging_mixin.py:120} INFO - [2023-12-11T15:18:43.536+0000] {dagbag.py:537} INFO - Filling up the DagBag from /opt/airflow/dags/group_dag.py
[2023-12-11T15:18:43.619+0000] {processor.py:766} INFO - DAG(s) dict_keys(['group_dag.downloads', 'group_dag']) retrieved from /opt/airflow/dags/group_dag.py
[2023-12-11T15:18:43.902+0000] {logging_mixin.py:120} INFO - [2023-12-11T15:18:43.902+0000] {dag.py:2585} INFO - Sync 2 DAGs
[2023-12-11T15:18:43.949+0000] {logging_mixin.py:120} INFO - [2023-12-11T15:18:43.948+0000] {dag.py:3340} INFO - Setting next_dagrun for group_dag to 2023-12-11T00:00:00+00:00, run_after=2023-12-12T00:00:00+00:00
[2023-12-11T15:18:43.955+0000] {logging_mixin.py:120} INFO - [2023-12-11T15:18:43.954+0000] {dag.py:3340} INFO - Setting next_dagrun for group_dag.downloads to None, run_after=None
[2023-12-11T15:18:43.968+0000] {logging_mixin.py:120} INFO - [2023-12-11T15:18:43.967+0000] {dag.py:2585} INFO - Sync 1 DAGs
[2023-12-11T15:18:43.975+0000] {logging_mixin.py:120} INFO - [2023-12-11T15:18:43.974+0000] {dag.py:3340} INFO - Setting next_dagrun for group_dag.downloads to None, run_after=None
[2023-12-11T15:18:43.991+0000] {processor.py:176} INFO - Processing /opt/airflow/dags/group_dag.py took 0.459 seconds
[2023-12-11T15:19:14.147+0000] {processor.py:154} INFO - Started process (PID=6284) to work on /opt/airflow/dags/group_dag.py
[2023-12-11T15:19:14.148+0000] {processor.py:756} INFO - Processing file /opt/airflow/dags/group_dag.py for tasks to queue
[2023-12-11T15:19:14.149+0000] {logging_mixin.py:120} INFO - [2023-12-11T15:19:14.149+0000] {dagbag.py:537} INFO - Filling up the DagBag from /opt/airflow/dags/group_dag.py
[2023-12-11T15:19:14.208+0000] {processor.py:766} INFO - DAG(s) dict_keys(['group_dag.downloads', 'group_dag']) retrieved from /opt/airflow/dags/group_dag.py
[2023-12-11T15:19:14.449+0000] {logging_mixin.py:120} INFO - [2023-12-11T15:19:14.449+0000] {dag.py:2585} INFO - Sync 2 DAGs
[2023-12-11T15:19:14.486+0000] {logging_mixin.py:120} INFO - [2023-12-11T15:19:14.486+0000] {dag.py:3340} INFO - Setting next_dagrun for group_dag to 2023-12-11T00:00:00+00:00, run_after=2023-12-12T00:00:00+00:00
[2023-12-11T15:19:14.494+0000] {logging_mixin.py:120} INFO - [2023-12-11T15:19:14.494+0000] {dag.py:3340} INFO - Setting next_dagrun for group_dag.downloads to None, run_after=None
[2023-12-11T15:19:14.507+0000] {logging_mixin.py:120} INFO - [2023-12-11T15:19:14.506+0000] {dag.py:2585} INFO - Sync 1 DAGs
[2023-12-11T15:19:14.520+0000] {logging_mixin.py:120} INFO - [2023-12-11T15:19:14.519+0000] {dag.py:3340} INFO - Setting next_dagrun for group_dag.downloads to None, run_after=None
[2023-12-11T15:19:14.556+0000] {processor.py:176} INFO - Processing /opt/airflow/dags/group_dag.py took 0.411 seconds
[2023-12-11T15:19:45.072+0000] {processor.py:154} INFO - Started process (PID=6356) to work on /opt/airflow/dags/group_dag.py
[2023-12-11T15:19:45.073+0000] {processor.py:756} INFO - Processing file /opt/airflow/dags/group_dag.py for tasks to queue
[2023-12-11T15:19:45.073+0000] {logging_mixin.py:120} INFO - [2023-12-11T15:19:45.073+0000] {dagbag.py:537} INFO - Filling up the DagBag from /opt/airflow/dags/group_dag.py
[2023-12-11T15:19:45.135+0000] {processor.py:766} INFO - DAG(s) dict_keys(['group_dag.downloads', 'group_dag']) retrieved from /opt/airflow/dags/group_dag.py
[2023-12-11T15:19:45.311+0000] {logging_mixin.py:120} INFO - [2023-12-11T15:19:45.311+0000] {dag.py:2585} INFO - Sync 2 DAGs
[2023-12-11T15:19:45.335+0000] {logging_mixin.py:120} INFO - [2023-12-11T15:19:45.335+0000] {dag.py:3340} INFO - Setting next_dagrun for group_dag to 2023-12-11T00:00:00+00:00, run_after=2023-12-12T00:00:00+00:00
[2023-12-11T15:19:45.339+0000] {logging_mixin.py:120} INFO - [2023-12-11T15:19:45.339+0000] {dag.py:3340} INFO - Setting next_dagrun for group_dag.downloads to None, run_after=None
[2023-12-11T15:19:45.347+0000] {logging_mixin.py:120} INFO - [2023-12-11T15:19:45.347+0000] {dag.py:2585} INFO - Sync 1 DAGs
[2023-12-11T15:19:45.353+0000] {logging_mixin.py:120} INFO - [2023-12-11T15:19:45.353+0000] {dag.py:3340} INFO - Setting next_dagrun for group_dag.downloads to None, run_after=None
[2023-12-11T15:19:45.366+0000] {processor.py:176} INFO - Processing /opt/airflow/dags/group_dag.py took 0.298 seconds
[2023-12-11T15:20:15.669+0000] {processor.py:154} INFO - Started process (PID=6428) to work on /opt/airflow/dags/group_dag.py
[2023-12-11T15:20:15.671+0000] {processor.py:756} INFO - Processing file /opt/airflow/dags/group_dag.py for tasks to queue
[2023-12-11T15:20:15.672+0000] {logging_mixin.py:120} INFO - [2023-12-11T15:20:15.672+0000] {dagbag.py:537} INFO - Filling up the DagBag from /opt/airflow/dags/group_dag.py
[2023-12-11T15:20:15.753+0000] {processor.py:766} INFO - DAG(s) dict_keys(['group_dag.downloads', 'group_dag']) retrieved from /opt/airflow/dags/group_dag.py
[2023-12-11T15:20:15.999+0000] {logging_mixin.py:120} INFO - [2023-12-11T15:20:15.998+0000] {dag.py:2585} INFO - Sync 2 DAGs
[2023-12-11T15:20:16.031+0000] {logging_mixin.py:120} INFO - [2023-12-11T15:20:16.031+0000] {dag.py:3340} INFO - Setting next_dagrun for group_dag to 2023-12-11T00:00:00+00:00, run_after=2023-12-12T00:00:00+00:00
[2023-12-11T15:20:16.038+0000] {logging_mixin.py:120} INFO - [2023-12-11T15:20:16.038+0000] {dag.py:3340} INFO - Setting next_dagrun for group_dag.downloads to None, run_after=None
[2023-12-11T15:20:16.050+0000] {logging_mixin.py:120} INFO - [2023-12-11T15:20:16.049+0000] {dag.py:2585} INFO - Sync 1 DAGs
[2023-12-11T15:20:16.059+0000] {logging_mixin.py:120} INFO - [2023-12-11T15:20:16.059+0000] {dag.py:3340} INFO - Setting next_dagrun for group_dag.downloads to None, run_after=None
[2023-12-11T15:20:16.078+0000] {processor.py:176} INFO - Processing /opt/airflow/dags/group_dag.py took 0.413 seconds
[2023-12-11T15:20:46.375+0000] {processor.py:154} INFO - Started process (PID=6492) to work on /opt/airflow/dags/group_dag.py
[2023-12-11T15:20:46.377+0000] {processor.py:756} INFO - Processing file /opt/airflow/dags/group_dag.py for tasks to queue
[2023-12-11T15:20:46.378+0000] {logging_mixin.py:120} INFO - [2023-12-11T15:20:46.378+0000] {dagbag.py:537} INFO - Filling up the DagBag from /opt/airflow/dags/group_dag.py
[2023-12-11T15:20:46.514+0000] {processor.py:766} INFO - DAG(s) dict_keys(['group_dag.downloads', 'group_dag']) retrieved from /opt/airflow/dags/group_dag.py
[2023-12-11T15:20:46.872+0000] {logging_mixin.py:120} INFO - [2023-12-11T15:20:46.872+0000] {dag.py:2585} INFO - Sync 2 DAGs
[2023-12-11T15:20:46.915+0000] {logging_mixin.py:120} INFO - [2023-12-11T15:20:46.915+0000] {dag.py:3340} INFO - Setting next_dagrun for group_dag to 2023-12-11T00:00:00+00:00, run_after=2023-12-12T00:00:00+00:00
[2023-12-11T15:20:46.922+0000] {logging_mixin.py:120} INFO - [2023-12-11T15:20:46.922+0000] {dag.py:3340} INFO - Setting next_dagrun for group_dag.downloads to None, run_after=None
[2023-12-11T15:20:46.935+0000] {logging_mixin.py:120} INFO - [2023-12-11T15:20:46.935+0000] {dag.py:2585} INFO - Sync 1 DAGs
[2023-12-11T15:20:46.946+0000] {logging_mixin.py:120} INFO - [2023-12-11T15:20:46.945+0000] {dag.py:3340} INFO - Setting next_dagrun for group_dag.downloads to None, run_after=None
[2023-12-11T15:20:46.964+0000] {processor.py:176} INFO - Processing /opt/airflow/dags/group_dag.py took 0.593 seconds
[2023-12-11T15:21:17.434+0000] {processor.py:154} INFO - Started process (PID=6564) to work on /opt/airflow/dags/group_dag.py
[2023-12-11T15:21:17.435+0000] {processor.py:756} INFO - Processing file /opt/airflow/dags/group_dag.py for tasks to queue
[2023-12-11T15:21:17.436+0000] {logging_mixin.py:120} INFO - [2023-12-11T15:21:17.436+0000] {dagbag.py:537} INFO - Filling up the DagBag from /opt/airflow/dags/group_dag.py
[2023-12-11T15:21:17.511+0000] {processor.py:766} INFO - DAG(s) dict_keys(['group_dag.downloads', 'group_dag']) retrieved from /opt/airflow/dags/group_dag.py
[2023-12-11T15:21:17.706+0000] {logging_mixin.py:120} INFO - [2023-12-11T15:21:17.706+0000] {dag.py:2585} INFO - Sync 2 DAGs
[2023-12-11T15:21:17.733+0000] {logging_mixin.py:120} INFO - [2023-12-11T15:21:17.733+0000] {dag.py:3340} INFO - Setting next_dagrun for group_dag to 2023-12-11T00:00:00+00:00, run_after=2023-12-12T00:00:00+00:00
[2023-12-11T15:21:17.738+0000] {logging_mixin.py:120} INFO - [2023-12-11T15:21:17.737+0000] {dag.py:3340} INFO - Setting next_dagrun for group_dag.downloads to None, run_after=None
[2023-12-11T15:21:17.746+0000] {logging_mixin.py:120} INFO - [2023-12-11T15:21:17.746+0000] {dag.py:2585} INFO - Sync 1 DAGs
[2023-12-11T15:21:17.754+0000] {logging_mixin.py:120} INFO - [2023-12-11T15:21:17.754+0000] {dag.py:3340} INFO - Setting next_dagrun for group_dag.downloads to None, run_after=None
[2023-12-11T15:21:17.772+0000] {processor.py:176} INFO - Processing /opt/airflow/dags/group_dag.py took 0.341 seconds
[2023-12-11T15:21:48.709+0000] {processor.py:154} INFO - Started process (PID=6636) to work on /opt/airflow/dags/group_dag.py
[2023-12-11T15:21:48.711+0000] {processor.py:756} INFO - Processing file /opt/airflow/dags/group_dag.py for tasks to queue
[2023-12-11T15:21:48.712+0000] {logging_mixin.py:120} INFO - [2023-12-11T15:21:48.712+0000] {dagbag.py:537} INFO - Filling up the DagBag from /opt/airflow/dags/group_dag.py
[2023-12-11T15:21:48.799+0000] {processor.py:766} INFO - DAG(s) dict_keys(['group_dag.downloads', 'group_dag']) retrieved from /opt/airflow/dags/group_dag.py
[2023-12-11T15:21:48.990+0000] {logging_mixin.py:120} INFO - [2023-12-11T15:21:48.990+0000] {dag.py:2585} INFO - Sync 2 DAGs
[2023-12-11T15:21:49.016+0000] {logging_mixin.py:120} INFO - [2023-12-11T15:21:49.016+0000] {dag.py:3340} INFO - Setting next_dagrun for group_dag to 2023-12-11T00:00:00+00:00, run_after=2023-12-12T00:00:00+00:00
[2023-12-11T15:21:49.020+0000] {logging_mixin.py:120} INFO - [2023-12-11T15:21:49.020+0000] {dag.py:3340} INFO - Setting next_dagrun for group_dag.downloads to None, run_after=None
[2023-12-11T15:21:49.029+0000] {logging_mixin.py:120} INFO - [2023-12-11T15:21:49.028+0000] {dag.py:2585} INFO - Sync 1 DAGs
[2023-12-11T15:21:49.036+0000] {logging_mixin.py:120} INFO - [2023-12-11T15:21:49.036+0000] {dag.py:3340} INFO - Setting next_dagrun for group_dag.downloads to None, run_after=None
[2023-12-11T15:21:49.052+0000] {processor.py:176} INFO - Processing /opt/airflow/dags/group_dag.py took 0.346 seconds
[2023-12-11T15:22:19.291+0000] {processor.py:154} INFO - Started process (PID=6710) to work on /opt/airflow/dags/group_dag.py
[2023-12-11T15:22:19.292+0000] {processor.py:756} INFO - Processing file /opt/airflow/dags/group_dag.py for tasks to queue
[2023-12-11T15:22:19.294+0000] {logging_mixin.py:120} INFO - [2023-12-11T15:22:19.293+0000] {dagbag.py:537} INFO - Filling up the DagBag from /opt/airflow/dags/group_dag.py
[2023-12-11T15:22:19.374+0000] {processor.py:766} INFO - DAG(s) dict_keys(['group_dag.downloads', 'group_dag']) retrieved from /opt/airflow/dags/group_dag.py
[2023-12-11T15:22:19.623+0000] {logging_mixin.py:120} INFO - [2023-12-11T15:22:19.623+0000] {dag.py:2585} INFO - Sync 2 DAGs
[2023-12-11T15:22:19.659+0000] {logging_mixin.py:120} INFO - [2023-12-11T15:22:19.658+0000] {dag.py:3340} INFO - Setting next_dagrun for group_dag to 2023-12-11T00:00:00+00:00, run_after=2023-12-12T00:00:00+00:00
[2023-12-11T15:22:19.665+0000] {logging_mixin.py:120} INFO - [2023-12-11T15:22:19.665+0000] {dag.py:3340} INFO - Setting next_dagrun for group_dag.downloads to None, run_after=None
[2023-12-11T15:22:19.679+0000] {logging_mixin.py:120} INFO - [2023-12-11T15:22:19.678+0000] {dag.py:2585} INFO - Sync 1 DAGs
[2023-12-11T15:22:19.688+0000] {logging_mixin.py:120} INFO - [2023-12-11T15:22:19.687+0000] {dag.py:3340} INFO - Setting next_dagrun for group_dag.downloads to None, run_after=None
[2023-12-11T15:22:19.711+0000] {processor.py:176} INFO - Processing /opt/airflow/dags/group_dag.py took 0.425 seconds
[2023-12-11T15:22:49.788+0000] {processor.py:154} INFO - Started process (PID=6773) to work on /opt/airflow/dags/group_dag.py
[2023-12-11T15:22:49.789+0000] {processor.py:756} INFO - Processing file /opt/airflow/dags/group_dag.py for tasks to queue
[2023-12-11T15:22:49.790+0000] {logging_mixin.py:120} INFO - [2023-12-11T15:22:49.790+0000] {dagbag.py:537} INFO - Filling up the DagBag from /opt/airflow/dags/group_dag.py
[2023-12-11T15:22:49.842+0000] {processor.py:766} INFO - DAG(s) dict_keys(['group_dag.downloads', 'group_dag']) retrieved from /opt/airflow/dags/group_dag.py
[2023-12-11T15:22:50.016+0000] {logging_mixin.py:120} INFO - [2023-12-11T15:22:50.016+0000] {dag.py:2585} INFO - Sync 2 DAGs
[2023-12-11T15:22:50.040+0000] {logging_mixin.py:120} INFO - [2023-12-11T15:22:50.040+0000] {dag.py:3340} INFO - Setting next_dagrun for group_dag to 2023-12-11T00:00:00+00:00, run_after=2023-12-12T00:00:00+00:00
[2023-12-11T15:22:50.045+0000] {logging_mixin.py:120} INFO - [2023-12-11T15:22:50.044+0000] {dag.py:3340} INFO - Setting next_dagrun for group_dag.downloads to None, run_after=None
[2023-12-11T15:22:50.051+0000] {logging_mixin.py:120} INFO - [2023-12-11T15:22:50.051+0000] {dag.py:2585} INFO - Sync 1 DAGs
[2023-12-11T15:22:50.056+0000] {logging_mixin.py:120} INFO - [2023-12-11T15:22:50.056+0000] {dag.py:3340} INFO - Setting next_dagrun for group_dag.downloads to None, run_after=None
[2023-12-11T15:22:50.068+0000] {processor.py:176} INFO - Processing /opt/airflow/dags/group_dag.py took 0.282 seconds
[2023-12-11T15:23:20.214+0000] {processor.py:154} INFO - Started process (PID=6845) to work on /opt/airflow/dags/group_dag.py
[2023-12-11T15:23:20.215+0000] {processor.py:756} INFO - Processing file /opt/airflow/dags/group_dag.py for tasks to queue
[2023-12-11T15:23:20.216+0000] {logging_mixin.py:120} INFO - [2023-12-11T15:23:20.216+0000] {dagbag.py:537} INFO - Filling up the DagBag from /opt/airflow/dags/group_dag.py
[2023-12-11T15:23:20.299+0000] {processor.py:766} INFO - DAG(s) dict_keys(['group_dag.downloads', 'group_dag']) retrieved from /opt/airflow/dags/group_dag.py
[2023-12-11T15:23:20.527+0000] {logging_mixin.py:120} INFO - [2023-12-11T15:23:20.527+0000] {dag.py:2585} INFO - Sync 2 DAGs
[2023-12-11T15:23:20.562+0000] {logging_mixin.py:120} INFO - [2023-12-11T15:23:20.561+0000] {dag.py:3340} INFO - Setting next_dagrun for group_dag to 2023-12-11T00:00:00+00:00, run_after=2023-12-12T00:00:00+00:00
[2023-12-11T15:23:20.566+0000] {logging_mixin.py:120} INFO - [2023-12-11T15:23:20.566+0000] {dag.py:3340} INFO - Setting next_dagrun for group_dag.downloads to None, run_after=None
[2023-12-11T15:23:20.577+0000] {logging_mixin.py:120} INFO - [2023-12-11T15:23:20.577+0000] {dag.py:2585} INFO - Sync 1 DAGs
[2023-12-11T15:23:20.587+0000] {logging_mixin.py:120} INFO - [2023-12-11T15:23:20.586+0000] {dag.py:3340} INFO - Setting next_dagrun for group_dag.downloads to None, run_after=None
[2023-12-11T15:23:20.609+0000] {processor.py:176} INFO - Processing /opt/airflow/dags/group_dag.py took 0.398 seconds
[2023-12-11T15:23:50.845+0000] {processor.py:154} INFO - Started process (PID=6908) to work on /opt/airflow/dags/group_dag.py
[2023-12-11T15:23:50.846+0000] {processor.py:756} INFO - Processing file /opt/airflow/dags/group_dag.py for tasks to queue
[2023-12-11T15:23:50.847+0000] {logging_mixin.py:120} INFO - [2023-12-11T15:23:50.847+0000] {dagbag.py:537} INFO - Filling up the DagBag from /opt/airflow/dags/group_dag.py
[2023-12-11T15:23:50.920+0000] {processor.py:766} INFO - DAG(s) dict_keys(['group_dag.downloads', 'group_dag']) retrieved from /opt/airflow/dags/group_dag.py
[2023-12-11T15:23:51.199+0000] {logging_mixin.py:120} INFO - [2023-12-11T15:23:51.199+0000] {dag.py:2585} INFO - Sync 2 DAGs
[2023-12-11T15:23:51.245+0000] {logging_mixin.py:120} INFO - [2023-12-11T15:23:51.244+0000] {dag.py:3340} INFO - Setting next_dagrun for group_dag to 2023-12-11T00:00:00+00:00, run_after=2023-12-12T00:00:00+00:00
[2023-12-11T15:23:51.250+0000] {logging_mixin.py:120} INFO - [2023-12-11T15:23:51.250+0000] {dag.py:3340} INFO - Setting next_dagrun for group_dag.downloads to None, run_after=None
[2023-12-11T15:23:51.262+0000] {logging_mixin.py:120} INFO - [2023-12-11T15:23:51.262+0000] {dag.py:2585} INFO - Sync 1 DAGs
[2023-12-11T15:23:51.270+0000] {logging_mixin.py:120} INFO - [2023-12-11T15:23:51.270+0000] {dag.py:3340} INFO - Setting next_dagrun for group_dag.downloads to None, run_after=None
[2023-12-11T15:23:51.285+0000] {processor.py:176} INFO - Processing /opt/airflow/dags/group_dag.py took 0.443 seconds
[2023-12-11T15:24:21.817+0000] {processor.py:154} INFO - Started process (PID=6980) to work on /opt/airflow/dags/group_dag.py
[2023-12-11T15:24:21.818+0000] {processor.py:756} INFO - Processing file /opt/airflow/dags/group_dag.py for tasks to queue
[2023-12-11T15:24:21.820+0000] {logging_mixin.py:120} INFO - [2023-12-11T15:24:21.820+0000] {dagbag.py:537} INFO - Filling up the DagBag from /opt/airflow/dags/group_dag.py
[2023-12-11T15:24:21.904+0000] {processor.py:766} INFO - DAG(s) dict_keys(['group_dag.downloads', 'group_dag']) retrieved from /opt/airflow/dags/group_dag.py
[2023-12-11T15:24:22.141+0000] {logging_mixin.py:120} INFO - [2023-12-11T15:24:22.141+0000] {dag.py:2585} INFO - Sync 2 DAGs
[2023-12-11T15:24:22.176+0000] {logging_mixin.py:120} INFO - [2023-12-11T15:24:22.176+0000] {dag.py:3340} INFO - Setting next_dagrun for group_dag to 2023-12-11T00:00:00+00:00, run_after=2023-12-12T00:00:00+00:00
[2023-12-11T15:24:22.181+0000] {logging_mixin.py:120} INFO - [2023-12-11T15:24:22.181+0000] {dag.py:3340} INFO - Setting next_dagrun for group_dag.downloads to None, run_after=None
[2023-12-11T15:24:22.193+0000] {logging_mixin.py:120} INFO - [2023-12-11T15:24:22.192+0000] {dag.py:2585} INFO - Sync 1 DAGs
[2023-12-11T15:24:22.199+0000] {logging_mixin.py:120} INFO - [2023-12-11T15:24:22.199+0000] {dag.py:3340} INFO - Setting next_dagrun for group_dag.downloads to None, run_after=None
[2023-12-11T15:24:22.216+0000] {processor.py:176} INFO - Processing /opt/airflow/dags/group_dag.py took 0.403 seconds
[2023-12-11T15:24:52.989+0000] {processor.py:154} INFO - Started process (PID=7052) to work on /opt/airflow/dags/group_dag.py
[2023-12-11T15:24:52.991+0000] {processor.py:756} INFO - Processing file /opt/airflow/dags/group_dag.py for tasks to queue
[2023-12-11T15:24:52.992+0000] {logging_mixin.py:120} INFO - [2023-12-11T15:24:52.992+0000] {dagbag.py:537} INFO - Filling up the DagBag from /opt/airflow/dags/group_dag.py
[2023-12-11T15:24:53.074+0000] {processor.py:766} INFO - DAG(s) dict_keys(['group_dag.downloads', 'group_dag']) retrieved from /opt/airflow/dags/group_dag.py
[2023-12-11T15:24:53.277+0000] {logging_mixin.py:120} INFO - [2023-12-11T15:24:53.277+0000] {dag.py:2585} INFO - Sync 2 DAGs
[2023-12-11T15:24:53.305+0000] {logging_mixin.py:120} INFO - [2023-12-11T15:24:53.305+0000] {dag.py:3340} INFO - Setting next_dagrun for group_dag to 2023-12-11T00:00:00+00:00, run_after=2023-12-12T00:00:00+00:00
[2023-12-11T15:24:53.310+0000] {logging_mixin.py:120} INFO - [2023-12-11T15:24:53.310+0000] {dag.py:3340} INFO - Setting next_dagrun for group_dag.downloads to None, run_after=None
[2023-12-11T15:24:53.322+0000] {logging_mixin.py:120} INFO - [2023-12-11T15:24:53.322+0000] {dag.py:2585} INFO - Sync 1 DAGs
[2023-12-11T15:24:53.329+0000] {logging_mixin.py:120} INFO - [2023-12-11T15:24:53.329+0000] {dag.py:3340} INFO - Setting next_dagrun for group_dag.downloads to None, run_after=None
[2023-12-11T15:24:53.343+0000] {processor.py:176} INFO - Processing /opt/airflow/dags/group_dag.py took 0.358 seconds
