[2023-12-11T15:02:34.313+0000] {taskinstance.py:1165} INFO - Dependencies all met for <TaskInstance: group_dag.downloads.download_a scheduled__2023-12-10T00:00:00+00:00 [queued]>
[2023-12-11T15:02:34.336+0000] {taskinstance.py:1165} INFO - Dependencies all met for <TaskInstance: group_dag.downloads.download_a scheduled__2023-12-10T00:00:00+00:00 [queued]>
[2023-12-11T15:02:34.337+0000] {taskinstance.py:1362} INFO - 
--------------------------------------------------------------------------------
[2023-12-11T15:02:34.338+0000] {taskinstance.py:1363} INFO - Starting attempt 1 of 1
[2023-12-11T15:02:34.339+0000] {taskinstance.py:1364} INFO - 
--------------------------------------------------------------------------------
[2023-12-11T15:02:34.364+0000] {taskinstance.py:1383} INFO - Executing <Task(BashOperator): download_a> on 2023-12-10 00:00:00+00:00
[2023-12-11T15:02:34.374+0000] {standard_task_runner.py:55} INFO - Started process 1582 to run task
[2023-12-11T15:02:34.381+0000] {standard_task_runner.py:82} INFO - Running: ['***', 'tasks', 'run', 'group_dag.downloads', 'download_a', 'scheduled__2023-12-10T00:00:00+00:00', '--job-id', '14', '--raw', '--subdir', 'DAGS_FOLDER/group_dag.py', '--cfg-path', '/tmp/tmpszni2cin']
[2023-12-11T15:02:34.382+0000] {standard_task_runner.py:83} INFO - Job 14: Subtask download_a
[2023-12-11T15:02:34.501+0000] {task_command.py:376} INFO - Running <TaskInstance: group_dag.downloads.download_a scheduled__2023-12-10T00:00:00+00:00 [running]> on host a0ae9d56433e
[2023-12-11T15:02:34.668+0000] {taskinstance.py:1592} INFO - Exporting the following env vars:
AIRFLOW_CTX_DAG_OWNER=***
AIRFLOW_CTX_DAG_ID=group_dag.downloads
AIRFLOW_CTX_TASK_ID=download_a
AIRFLOW_CTX_EXECUTION_DATE=2023-12-10T00:00:00+00:00
AIRFLOW_CTX_TRY_NUMBER=1
AIRFLOW_CTX_DAG_RUN_ID=scheduled__2023-12-10T00:00:00+00:00
[2023-12-11T15:02:34.674+0000] {subprocess.py:63} INFO - Tmp dir root location: 
 /tmp
[2023-12-11T15:02:34.679+0000] {subprocess.py:75} INFO - Running command: ['/bin/bash', '-c', 'sleep 10']
[2023-12-11T15:02:34.733+0000] {subprocess.py:86} INFO - Output:
[2023-12-11T15:02:44.779+0000] {subprocess.py:97} INFO - Command exited with return code 0
[2023-12-11T15:02:44.809+0000] {taskinstance.py:1406} INFO - Marking task as SUCCESS. dag_id=group_dag.downloads, task_id=download_a, execution_date=20231210T000000, start_date=20231211T150234, end_date=20231211T150244
[2023-12-11T15:02:44.854+0000] {local_task_job.py:164} INFO - Task exited with return code 0
[2023-12-11T15:02:44.874+0000] {local_task_job.py:273} INFO - 0 downstream tasks scheduled from follow-on schedule check
