[2023-12-11T15:03:45.223+0000] {taskinstance.py:1165} INFO - Dependencies all met for <TaskInstance: group_dag.transform_b scheduled__2023-12-10T00:00:00+00:00 [queued]>
[2023-12-11T15:03:45.234+0000] {taskinstance.py:1165} INFO - Dependencies all met for <TaskInstance: group_dag.transform_b scheduled__2023-12-10T00:00:00+00:00 [queued]>
[2023-12-11T15:03:45.235+0000] {taskinstance.py:1362} INFO - 
--------------------------------------------------------------------------------
[2023-12-11T15:03:45.236+0000] {taskinstance.py:1363} INFO - Starting attempt 1 of 1
[2023-12-11T15:03:45.236+0000] {taskinstance.py:1364} INFO - 
--------------------------------------------------------------------------------
[2023-12-11T15:03:45.253+0000] {taskinstance.py:1383} INFO - Executing <Task(BashOperator): transform_b> on 2023-12-10 00:00:00+00:00
[2023-12-11T15:03:45.262+0000] {standard_task_runner.py:55} INFO - Started process 1648 to run task
[2023-12-11T15:03:45.265+0000] {standard_task_runner.py:82} INFO - Running: ['***', 'tasks', 'run', 'group_dag', 'transform_b', 'scheduled__2023-12-10T00:00:00+00:00', '--job-id', '18', '--raw', '--subdir', 'DAGS_FOLDER/group_dag.py', '--cfg-path', '/tmp/tmp2326_4s7']
[2023-12-11T15:03:45.266+0000] {standard_task_runner.py:83} INFO - Job 18: Subtask transform_b
[2023-12-11T15:03:45.334+0000] {task_command.py:376} INFO - Running <TaskInstance: group_dag.transform_b scheduled__2023-12-10T00:00:00+00:00 [running]> on host a0ae9d56433e
[2023-12-11T15:03:45.409+0000] {taskinstance.py:1592} INFO - Exporting the following env vars:
AIRFLOW_CTX_DAG_OWNER=***
AIRFLOW_CTX_DAG_ID=group_dag
AIRFLOW_CTX_TASK_ID=transform_b
AIRFLOW_CTX_EXECUTION_DATE=2023-12-10T00:00:00+00:00
AIRFLOW_CTX_TRY_NUMBER=1
AIRFLOW_CTX_DAG_RUN_ID=scheduled__2023-12-10T00:00:00+00:00
[2023-12-11T15:03:45.411+0000] {subprocess.py:63} INFO - Tmp dir root location: 
 /tmp
[2023-12-11T15:03:45.412+0000] {subprocess.py:75} INFO - Running command: ['/bin/bash', '-c', 'sleep 10']
[2023-12-11T15:03:45.427+0000] {subprocess.py:86} INFO - Output:
[2023-12-11T15:03:55.432+0000] {subprocess.py:97} INFO - Command exited with return code 0
[2023-12-11T15:03:55.454+0000] {taskinstance.py:1406} INFO - Marking task as SUCCESS. dag_id=group_dag, task_id=transform_b, execution_date=20231210T000000, start_date=20231211T150345, end_date=20231211T150355
[2023-12-11T15:03:55.508+0000] {local_task_job.py:164} INFO - Task exited with return code 0
[2023-12-11T15:03:55.527+0000] {local_task_job.py:273} INFO - 0 downstream tasks scheduled from follow-on schedule check
