[2023-12-11T15:18:50.895+0000] {taskinstance.py:1165} INFO - Dependencies all met for <TaskInstance: xcom_dag.t1 scheduled__2023-12-10T00:00:00+00:00 [queued]>
[2023-12-11T15:18:50.909+0000] {taskinstance.py:1165} INFO - Dependencies all met for <TaskInstance: xcom_dag.t1 scheduled__2023-12-10T00:00:00+00:00 [queued]>
[2023-12-11T15:18:50.910+0000] {taskinstance.py:1362} INFO - 
--------------------------------------------------------------------------------
[2023-12-11T15:18:50.911+0000] {taskinstance.py:1363} INFO - Starting attempt 1 of 1
[2023-12-11T15:18:50.911+0000] {taskinstance.py:1364} INFO - 
--------------------------------------------------------------------------------
[2023-12-11T15:18:50.933+0000] {taskinstance.py:1383} INFO - Executing <Task(PythonOperator): t1> on 2023-12-10 00:00:00+00:00
[2023-12-11T15:18:50.942+0000] {standard_task_runner.py:55} INFO - Started process 2368 to run task
[2023-12-11T15:18:50.946+0000] {standard_task_runner.py:82} INFO - Running: ['***', 'tasks', 'run', 'xcom_dag', 't1', 'scheduled__2023-12-10T00:00:00+00:00', '--job-id', '21', '--raw', '--subdir', 'DAGS_FOLDER/xcom_dag.py', '--cfg-path', '/tmp/tmpr3sz_0dp']
[2023-12-11T15:18:50.947+0000] {standard_task_runner.py:83} INFO - Job 21: Subtask t1
[2023-12-11T15:18:51.056+0000] {task_command.py:376} INFO - Running <TaskInstance: xcom_dag.t1 scheduled__2023-12-10T00:00:00+00:00 [running]> on host a0ae9d56433e
[2023-12-11T15:18:51.207+0000] {taskinstance.py:1592} INFO - Exporting the following env vars:
AIRFLOW_CTX_DAG_OWNER=***
AIRFLOW_CTX_DAG_ID=xcom_dag
AIRFLOW_CTX_TASK_ID=t1
AIRFLOW_CTX_EXECUTION_DATE=2023-12-10T00:00:00+00:00
AIRFLOW_CTX_TRY_NUMBER=1
AIRFLOW_CTX_DAG_RUN_ID=scheduled__2023-12-10T00:00:00+00:00
[2023-12-11T15:18:51.211+0000] {python.py:177} INFO - Done. Returned value was: 42
[2023-12-11T15:18:51.248+0000] {taskinstance.py:1406} INFO - Marking task as SUCCESS. dag_id=xcom_dag, task_id=t1, execution_date=20231210T000000, start_date=20231211T151850, end_date=20231211T151851
[2023-12-11T15:18:51.318+0000] {local_task_job.py:164} INFO - Task exited with return code 0
[2023-12-11T15:18:51.371+0000] {local_task_job.py:273} INFO - 1 downstream tasks scheduled from follow-on schedule check
